Smoke Analysis Run : Fri Feb 11 04:47:36 2022


Reference Designator = R1
Info:
	Smoke test RV will not be done.
	The Maximum Operating Value is not defined.

Reference Designator = R2
Info:
	Smoke test RV will not be done.
	The Maximum Operating Value is not defined.

Reference Designator = R3
Info:
	Smoke test RV will not be done.
	The Maximum Operating Value is not defined.

Reference Designator = Q1
Info:
	Smoke test IB will not be done.
	The Maximum Operating Value is not defined.

Reference Designator = Q1
Info:
	Smoke test SB will not be done.
	The Maximum Operating Value is not defined.

Reference Designator = R4
Info:
	Smoke test RV will not be done.
	The Maximum Operating Value is not defined.

Reference Designator = R5
Info:
	Smoke test RV will not be done.
	The Maximum Operating Value is not defined.

Reference Designator = Q2
Info:
	Smoke test IB will not be done.
	The Maximum Operating Value is not defined.

Reference Designator = Q2
Info:
	Smoke test SB will not be done.
	The Maximum Operating Value is not defined.

Reference Designator = R6
Info:
	Smoke test RV will not be done.
	The Maximum Operating Value is not defined.

Reference Designator = R7
Info:
	Smoke test RV will not be done.
	The Maximum Operating Value is not defined.

Reference Designator = Q3
Info:
	Smoke test IB will not be done.
	The Maximum Operating Value is not defined.

Reference Designator = Q3
Info:
	Smoke test SB will not be done.
	The Maximum Operating Value is not defined.

Reference Designator = R8
Info:
	Smoke test RV will not be done.
	The Maximum Operating Value is not defined.

Reference Designator = R9
Info:
	Smoke test RV will not be done.
	The Maximum Operating Value is not defined.

Reference Designator = Q4
Info:
	Smoke test IB will not be done.
	The Maximum Operating Value is not defined.

Reference Designator = Q4
Info:
	Smoke test SB will not be done.
	The Maximum Operating Value is not defined.

Reference Designator = R10
Info:
	Smoke test RV will not be done.
	The Maximum Operating Value is not defined.

Reference Designator = R11
Info:
	Smoke test RV will not be done.
	The Maximum Operating Value is not defined.

Reference Designator = R12
Info:
	Smoke test RV will not be done.
	The Maximum Operating Value is not defined.

Reference Designator = R15
Info:
	Smoke test RV will not be done.
	The Maximum Operating Value is not defined.

Reference Designator = Q9
Info:
	Smoke test IB will not be done.
	The Maximum Operating Value is not defined.

Reference Designator = Q9
Info:
	Smoke test SB will not be done.
	The Maximum Operating Value is not defined.

Reference Designator = Q10
Info:
	Smoke test IB will not be done.
	The Maximum Operating Value is not defined.

Reference Designator = Q10
Info:
	Smoke test SB will not be done.
	The Maximum Operating Value is not defined.

Reference Designator = Q11
Info:
	Smoke test IB will not be done.
	The Maximum Operating Value is not defined.

Reference Designator = Q11
Info:
	Smoke test SB will not be done.
	The Maximum Operating Value is not defined.

Reference Designator = R20
Info:
	Smoke test RV will not be done.
	The Maximum Operating Value is not defined.

Reference Designator = R21
Info:
	Smoke test RV will not be done.
	The Maximum Operating Value is not defined.

Reference Designator = D4
Warning:
	The default PDM value specified in the
	design property map will be used during smoke check.
	The following information is missing in the design property map:
		RCA
		RJC

Reference Designator = R1
Warning: Deration
INFO(ORPSPAA-7028): TBreak (Tknee)is less than Simulation Temprature. Check the slope[RSMAX] or maximum temperature[RTMAX].

Reference Designator = R1
Info: Deration
	Tbrk Calculated:0.000000

Reference Designator = R1
Warning: Deration
INFO(ORPSPAA-7028): TBreak (Tknee)is less than Simulation Temprature. Check the slope[RSMAX] or maximum temperature[RTMAX].

Reference Designator = R1
Info: Deration
	Tbrk Calculated:0.000000

Reference Designator = R1
Warning: Deration
INFO(ORPSPAA-7028): TBreak (Tknee)is less than Simulation Temprature. Check the slope[RSMAX] or maximum temperature[RTMAX].

Reference Designator = R1
Info: Deration
	Tbrk Calculated:0.000000

Reference Designator = R2
Warning: Deration
INFO(ORPSPAA-7028): TBreak (Tknee)is less than Simulation Temprature. Check the slope[RSMAX] or maximum temperature[RTMAX].

Reference Designator = R2
Info: Deration
	Tbrk Calculated:0.000000

Reference Designator = R2
Warning: Deration
INFO(ORPSPAA-7028): TBreak (Tknee)is less than Simulation Temprature. Check the slope[RSMAX] or maximum temperature[RTMAX].

Reference Designator = R2
Info: Deration
	Tbrk Calculated:0.000000

Reference Designator = R2
Warning: Deration
INFO(ORPSPAA-7028): TBreak (Tknee)is less than Simulation Temprature. Check the slope[RSMAX] or maximum temperature[RTMAX].

Reference Designator = R2
Info: Deration
	Tbrk Calculated:0.000000

Reference Designator = R3
Warning: Deration
INFO(ORPSPAA-7028): TBreak (Tknee)is less than Simulation Temprature. Check the slope[RSMAX] or maximum temperature[RTMAX].

Reference Designator = R3
Info: Deration
	Tbrk Calculated:0.000000

Reference Designator = R3
Warning: Deration
INFO(ORPSPAA-7028): TBreak (Tknee)is less than Simulation Temprature. Check the slope[RSMAX] or maximum temperature[RTMAX].

Reference Designator = R3
Info: Deration
	Tbrk Calculated:0.000000

Reference Designator = R3
Warning: Deration
INFO(ORPSPAA-7028): TBreak (Tknee)is less than Simulation Temprature. Check the slope[RSMAX] or maximum temperature[RTMAX].

Reference Designator = R3
Info: Deration
	Tbrk Calculated:0.000000

Reference Designator = R4
Warning: Deration
INFO(ORPSPAA-7028): TBreak (Tknee)is less than Simulation Temprature. Check the slope[RSMAX] or maximum temperature[RTMAX].

Reference Designator = R4
Info: Deration
	Tbrk Calculated:0.000000

Reference Designator = R4
Warning: Deration
INFO(ORPSPAA-7028): TBreak (Tknee)is less than Simulation Temprature. Check the slope[RSMAX] or maximum temperature[RTMAX].

Reference Designator = R4
Info: Deration
	Tbrk Calculated:0.000000

Reference Designator = R4
Warning: Deration
INFO(ORPSPAA-7028): TBreak (Tknee)is less than Simulation Temprature. Check the slope[RSMAX] or maximum temperature[RTMAX].

Reference Designator = R4
Info: Deration
	Tbrk Calculated:0.000000

Reference Designator = R5
Warning: Deration
INFO(ORPSPAA-7028): TBreak (Tknee)is less than Simulation Temprature. Check the slope[RSMAX] or maximum temperature[RTMAX].

Reference Designator = R5
Info: Deration
	Tbrk Calculated:0.000000

Reference Designator = R5
Warning: Deration
INFO(ORPSPAA-7028): TBreak (Tknee)is less than Simulation Temprature. Check the slope[RSMAX] or maximum temperature[RTMAX].

Reference Designator = R5
Info: Deration
	Tbrk Calculated:0.000000

Reference Designator = R5
Warning: Deration
INFO(ORPSPAA-7028): TBreak (Tknee)is less than Simulation Temprature. Check the slope[RSMAX] or maximum temperature[RTMAX].

Reference Designator = R5
Info: Deration
	Tbrk Calculated:0.000000

Reference Designator = R6
Warning: Deration
INFO(ORPSPAA-7028): TBreak (Tknee)is less than Simulation Temprature. Check the slope[RSMAX] or maximum temperature[RTMAX].

Reference Designator = R6
Info: Deration
	Tbrk Calculated:0.000000

Reference Designator = R6
Warning: Deration
INFO(ORPSPAA-7028): TBreak (Tknee)is less than Simulation Temprature. Check the slope[RSMAX] or maximum temperature[RTMAX].

Reference Designator = R6
Info: Deration
	Tbrk Calculated:0.000000

Reference Designator = R6
Warning: Deration
INFO(ORPSPAA-7028): TBreak (Tknee)is less than Simulation Temprature. Check the slope[RSMAX] or maximum temperature[RTMAX].

Reference Designator = R6
Info: Deration
	Tbrk Calculated:0.000000

Reference Designator = R7
Warning: Deration
INFO(ORPSPAA-7028): TBreak (Tknee)is less than Simulation Temprature. Check the slope[RSMAX] or maximum temperature[RTMAX].

Reference Designator = R7
Info: Deration
	Tbrk Calculated:0.000000

Reference Designator = R7
Warning: Deration
INFO(ORPSPAA-7028): TBreak (Tknee)is less than Simulation Temprature. Check the slope[RSMAX] or maximum temperature[RTMAX].

Reference Designator = R7
Info: Deration
	Tbrk Calculated:0.000000

Reference Designator = R8
Warning: Deration
INFO(ORPSPAA-7028): TBreak (Tknee)is less than Simulation Temprature. Check the slope[RSMAX] or maximum temperature[RTMAX].

Reference Designator = R8
Info: Deration
	Tbrk Calculated:0.000000

Reference Designator = R8
Warning: Deration
INFO(ORPSPAA-7028): TBreak (Tknee)is less than Simulation Temprature. Check the slope[RSMAX] or maximum temperature[RTMAX].

Reference Designator = R8
Info: Deration
	Tbrk Calculated:0.000000

Reference Designator = R8
Warning: Deration
INFO(ORPSPAA-7028): TBreak (Tknee)is less than Simulation Temprature. Check the slope[RSMAX] or maximum temperature[RTMAX].

Reference Designator = R8
Info: Deration
	Tbrk Calculated:0.000000

Reference Designator = R9
Warning: Deration
INFO(ORPSPAA-7028): TBreak (Tknee)is less than Simulation Temprature. Check the slope[RSMAX] or maximum temperature[RTMAX].

Reference Designator = R9
Info: Deration
	Tbrk Calculated:0.000000

Reference Designator = R9
Warning: Deration
INFO(ORPSPAA-7028): TBreak (Tknee)is less than Simulation Temprature. Check the slope[RSMAX] or maximum temperature[RTMAX].

Reference Designator = R9
Info: Deration
	Tbrk Calculated:0.000000

Reference Designator = R9
Warning: Deration
INFO(ORPSPAA-7028): TBreak (Tknee)is less than Simulation Temprature. Check the slope[RSMAX] or maximum temperature[RTMAX].

Reference Designator = R9
Info: Deration
	Tbrk Calculated:0.000000

Reference Designator = R11
Warning: Deration
INFO(ORPSPAA-7028): TBreak (Tknee)is less than Simulation Temprature. Check the slope[RSMAX] or maximum temperature[RTMAX].

Reference Designator = R11
Info: Deration
	Tbrk Calculated:0.000000

Reference Designator = R11
Warning: Deration
INFO(ORPSPAA-7028): TBreak (Tknee)is less than Simulation Temprature. Check the slope[RSMAX] or maximum temperature[RTMAX].

Reference Designator = R11
Info: Deration
	Tbrk Calculated:0.000000

Reference Designator = R11
Warning: Deration
INFO(ORPSPAA-7028): TBreak (Tknee)is less than Simulation Temprature. Check the slope[RSMAX] or maximum temperature[RTMAX].

Reference Designator = R11
Info: Deration
	Tbrk Calculated:0.000000

Reference Designator = R12
Warning: Deration
INFO(ORPSPAA-7028): TBreak (Tknee)is less than Simulation Temprature. Check the slope[RSMAX] or maximum temperature[RTMAX].

Reference Designator = R12
Info: Deration
	Tbrk Calculated:0.000000

Reference Designator = R12
Warning: Deration
INFO(ORPSPAA-7028): TBreak (Tknee)is less than Simulation Temprature. Check the slope[RSMAX] or maximum temperature[RTMAX].

Reference Designator = R12
Info: Deration
	Tbrk Calculated:0.000000

Reference Designator = R12
Warning: Deration
INFO(ORPSPAA-7028): TBreak (Tknee)is less than Simulation Temprature. Check the slope[RSMAX] or maximum temperature[RTMAX].

Reference Designator = R12
Info: Deration
	Tbrk Calculated:0.000000

Reference Designator = R15
Warning: Deration
INFO(ORPSPAA-7028): TBreak (Tknee)is less than Simulation Temprature. Check the slope[RSMAX] or maximum temperature[RTMAX].

Reference Designator = R15
Info: Deration
	Tbrk Calculated:0.000000

Reference Designator = R15
Warning: Deration
INFO(ORPSPAA-7028): TBreak (Tknee)is less than Simulation Temprature. Check the slope[RSMAX] or maximum temperature[RTMAX].

Reference Designator = R15
Info: Deration
	Tbrk Calculated:0.000000

Reference Designator = R15
Warning: Deration
INFO(ORPSPAA-7028): TBreak (Tknee)is less than Simulation Temprature. Check the slope[RSMAX] or maximum temperature[RTMAX].

Reference Designator = R15
Info: Deration
	Tbrk Calculated:0.000000

Reference Designator = R20
Warning: Deration
INFO(ORPSPAA-7028): TBreak (Tknee)is less than Simulation Temprature. Check the slope[RSMAX] or maximum temperature[RTMAX].

Reference Designator = R20
Info: Deration
	Tbrk Calculated:0.000000

Reference Designator = R20
Warning: Deration
INFO(ORPSPAA-7028): TBreak (Tknee)is less than Simulation Temprature. Check the slope[RSMAX] or maximum temperature[RTMAX].

Reference Designator = R20
Info: Deration
	Tbrk Calculated:0.000000

Reference Designator = R20
Warning: Deration
INFO(ORPSPAA-7028): TBreak (Tknee)is less than Simulation Temprature. Check the slope[RSMAX] or maximum temperature[RTMAX].

Reference Designator = R20
Info: Deration
	Tbrk Calculated:0.000000

Reference Designator = R21
Warning: Deration
INFO(ORPSPAA-7028): TBreak (Tknee)is less than Simulation Temprature. Check the slope[RSMAX] or maximum temperature[RTMAX].

Reference Designator = R21
Info: Deration
	Tbrk Calculated:0.000000

Reference Designator = R21
Warning: Deration
INFO(ORPSPAA-7028): TBreak (Tknee)is less than Simulation Temprature. Check the slope[RSMAX] or maximum temperature[RTMAX].

Reference Designator = R21
Info: Deration
	Tbrk Calculated:0.000000

Reference Designator = R21
Warning: Deration
INFO(ORPSPAA-7028): TBreak (Tknee)is less than Simulation Temprature. Check the slope[RSMAX] or maximum temperature[RTMAX].

Reference Designator = R21
Info: Deration
	Tbrk Calculated:0.000000


***** Analysis Summary *****

Reference Designator = R1
	The following parameter(s) had undefined
	Maximum Operating Value(s)
		RV


Reference Designator = R2
	The following parameter(s) had undefined
	Maximum Operating Value(s)
		RV


Reference Designator = D1


Reference Designator = D2


Reference Designator = R3
	The following parameter(s) had undefined
	Maximum Operating Value(s)
		RV


Reference Designator = Q1
	The following parameter(s) had undefined
	Maximum Operating Value(s)
		IB
		SB


Reference Designator = R4
	The following parameter(s) had undefined
	Maximum Operating Value(s)
		RV


Reference Designator = R5
	The following parameter(s) had undefined
	Maximum Operating Value(s)
		RV


Reference Designator = C1


Reference Designator = Q2
	The following parameter(s) had undefined
	Maximum Operating Value(s)
		IB
		SB


Reference Designator = C2


Reference Designator = R6
	The following parameter(s) had undefined
	Maximum Operating Value(s)
		RV


Reference Designator = R7
	The following parameter(s) exceeded the
	Maximum Operating Value(s) specified
		PDM ( PEAK )
	The following parameter(s) had undefined
	Maximum Operating Value(s)
		RV


Reference Designator = Q3
	The following parameter(s) exceeded the
	Maximum Operating Value(s) specified
		PDM ( PEAK )
		VEB ( PEAK  RMS )
	The following parameter(s) had undefined
	Maximum Operating Value(s)
		IB
		SB


Reference Designator = D3


Reference Designator = D4
	The following parameter(s) exceeded the
	Maximum Operating Value(s) specified
		IRMX ( PEAK )


Reference Designator = R8
	The following parameter(s) had undefined
	Maximum Operating Value(s)
		RV


Reference Designator = R9
	The following parameter(s) had undefined
	Maximum Operating Value(s)
		RV


Reference Designator = Q4
	The following parameter(s) exceeded the
	Maximum Operating Value(s) specified
		PDM ( PEAK )
	The following parameter(s) had undefined
	Maximum Operating Value(s)
		IB
		SB


Reference Designator = R10
	The following parameter(s) exceeded the
	Maximum Operating Value(s) specified
		PDM ( PEAK  AVG  RMS )
	The following parameter(s) had undefined
	Maximum Operating Value(s)
		RV


Reference Designator = R11
	The following parameter(s) had undefined
	Maximum Operating Value(s)
		RV


Reference Designator = R12
	The following parameter(s) had undefined
	Maximum Operating Value(s)
		RV


Reference Designator = C3


Reference Designator = R15
	The following parameter(s) had undefined
	Maximum Operating Value(s)
		RV


Reference Designator = Q9
	The following parameter(s) had undefined
	Maximum Operating Value(s)
		IB
		SB


Reference Designator = Q10
	The following parameter(s) had undefined
	Maximum Operating Value(s)
		IB
		SB


Reference Designator = Q11
	The following parameter(s) had undefined
	Maximum Operating Value(s)
		IB
		SB


Reference Designator = R20
	The following parameter(s) had undefined
	Maximum Operating Value(s)
		RV


Reference Designator = R21
	The following parameter(s) had undefined
	Maximum Operating Value(s)
		RV


