Smoke Analysis Run : Sun Oct  3 19:27:52 2021


Reference Designator = R1
Info:
	Smoke test RV will not be done.
	The Maximum Operating Value is not defined.

Reference Designator = R2
Info:
	Smoke test RV will not be done.
	The Maximum Operating Value is not defined.

Reference Designator = R3
Info:
	Smoke test RV will not be done.
	The Maximum Operating Value is not defined.

Reference Designator = R4
Info:
	Smoke test RV will not be done.
	The Maximum Operating Value is not defined.

Reference Designator = R5
Info:
	Smoke test RV will not be done.
	The Maximum Operating Value is not defined.

Reference Designator = R6
Info:
	Smoke test RV will not be done.
	The Maximum Operating Value is not defined.

Reference Designator = R7
Info:
	Smoke test RV will not be done.
	The Maximum Operating Value is not defined.

Reference Designator = Q7
Info:
	Smoke test SB will not be done.
	The Maximum Operating Value is not defined.

Reference Designator = Q8
Info:
	Smoke test SB will not be done.
	The Maximum Operating Value is not defined.

Reference Designator = R8
Info:
	Smoke test RV will not be done.
	The Maximum Operating Value is not defined.

Reference Designator = Q9
Info:
	Smoke test IB will not be done.
	The Maximum Operating Value is not defined.

Reference Designator = Q9
Info:
	Smoke test SB will not be done.
	The Maximum Operating Value is not defined.

Reference Designator = Q11
Info:
	Smoke test IB will not be done.
	The Maximum Operating Value is not defined.

Reference Designator = Q11
Info:
	Smoke test SB will not be done.
	The Maximum Operating Value is not defined.

Reference Designator = R9
Info:
	Smoke test RV will not be done.
	The Maximum Operating Value is not defined.

Reference Designator = R10
Info:
	Smoke test RV will not be done.
	The Maximum Operating Value is not defined.

Reference Designator = R11
Info:
	Smoke test RV will not be done.
	The Maximum Operating Value is not defined.

Reference Designator = R12
Info:
	Smoke test RV will not be done.
	The Maximum Operating Value is not defined.

Reference Designator = R13
Info:
	Smoke test RV will not be done.
	The Maximum Operating Value is not defined.

Reference Designator = R15
Info:
	Smoke test RV will not be done.
	The Maximum Operating Value is not defined.

Reference Designator = R14
Info:
	Smoke test RV will not be done.
	The Maximum Operating Value is not defined.

Reference Designator = R16
Info:
	Smoke test RV will not be done.
	The Maximum Operating Value is not defined.

Reference Designator = R17
Info:
	Smoke test RV will not be done.
	The Maximum Operating Value is not defined.

Reference Designator = R18
Info:
	Smoke test RV will not be done.
	The Maximum Operating Value is not defined.

Reference Designator = R19
Info:
	Smoke test RV will not be done.
	The Maximum Operating Value is not defined.

Reference Designator = Q17
Info:
	Smoke test IB will not be done.
	The Maximum Operating Value is not defined.

Reference Designator = Q17
Info:
	Smoke test SB will not be done.
	The Maximum Operating Value is not defined.

Reference Designator = R20
Info:
	Smoke test RV will not be done.
	The Maximum Operating Value is not defined.

Reference Designator = R21
Info:
	Smoke test RV will not be done.
	The Maximum Operating Value is not defined.

Reference Designator = R22
Info:
	Smoke test RV will not be done.
	The Maximum Operating Value is not defined.

Reference Designator = R23
Info:
	Smoke test RV will not be done.
	The Maximum Operating Value is not defined.

Reference Designator = R24
Info:
	Smoke test RV will not be done.
	The Maximum Operating Value is not defined.

Reference Designator = Q18
Info:
	Smoke test IB will not be done.
	The Maximum Operating Value is not defined.

Reference Designator = Q18
Info:
	Smoke test SB will not be done.
	The Maximum Operating Value is not defined.

Reference Designator = R25
Info:
	Smoke test RV will not be done.
	The Maximum Operating Value is not defined.

Reference Designator = R26
Info:
	Smoke test RV will not be done.
	The Maximum Operating Value is not defined.

Reference Designator = Q19
Info:
	Smoke test SB will not be done.
	The Maximum Operating Value is not defined.

Reference Designator = R27
Info:
	Smoke test RV will not be done.
	The Maximum Operating Value is not defined.

Reference Designator = R28
Info:
	Smoke test RV will not be done.
	The Maximum Operating Value is not defined.

Reference Designator = R29
Info:
	Smoke test RV will not be done.
	The Maximum Operating Value is not defined.

Reference Designator = R31
Info:
	Smoke test RV will not be done.
	The Maximum Operating Value is not defined.

Reference Designator = Q7
Warning:
	The default PDM value specified in the
	design property map will be used during smoke check.
	The following information is missing in the design property map:
		RCA
		RJC

Reference Designator = Q8
Warning:
	The default PDM value specified in the
	design property map will be used during smoke check.
	The following information is missing in the design property map:
		RCA
		RJC

Reference Designator = Q9
Warning:
	The default PDM value specified in the
	design property map will be used during smoke check.
	The following information is missing in the design property map:
		RCA
		RJC

Reference Designator = Q11
Warning:
	The default PDM value specified in the
	design property map will be used during smoke check.
	The following information is missing in the design property map:
		RCA
		RJC

Reference Designator = Q17
Warning:
	The default PDM value specified in the
	design property map will be used during smoke check.
	The following information is missing in the design property map:
		RCA
		RJC

Reference Designator = Q18
Warning:
	The default PDM value specified in the
	design property map will be used during smoke check.
	The following information is missing in the design property map:
		RCA
		RJC

Reference Designator = Q19
Warning:
	The default PDM value specified in the
	design property map will be used during smoke check.
	The following information is missing in the design property map:
		RCA
		RJC

Reference Designator = D1
Warning:
	The default PDM value specified in the
	design property map will be used during smoke check.
	The following information is missing in the design property map:
		RCA
		RJC

Reference Designator = D2
Warning:
	The default PDM value specified in the
	design property map will be used during smoke check.
	The following information is missing in the design property map:
		RCA
		RJC

Reference Designator = Q7
Non-Fatal Error:
	Current data not found for Smoke test IC.
	Please verify Save Data and Data Collection options in the simulation profile.

Reference Designator = Q7
Non-Fatal Error:
	Current data not found for Smoke test IB.
	Please verify Save Data and Data Collection options in the simulation profile.

Reference Designator = Q7
Non-Fatal Error:
	Voltage data not found for Smoke test VCB.
	Please verify Save Data and Data Collection options in the simulation profile.

Reference Designator = Q7
Non-Fatal Error:
	Voltage data not found for Smoke test VCE.
	Please verify Save Data and Data Collection options in the simulation profile.

Reference Designator = Q7
Non-Fatal Error:
	Voltage data not found for Smoke test VEB.
	Please verify Save Data and Data Collection options in the simulation profile.

Reference Designator = Q8
Non-Fatal Error:
	Current data not found for Smoke test IC.
	Please verify Save Data and Data Collection options in the simulation profile.

Reference Designator = Q8
Non-Fatal Error:
	Current data not found for Smoke test IB.
	Please verify Save Data and Data Collection options in the simulation profile.

Reference Designator = Q8
Non-Fatal Error:
	Voltage data not found for Smoke test VCB.
	Please verify Save Data and Data Collection options in the simulation profile.

Reference Designator = Q8
Non-Fatal Error:
	Voltage data not found for Smoke test VCE.
	Please verify Save Data and Data Collection options in the simulation profile.

Reference Designator = Q8
Non-Fatal Error:
	Voltage data not found for Smoke test VEB.
	Please verify Save Data and Data Collection options in the simulation profile.

Reference Designator = Q19
Non-Fatal Error:
	Current data not found for Smoke test IC.
	Please verify Save Data and Data Collection options in the simulation profile.

Reference Designator = Q19
Non-Fatal Error:
	Current data not found for Smoke test IB.
	Please verify Save Data and Data Collection options in the simulation profile.

Reference Designator = Q19
Non-Fatal Error:
	Voltage data not found for Smoke test VCB.
	Please verify Save Data and Data Collection options in the simulation profile.

Reference Designator = Q19
Non-Fatal Error:
	Voltage data not found for Smoke test VCE.
	Please verify Save Data and Data Collection options in the simulation profile.

Reference Designator = Q19
Non-Fatal Error:
	Voltage data not found for Smoke test VEB.
	Please verify Save Data and Data Collection options in the simulation profile.

Reference Designator = R1
Warning: Deration
INFO(ORPSPAA-7028): TBreak (Tknee)is less than Simulation Temprature. Check the slope[RSMAX] or maximum temperature[RTMAX].

Reference Designator = R1
Info: Deration
	Tbrk Calculated:0.000000

Reference Designator = R1
Warning: Deration
INFO(ORPSPAA-7028): TBreak (Tknee)is less than Simulation Temprature. Check the slope[RSMAX] or maximum temperature[RTMAX].

Reference Designator = R1
Info: Deration
	Tbrk Calculated:0.000000

Reference Designator = R1
Warning: Deration
INFO(ORPSPAA-7028): TBreak (Tknee)is less than Simulation Temprature. Check the slope[RSMAX] or maximum temperature[RTMAX].

Reference Designator = R1
Info: Deration
	Tbrk Calculated:0.000000

Reference Designator = R2
Warning: Deration
INFO(ORPSPAA-7028): TBreak (Tknee)is less than Simulation Temprature. Check the slope[RSMAX] or maximum temperature[RTMAX].

Reference Designator = R2
Info: Deration
	Tbrk Calculated:0.000000

Reference Designator = R2
Warning: Deration
INFO(ORPSPAA-7028): TBreak (Tknee)is less than Simulation Temprature. Check the slope[RSMAX] or maximum temperature[RTMAX].

Reference Designator = R2
Info: Deration
	Tbrk Calculated:0.000000

Reference Designator = R2
Warning: Deration
INFO(ORPSPAA-7028): TBreak (Tknee)is less than Simulation Temprature. Check the slope[RSMAX] or maximum temperature[RTMAX].

Reference Designator = R2
Info: Deration
	Tbrk Calculated:0.000000

Reference Designator = R3
Warning: Deration
INFO(ORPSPAA-7028): TBreak (Tknee)is less than Simulation Temprature. Check the slope[RSMAX] or maximum temperature[RTMAX].

Reference Designator = R3
Info: Deration
	Tbrk Calculated:0.000000

Reference Designator = R3
Warning: Deration
INFO(ORPSPAA-7028): TBreak (Tknee)is less than Simulation Temprature. Check the slope[RSMAX] or maximum temperature[RTMAX].

Reference Designator = R3
Info: Deration
	Tbrk Calculated:0.000000

Reference Designator = R3
Warning: Deration
INFO(ORPSPAA-7028): TBreak (Tknee)is less than Simulation Temprature. Check the slope[RSMAX] or maximum temperature[RTMAX].

Reference Designator = R3
Info: Deration
	Tbrk Calculated:0.000000

Reference Designator = R4
Warning: Deration
INFO(ORPSPAA-7028): TBreak (Tknee)is less than Simulation Temprature. Check the slope[RSMAX] or maximum temperature[RTMAX].

Reference Designator = R4
Info: Deration
	Tbrk Calculated:0.000000

Reference Designator = R4
Warning: Deration
INFO(ORPSPAA-7028): TBreak (Tknee)is less than Simulation Temprature. Check the slope[RSMAX] or maximum temperature[RTMAX].

Reference Designator = R4
Info: Deration
	Tbrk Calculated:0.000000

Reference Designator = R4
Warning: Deration
INFO(ORPSPAA-7028): TBreak (Tknee)is less than Simulation Temprature. Check the slope[RSMAX] or maximum temperature[RTMAX].

Reference Designator = R4
Info: Deration
	Tbrk Calculated:0.000000

Reference Designator = R5
Warning: Deration
INFO(ORPSPAA-7028): TBreak (Tknee)is less than Simulation Temprature. Check the slope[RSMAX] or maximum temperature[RTMAX].

Reference Designator = R5
Info: Deration
	Tbrk Calculated:0.000000

Reference Designator = R5
Warning: Deration
INFO(ORPSPAA-7028): TBreak (Tknee)is less than Simulation Temprature. Check the slope[RSMAX] or maximum temperature[RTMAX].

Reference Designator = R5
Info: Deration
	Tbrk Calculated:0.000000

Reference Designator = R5
Warning: Deration
INFO(ORPSPAA-7028): TBreak (Tknee)is less than Simulation Temprature. Check the slope[RSMAX] or maximum temperature[RTMAX].

Reference Designator = R5
Info: Deration
	Tbrk Calculated:0.000000

Reference Designator = R6
Warning: Deration
INFO(ORPSPAA-7028): TBreak (Tknee)is less than Simulation Temprature. Check the slope[RSMAX] or maximum temperature[RTMAX].

Reference Designator = R6
Info: Deration
	Tbrk Calculated:0.000000

Reference Designator = R6
Warning: Deration
INFO(ORPSPAA-7028): TBreak (Tknee)is less than Simulation Temprature. Check the slope[RSMAX] or maximum temperature[RTMAX].

Reference Designator = R6
Info: Deration
	Tbrk Calculated:0.000000

Reference Designator = R6
Warning: Deration
INFO(ORPSPAA-7028): TBreak (Tknee)is less than Simulation Temprature. Check the slope[RSMAX] or maximum temperature[RTMAX].

Reference Designator = R6
Info: Deration
	Tbrk Calculated:0.000000

Reference Designator = R7
Warning: Deration
INFO(ORPSPAA-7028): TBreak (Tknee)is less than Simulation Temprature. Check the slope[RSMAX] or maximum temperature[RTMAX].

Reference Designator = R7
Info: Deration
	Tbrk Calculated:0.000000

Reference Designator = R7
Warning: Deration
INFO(ORPSPAA-7028): TBreak (Tknee)is less than Simulation Temprature. Check the slope[RSMAX] or maximum temperature[RTMAX].

Reference Designator = R7
Info: Deration
	Tbrk Calculated:0.000000

Reference Designator = R7
Warning: Deration
INFO(ORPSPAA-7028): TBreak (Tknee)is less than Simulation Temprature. Check the slope[RSMAX] or maximum temperature[RTMAX].

Reference Designator = R7
Info: Deration
	Tbrk Calculated:0.000000

Reference Designator = R8
Warning: Deration
INFO(ORPSPAA-7028): TBreak (Tknee)is less than Simulation Temprature. Check the slope[RSMAX] or maximum temperature[RTMAX].

Reference Designator = R8
Info: Deration
	Tbrk Calculated:0.000000

Reference Designator = R8
Warning: Deration
INFO(ORPSPAA-7028): TBreak (Tknee)is less than Simulation Temprature. Check the slope[RSMAX] or maximum temperature[RTMAX].

Reference Designator = R8
Info: Deration
	Tbrk Calculated:0.000000

Reference Designator = R8
Warning: Deration
INFO(ORPSPAA-7028): TBreak (Tknee)is less than Simulation Temprature. Check the slope[RSMAX] or maximum temperature[RTMAX].

Reference Designator = R8
Info: Deration
	Tbrk Calculated:0.000000

Reference Designator = R9
Warning: Deration
INFO(ORPSPAA-7028): TBreak (Tknee)is less than Simulation Temprature. Check the slope[RSMAX] or maximum temperature[RTMAX].

Reference Designator = R9
Info: Deration
	Tbrk Calculated:0.000000

Reference Designator = R9
Warning: Deration
INFO(ORPSPAA-7028): TBreak (Tknee)is less than Simulation Temprature. Check the slope[RSMAX] or maximum temperature[RTMAX].

Reference Designator = R9
Info: Deration
	Tbrk Calculated:0.000000

Reference Designator = R9
Warning: Deration
INFO(ORPSPAA-7028): TBreak (Tknee)is less than Simulation Temprature. Check the slope[RSMAX] or maximum temperature[RTMAX].

Reference Designator = R9
Info: Deration
	Tbrk Calculated:0.000000

Reference Designator = R10
Warning: Deration
INFO(ORPSPAA-7028): TBreak (Tknee)is less than Simulation Temprature. Check the slope[RSMAX] or maximum temperature[RTMAX].

Reference Designator = R10
Info: Deration
	Tbrk Calculated:0.000000

Reference Designator = R10
Warning: Deration
INFO(ORPSPAA-7028): TBreak (Tknee)is less than Simulation Temprature. Check the slope[RSMAX] or maximum temperature[RTMAX].

Reference Designator = R10
Info: Deration
	Tbrk Calculated:0.000000

Reference Designator = R10
Warning: Deration
INFO(ORPSPAA-7028): TBreak (Tknee)is less than Simulation Temprature. Check the slope[RSMAX] or maximum temperature[RTMAX].

Reference Designator = R10
Info: Deration
	Tbrk Calculated:0.000000

Reference Designator = R11
Warning: Deration
INFO(ORPSPAA-7028): TBreak (Tknee)is less than Simulation Temprature. Check the slope[RSMAX] or maximum temperature[RTMAX].

Reference Designator = R11
Info: Deration
	Tbrk Calculated:0.000000

Reference Designator = R11
Warning: Deration
INFO(ORPSPAA-7028): TBreak (Tknee)is less than Simulation Temprature. Check the slope[RSMAX] or maximum temperature[RTMAX].

Reference Designator = R11
Info: Deration
	Tbrk Calculated:0.000000

Reference Designator = R11
Warning: Deration
INFO(ORPSPAA-7028): TBreak (Tknee)is less than Simulation Temprature. Check the slope[RSMAX] or maximum temperature[RTMAX].

Reference Designator = R11
Info: Deration
	Tbrk Calculated:0.000000

Reference Designator = R12
Warning: Deration
INFO(ORPSPAA-7028): TBreak (Tknee)is less than Simulation Temprature. Check the slope[RSMAX] or maximum temperature[RTMAX].

Reference Designator = R12
Info: Deration
	Tbrk Calculated:0.000000

Reference Designator = R12
Warning: Deration
INFO(ORPSPAA-7028): TBreak (Tknee)is less than Simulation Temprature. Check the slope[RSMAX] or maximum temperature[RTMAX].

Reference Designator = R12
Info: Deration
	Tbrk Calculated:0.000000

Reference Designator = R13
Warning: Deration
INFO(ORPSPAA-7028): TBreak (Tknee)is less than Simulation Temprature. Check the slope[RSMAX] or maximum temperature[RTMAX].

Reference Designator = R13
Info: Deration
	Tbrk Calculated:0.000000

Reference Designator = R13
Warning: Deration
INFO(ORPSPAA-7028): TBreak (Tknee)is less than Simulation Temprature. Check the slope[RSMAX] or maximum temperature[RTMAX].

Reference Designator = R13
Info: Deration
	Tbrk Calculated:0.000000

Reference Designator = R15
Warning: Deration
INFO(ORPSPAA-7028): TBreak (Tknee)is less than Simulation Temprature. Check the slope[RSMAX] or maximum temperature[RTMAX].

Reference Designator = R15
Info: Deration
	Tbrk Calculated:0.000000

Reference Designator = R15
Warning: Deration
INFO(ORPSPAA-7028): TBreak (Tknee)is less than Simulation Temprature. Check the slope[RSMAX] or maximum temperature[RTMAX].

Reference Designator = R15
Info: Deration
	Tbrk Calculated:0.000000

Reference Designator = R15
Warning: Deration
INFO(ORPSPAA-7028): TBreak (Tknee)is less than Simulation Temprature. Check the slope[RSMAX] or maximum temperature[RTMAX].

Reference Designator = R15
Info: Deration
	Tbrk Calculated:0.000000

Reference Designator = R14
Warning: Deration
INFO(ORPSPAA-7028): TBreak (Tknee)is less than Simulation Temprature. Check the slope[RSMAX] or maximum temperature[RTMAX].

Reference Designator = R14
Info: Deration
	Tbrk Calculated:0.000000

Reference Designator = R14
Warning: Deration
INFO(ORPSPAA-7028): TBreak (Tknee)is less than Simulation Temprature. Check the slope[RSMAX] or maximum temperature[RTMAX].

Reference Designator = R14
Info: Deration
	Tbrk Calculated:0.000000

Reference Designator = R14
Warning: Deration
INFO(ORPSPAA-7028): TBreak (Tknee)is less than Simulation Temprature. Check the slope[RSMAX] or maximum temperature[RTMAX].

Reference Designator = R14
Info: Deration
	Tbrk Calculated:0.000000

Reference Designator = R16
Warning: Deration
INFO(ORPSPAA-7028): TBreak (Tknee)is less than Simulation Temprature. Check the slope[RSMAX] or maximum temperature[RTMAX].

Reference Designator = R16
Info: Deration
	Tbrk Calculated:0.000000

Reference Designator = R16
Warning: Deration
INFO(ORPSPAA-7028): TBreak (Tknee)is less than Simulation Temprature. Check the slope[RSMAX] or maximum temperature[RTMAX].

Reference Designator = R16
Info: Deration
	Tbrk Calculated:0.000000

Reference Designator = R16
Warning: Deration
INFO(ORPSPAA-7028): TBreak (Tknee)is less than Simulation Temprature. Check the slope[RSMAX] or maximum temperature[RTMAX].

Reference Designator = R16
Info: Deration
	Tbrk Calculated:0.000000

Reference Designator = R17
Warning: Deration
INFO(ORPSPAA-7028): TBreak (Tknee)is less than Simulation Temprature. Check the slope[RSMAX] or maximum temperature[RTMAX].

Reference Designator = R17
Info: Deration
	Tbrk Calculated:0.000000

Reference Designator = R17
Warning: Deration
INFO(ORPSPAA-7028): TBreak (Tknee)is less than Simulation Temprature. Check the slope[RSMAX] or maximum temperature[RTMAX].

Reference Designator = R17
Info: Deration
	Tbrk Calculated:0.000000

Reference Designator = R17
Warning: Deration
INFO(ORPSPAA-7028): TBreak (Tknee)is less than Simulation Temprature. Check the slope[RSMAX] or maximum temperature[RTMAX].

Reference Designator = R17
Info: Deration
	Tbrk Calculated:0.000000

Reference Designator = R18
Warning: Deration
INFO(ORPSPAA-7028): TBreak (Tknee)is less than Simulation Temprature. Check the slope[RSMAX] or maximum temperature[RTMAX].

Reference Designator = R18
Info: Deration
	Tbrk Calculated:0.000000

Reference Designator = R18
Warning: Deration
INFO(ORPSPAA-7028): TBreak (Tknee)is less than Simulation Temprature. Check the slope[RSMAX] or maximum temperature[RTMAX].

Reference Designator = R18
Info: Deration
	Tbrk Calculated:0.000000

Reference Designator = R18
Warning: Deration
INFO(ORPSPAA-7028): TBreak (Tknee)is less than Simulation Temprature. Check the slope[RSMAX] or maximum temperature[RTMAX].

Reference Designator = R18
Info: Deration
	Tbrk Calculated:0.000000

Reference Designator = R19
Warning: Deration
INFO(ORPSPAA-7028): TBreak (Tknee)is less than Simulation Temprature. Check the slope[RSMAX] or maximum temperature[RTMAX].

Reference Designator = R19
Info: Deration
	Tbrk Calculated:0.000000

Reference Designator = R19
Warning: Deration
INFO(ORPSPAA-7028): TBreak (Tknee)is less than Simulation Temprature. Check the slope[RSMAX] or maximum temperature[RTMAX].

Reference Designator = R19
Info: Deration
	Tbrk Calculated:0.000000

Reference Designator = R19
Warning: Deration
INFO(ORPSPAA-7028): TBreak (Tknee)is less than Simulation Temprature. Check the slope[RSMAX] or maximum temperature[RTMAX].

Reference Designator = R19
Info: Deration
	Tbrk Calculated:0.000000

Reference Designator = R20
Warning: Deration
INFO(ORPSPAA-7028): TBreak (Tknee)is less than Simulation Temprature. Check the slope[RSMAX] or maximum temperature[RTMAX].

Reference Designator = R20
Info: Deration
	Tbrk Calculated:0.000000

Reference Designator = R20
Warning: Deration
INFO(ORPSPAA-7028): TBreak (Tknee)is less than Simulation Temprature. Check the slope[RSMAX] or maximum temperature[RTMAX].

Reference Designator = R20
Info: Deration
	Tbrk Calculated:0.000000

Reference Designator = R20
Warning: Deration
INFO(ORPSPAA-7028): TBreak (Tknee)is less than Simulation Temprature. Check the slope[RSMAX] or maximum temperature[RTMAX].

Reference Designator = R20
Info: Deration
	Tbrk Calculated:0.000000

Reference Designator = R21
Warning: Deration
INFO(ORPSPAA-7028): TBreak (Tknee)is less than Simulation Temprature. Check the slope[RSMAX] or maximum temperature[RTMAX].

Reference Designator = R21
Info: Deration
	Tbrk Calculated:0.000000

Reference Designator = R21
Warning: Deration
INFO(ORPSPAA-7028): TBreak (Tknee)is less than Simulation Temprature. Check the slope[RSMAX] or maximum temperature[RTMAX].

Reference Designator = R21
Info: Deration
	Tbrk Calculated:0.000000

Reference Designator = R21
Warning: Deration
INFO(ORPSPAA-7028): TBreak (Tknee)is less than Simulation Temprature. Check the slope[RSMAX] or maximum temperature[RTMAX].

Reference Designator = R21
Info: Deration
	Tbrk Calculated:0.000000

Reference Designator = R22
Warning: Deration
INFO(ORPSPAA-7028): TBreak (Tknee)is less than Simulation Temprature. Check the slope[RSMAX] or maximum temperature[RTMAX].

Reference Designator = R22
Info: Deration
	Tbrk Calculated:0.000000

Reference Designator = R22
Warning: Deration
INFO(ORPSPAA-7028): TBreak (Tknee)is less than Simulation Temprature. Check the slope[RSMAX] or maximum temperature[RTMAX].

Reference Designator = R22
Info: Deration
	Tbrk Calculated:0.000000

Reference Designator = R22
Warning: Deration
INFO(ORPSPAA-7028): TBreak (Tknee)is less than Simulation Temprature. Check the slope[RSMAX] or maximum temperature[RTMAX].

Reference Designator = R22
Info: Deration
	Tbrk Calculated:0.000000

Reference Designator = R23
Warning: Deration
INFO(ORPSPAA-7028): TBreak (Tknee)is less than Simulation Temprature. Check the slope[RSMAX] or maximum temperature[RTMAX].

Reference Designator = R23
Info: Deration
	Tbrk Calculated:0.000000

Reference Designator = R23
Warning: Deration
INFO(ORPSPAA-7028): TBreak (Tknee)is less than Simulation Temprature. Check the slope[RSMAX] or maximum temperature[RTMAX].

Reference Designator = R23
Info: Deration
	Tbrk Calculated:0.000000

Reference Designator = R23
Warning: Deration
INFO(ORPSPAA-7028): TBreak (Tknee)is less than Simulation Temprature. Check the slope[RSMAX] or maximum temperature[RTMAX].

Reference Designator = R23
Info: Deration
	Tbrk Calculated:0.000000

Reference Designator = R24
Warning: Deration
INFO(ORPSPAA-7028): TBreak (Tknee)is less than Simulation Temprature. Check the slope[RSMAX] or maximum temperature[RTMAX].

Reference Designator = R24
Info: Deration
	Tbrk Calculated:0.000000

Reference Designator = R24
Warning: Deration
INFO(ORPSPAA-7028): TBreak (Tknee)is less than Simulation Temprature. Check the slope[RSMAX] or maximum temperature[RTMAX].

Reference Designator = R24
Info: Deration
	Tbrk Calculated:0.000000

Reference Designator = R24
Warning: Deration
INFO(ORPSPAA-7028): TBreak (Tknee)is less than Simulation Temprature. Check the slope[RSMAX] or maximum temperature[RTMAX].

Reference Designator = R24
Info: Deration
	Tbrk Calculated:0.000000

Reference Designator = R25
Warning: Deration
INFO(ORPSPAA-7028): TBreak (Tknee)is less than Simulation Temprature. Check the slope[RSMAX] or maximum temperature[RTMAX].

Reference Designator = R25
Info: Deration
	Tbrk Calculated:0.000000

Reference Designator = R25
Warning: Deration
INFO(ORPSPAA-7028): TBreak (Tknee)is less than Simulation Temprature. Check the slope[RSMAX] or maximum temperature[RTMAX].

Reference Designator = R25
Info: Deration
	Tbrk Calculated:0.000000

Reference Designator = R25
Warning: Deration
INFO(ORPSPAA-7028): TBreak (Tknee)is less than Simulation Temprature. Check the slope[RSMAX] or maximum temperature[RTMAX].

Reference Designator = R25
Info: Deration
	Tbrk Calculated:0.000000

Reference Designator = R26
Warning: Deration
INFO(ORPSPAA-7028): TBreak (Tknee)is less than Simulation Temprature. Check the slope[RSMAX] or maximum temperature[RTMAX].

Reference Designator = R26
Info: Deration
	Tbrk Calculated:0.000000

Reference Designator = R26
Warning: Deration
INFO(ORPSPAA-7028): TBreak (Tknee)is less than Simulation Temprature. Check the slope[RSMAX] or maximum temperature[RTMAX].

Reference Designator = R26
Info: Deration
	Tbrk Calculated:0.000000

Reference Designator = R26
Warning: Deration
INFO(ORPSPAA-7028): TBreak (Tknee)is less than Simulation Temprature. Check the slope[RSMAX] or maximum temperature[RTMAX].

Reference Designator = R26
Info: Deration
	Tbrk Calculated:0.000000

Reference Designator = R27
Warning: Deration
INFO(ORPSPAA-7028): TBreak (Tknee)is less than Simulation Temprature. Check the slope[RSMAX] or maximum temperature[RTMAX].

Reference Designator = R27
Info: Deration
	Tbrk Calculated:0.000000

Reference Designator = R27
Warning: Deration
INFO(ORPSPAA-7028): TBreak (Tknee)is less than Simulation Temprature. Check the slope[RSMAX] or maximum temperature[RTMAX].

Reference Designator = R27
Info: Deration
	Tbrk Calculated:0.000000

Reference Designator = R27
Warning: Deration
INFO(ORPSPAA-7028): TBreak (Tknee)is less than Simulation Temprature. Check the slope[RSMAX] or maximum temperature[RTMAX].

Reference Designator = R27
Info: Deration
	Tbrk Calculated:0.000000

Reference Designator = R28
Warning: Deration
INFO(ORPSPAA-7028): TBreak (Tknee)is less than Simulation Temprature. Check the slope[RSMAX] or maximum temperature[RTMAX].

Reference Designator = R28
Info: Deration
	Tbrk Calculated:0.000000

Reference Designator = R28
Warning: Deration
INFO(ORPSPAA-7028): TBreak (Tknee)is less than Simulation Temprature. Check the slope[RSMAX] or maximum temperature[RTMAX].

Reference Designator = R28
Info: Deration
	Tbrk Calculated:0.000000

Reference Designator = R28
Warning: Deration
INFO(ORPSPAA-7028): TBreak (Tknee)is less than Simulation Temprature. Check the slope[RSMAX] or maximum temperature[RTMAX].

Reference Designator = R28
Info: Deration
	Tbrk Calculated:0.000000

Reference Designator = R29
Warning: Deration
INFO(ORPSPAA-7028): TBreak (Tknee)is less than Simulation Temprature. Check the slope[RSMAX] or maximum temperature[RTMAX].

Reference Designator = R29
Info: Deration
	Tbrk Calculated:0.000000

Reference Designator = R29
Warning: Deration
INFO(ORPSPAA-7028): TBreak (Tknee)is less than Simulation Temprature. Check the slope[RSMAX] or maximum temperature[RTMAX].

Reference Designator = R29
Info: Deration
	Tbrk Calculated:0.000000

Reference Designator = R29
Warning: Deration
INFO(ORPSPAA-7028): TBreak (Tknee)is less than Simulation Temprature. Check the slope[RSMAX] or maximum temperature[RTMAX].

Reference Designator = R29
Info: Deration
	Tbrk Calculated:0.000000

Reference Designator = R31
Warning: Deration
INFO(ORPSPAA-7028): TBreak (Tknee)is less than Simulation Temprature. Check the slope[RSMAX] or maximum temperature[RTMAX].

Reference Designator = R31
Info: Deration
	Tbrk Calculated:0.000000

Reference Designator = R31
Warning: Deration
INFO(ORPSPAA-7028): TBreak (Tknee)is less than Simulation Temprature. Check the slope[RSMAX] or maximum temperature[RTMAX].

Reference Designator = R31
Info: Deration
	Tbrk Calculated:0.000000

Reference Designator = R31
Warning: Deration
INFO(ORPSPAA-7028): TBreak (Tknee)is less than Simulation Temprature. Check the slope[RSMAX] or maximum temperature[RTMAX].

Reference Designator = R31
Info: Deration
	Tbrk Calculated:0.000000


***** Analysis Summary *****

Reference Designator = R1
	The following parameter(s) had undefined
	Maximum Operating Value(s)
		RV


Reference Designator = R2
	The following parameter(s) had undefined
	Maximum Operating Value(s)
		RV


Reference Designator = R3
	The following parameter(s) had undefined
	Maximum Operating Value(s)
		RV


Reference Designator = C1


Reference Designator = R4
	The following parameter(s) had undefined
	Maximum Operating Value(s)
		RV


Reference Designator = R5
	The following parameter(s) had undefined
	Maximum Operating Value(s)
		RV


Reference Designator = R6
	The following parameter(s) had undefined
	Maximum Operating Value(s)
		RV


Reference Designator = R7
	The following parameter(s) had undefined
	Maximum Operating Value(s)
		RV


Reference Designator = Q7
	The following parameter(s) had undefined
	Maximum Operating Value(s)
		SB
	The following parameter(s) could not be
	evaluated due to missing data
		IC
		IB
		VCB
		VCE
		VEB

Reference Designator = Q8
	The following parameter(s) exceeded the
	Maximum Operating Value(s) specified
		PDM ( PEAK )
	The following parameter(s) had undefined
	Maximum Operating Value(s)
		SB
	The following parameter(s) could not be
	evaluated due to missing data
		IC
		IB
		VCB
		VCE
		VEB

Reference Designator = R8
	The following parameter(s) had undefined
	Maximum Operating Value(s)
		RV


Reference Designator = Q9
	The following parameter(s) exceeded the
	Maximum Operating Value(s) specified
		IC ( PEAK )
		PDM ( PEAK )
	The following parameter(s) had undefined
	Maximum Operating Value(s)
		IB
		SB


Reference Designator = Q11
	The following parameter(s) had undefined
	Maximum Operating Value(s)
		IB
		SB


Reference Designator = R9
	The following parameter(s) had undefined
	Maximum Operating Value(s)
		RV


Reference Designator = C3


Reference Designator = R10
	The following parameter(s) had undefined
	Maximum Operating Value(s)
		RV


Reference Designator = R11
	The following parameter(s) had undefined
	Maximum Operating Value(s)
		RV


Reference Designator = R12
	The following parameter(s) exceeded the
	Maximum Operating Value(s) specified
		PDM ( PEAK )
	The following parameter(s) had undefined
	Maximum Operating Value(s)
		RV


Reference Designator = R13
	The following parameter(s) exceeded the
	Maximum Operating Value(s) specified
		PDM ( PEAK )
	The following parameter(s) had undefined
	Maximum Operating Value(s)
		RV


Reference Designator = R15
	The following parameter(s) had undefined
	Maximum Operating Value(s)
		RV


Reference Designator = R14
	The following parameter(s) had undefined
	Maximum Operating Value(s)
		RV


Reference Designator = R16
	The following parameter(s) had undefined
	Maximum Operating Value(s)
		RV


Reference Designator = R17
	The following parameter(s) had undefined
	Maximum Operating Value(s)
		RV


Reference Designator = R18
	The following parameter(s) had undefined
	Maximum Operating Value(s)
		RV


Reference Designator = R19
	The following parameter(s) had undefined
	Maximum Operating Value(s)
		RV


Reference Designator = Q17
	The following parameter(s) had undefined
	Maximum Operating Value(s)
		IB
		SB


Reference Designator = R20
	The following parameter(s) had undefined
	Maximum Operating Value(s)
		RV


Reference Designator = R21
	The following parameter(s) had undefined
	Maximum Operating Value(s)
		RV


Reference Designator = R22
	The following parameter(s) had undefined
	Maximum Operating Value(s)
		RV


Reference Designator = R23
	The following parameter(s) had undefined
	Maximum Operating Value(s)
		RV


Reference Designator = R24
	The following parameter(s) had undefined
	Maximum Operating Value(s)
		RV


Reference Designator = Q18
	The following parameter(s) had undefined
	Maximum Operating Value(s)
		IB
		SB


Reference Designator = R25
	The following parameter(s) had undefined
	Maximum Operating Value(s)
		RV


Reference Designator = R26
	The following parameter(s) had undefined
	Maximum Operating Value(s)
		RV


Reference Designator = Q19
	The following parameter(s) had undefined
	Maximum Operating Value(s)
		SB
	The following parameter(s) could not be
	evaluated due to missing data
		IC
		IB
		VCB
		VCE
		VEB

Reference Designator = R27
	The following parameter(s) had undefined
	Maximum Operating Value(s)
		RV


Reference Designator = C8


Reference Designator = C9


Reference Designator = C10


Reference Designator = R28
	The following parameter(s) had undefined
	Maximum Operating Value(s)
		RV


Reference Designator = C11


Reference Designator = R29
	The following parameter(s) had undefined
	Maximum Operating Value(s)
		RV


Reference Designator = C12


Reference Designator = D1


Reference Designator = D2


Reference Designator = R31
	The following parameter(s) had undefined
	Maximum Operating Value(s)
		RV


