Data Structures for Stress Analysis Run : Sat May  7 20:27:17 2022


CMaxStruct --->
devName = C
devType = CAP
topLevelRefDes = C2
refDes = C2
spiceDesig = C
scaldPath = C2
simTemp = 27
simTime = 0.2
        CMaxParam ------>
        keyword = CV
        description = Maximum voltage
        maxOpStatus = 100
        maxOpValue = 50
        maxOpMask = 7
        errorLevel = 0
        peakDeratedMax = 50
        averageDeratedMax = 50
        rmsDeratedMax = 50
        peak = 1.35056
        average = 0.650707
        rms = 0.817369
        peakPercent = 2.70111
        averagePercent = 1.30141
        rmsPercent = 1.63474
        node1Index = -1
        node1 = 1
        node2Index = -1
        node2 = 2
        currentIndex = -1
        lastValue = 0
        CMaxParam ------>
        keyword = CI
        description = Maximum current
        maxOpStatus = 100
        maxOpValue = 1
        maxOpMask = 7
        errorLevel = 0
        peakDeratedMax = 1
        averageDeratedMax = 1
        rmsDeratedMax = 1
        peak = 4.42484e-06
        average = 1.56611e-11
        rms = 3.10794e-06
        peakPercent = 0.000442484
        averagePercent = 1.56611e-09
        rmsPercent = 0.000310794
        node1Index = -1
        node2Index = -1
        currentIndex = 0
        portName = 1
        lastValue = 0
CMaxStruct --->
devName = R
devType = RES
topLevelRefDes = R6
refDes = R6
spiceDesig = R
scaldPath = R6
simTemp = 27
simTime = 0.2
        CMaxParam ------>
        keyword = PDM
        description = Maximum power dissipation
        maxOpStatus = 100
        maxOpValue = 0.25
        maxOpMask = 6
        errorLevel = 0
        peakDeratedMax = 0.198905
        averageDeratedMax = 0.208175
        rmsDeratedMax = 0.206338
        peak = 0.0173449
        average = 0.00807507
        rms = 0.00991214
        peakPercent = 8.72016
        averagePercent = 3.87898
        rmsPercent = 4.80384
        node1Index = -1
        node2Index = -1
        currentIndex = -1
        lastValue = 0
        CMaxParam ------>
        keyword = RV
        description = Maximum voltage
        maxOpStatus = 101
        maxOpValue = 1e+35
        maxOpMask = 7
        errorLevel = 1
        peakDeratedMax = 1e+35
        averageDeratedMax = 1e+35
        rmsDeratedMax = 1e+35
        peak = -1e+100
        average = 0
        rms = 0
        peakPercent = 0
        averagePercent = 0
        rmsPercent = 0
        node1Index = -1
        node1 = 1
        node2Index = -1
        node2 = 2
        currentIndex = -1
        lastValue = 0
        CMaxParam ------>
        keyword = TB
        description = Maximum breakdown temperature
        maxOpStatus = 100
        maxOpValue = 200
        maxOpMask = 3
        errorLevel = 0
        peakDeratedMax = 200
        averageDeratedMax = 200
        rmsDeratedMax = 200
        peak = 40.8759
        average = 33.4601
        rms = 34.9297
        peakPercent = 20.4379
        averagePercent = 16.73
        rmsPercent = 17.4649
        node1Index = -1
        node2Index = -1
        currentIndex = -1
        lastValue = 0
CMaxStruct --->
devName = R
devType = RES
topLevelRefDes = R7
refDes = R7
spiceDesig = R
scaldPath = R7
simTemp = 27
simTime = 0.2
        CMaxParam ------>
        keyword = PDM
        description = Maximum power dissipation
        maxOpStatus = 100
        maxOpValue = 0.25
        maxOpMask = 6
        errorLevel = 0
        peakDeratedMax = 0.215757
        averageDeratedMax = 0.216006
        rmsDeratedMax = 0.215951
        peak = 0.000492742
        average = 0.000244013
        rms = 0.000298855
        peakPercent = 0.228378
        averagePercent = 0.112966
        rmsPercent = 0.13839
        node1Index = -1
        node2Index = -1
        currentIndex = -1
        lastValue = 0
        CMaxParam ------>
        keyword = RV
        description = Maximum voltage
        maxOpStatus = 101
        maxOpValue = 1e+35
        maxOpMask = 7
        errorLevel = 1
        peakDeratedMax = 1e+35
        averageDeratedMax = 1e+35
        rmsDeratedMax = 1e+35
        peak = -1e+100
        average = 0
        rms = 0
        peakPercent = 0
        averagePercent = 0
        rmsPercent = 0
        node1Index = -1
        node1 = 1
        node2Index = -1
        node2 = 2
        currentIndex = -1
        lastValue = 0
        CMaxParam ------>
        keyword = TB
        description = Maximum breakdown temperature
        maxOpStatus = 100
        maxOpValue = 200
        maxOpMask = 3
        errorLevel = 0
        peakDeratedMax = 200
        averageDeratedMax = 200
        rmsDeratedMax = 200
        peak = 27.3942
        average = 27.1952
        rms = 27.2391
        peakPercent = 13.6971
        averagePercent = 13.5976
        rmsPercent = 13.6195
        node1Index = -1
        node2Index = -1
        currentIndex = -1
        lastValue = 0
CMaxStruct --->
devName = C
devType = CAP
topLevelRefDes = C3
refDes = C3
spiceDesig = C
scaldPath = C3
simTemp = 27
simTime = 0.2
        CMaxParam ------>
        keyword = CV
        description = Maximum voltage
        maxOpStatus = 100
        maxOpValue = 50
        maxOpMask = 7
        errorLevel = 0
        peakDeratedMax = 50
        averageDeratedMax = 50
        rmsDeratedMax = 50
        peak = 0.60763
        average = 0.603063
        rms = 0.603066
        peakPercent = 1.21526
        averagePercent = 1.20613
        rmsPercent = 1.20613
        node1Index = -1
        node1 = 1
        node2Index = -1
        node2 = 2
        currentIndex = -1
        lastValue = 0
        CMaxParam ------>
        keyword = CI
        description = Maximum current
        maxOpStatus = 100
        maxOpValue = 1
        maxOpMask = 7
        errorLevel = 0
        peakDeratedMax = 1
        averageDeratedMax = 1
        rmsDeratedMax = 1
        peak = 0.000701956
        average = 6.11891e-07
        rms = 0.000493976
        peakPercent = 0.0701956
        averagePercent = 6.11891e-05
        rmsPercent = 0.0493976
        node1Index = -1
        node2Index = -1
        currentIndex = 0
        portName = 1
        lastValue = 0
CMaxStruct --->
devName = R
devType = RES
topLevelRefDes = R8
refDes = R8
spiceDesig = R
scaldPath = R8
simTemp = 27
simTime = 0.2
        CMaxParam ------>
        keyword = PDM
        description = Maximum power dissipation
        maxOpStatus = 100
        maxOpValue = 0.25
        maxOpMask = 6
        errorLevel = 0
        peakDeratedMax = 0.21562
        averageDeratedMax = 0.21562
        rmsDeratedMax = 0.21562
        peak = 0.000629915
        average = 0.000629897
        rms = 0.000629897
        peakPercent = 0.292141
        averagePercent = 0.292133
        rmsPercent = 0.292133
        node1Index = -1
        node2Index = -1
        currentIndex = -1
        lastValue = 0
        CMaxParam ------>
        keyword = RV
        description = Maximum voltage
        maxOpStatus = 101
        maxOpValue = 1e+35
        maxOpMask = 7
        errorLevel = 1
        peakDeratedMax = 1e+35
        averageDeratedMax = 1e+35
        rmsDeratedMax = 1e+35
        peak = -1e+100
        average = 0
        rms = 0
        peakPercent = 0
        averagePercent = 0
        rmsPercent = 0
        node1Index = -1
        node1 = 1
        node2Index = -1
        node2 = 2
        currentIndex = -1
        lastValue = 0
        CMaxParam ------>
        keyword = TB
        description = Maximum breakdown temperature
        maxOpStatus = 100
        maxOpValue = 200
        maxOpMask = 3
        errorLevel = 0
        peakDeratedMax = 200
        averageDeratedMax = 200
        rmsDeratedMax = 200
        peak = 27.5039
        average = 27.5039
        rms = 27.5039
        peakPercent = 13.752
        averagePercent = 13.752
        rmsPercent = 13.752
        node1Index = -1
        node2Index = -1
        currentIndex = -1
        lastValue = 0
CMaxStruct --->
devName = R
devType = RES
topLevelRefDes = R9
refDes = R9
spiceDesig = R
scaldPath = R9
simTemp = 27
simTime = 0.2
        CMaxParam ------>
        keyword = PDM
        description = Maximum power dissipation
        maxOpStatus = 100
        maxOpValue = 0.25
        maxOpMask = 6
        errorLevel = 0
        peakDeratedMax = 0.119401
        averageDeratedMax = 0.119402
        rmsDeratedMax = 0.119402
        peak = 0.0968494
        average = 0.0968483
        rms = 0.0968483
        peakPercent = 81.113
        averagePercent = 81.1113
        rmsPercent = 81.1113
        node1Index = -1
        node2Index = -1
        currentIndex = -1
        lastValue = 0
        CMaxParam ------>
        keyword = RV
        description = Maximum voltage
        maxOpStatus = 101
        maxOpValue = 1e+35
        maxOpMask = 7
        errorLevel = 1
        peakDeratedMax = 1e+35
        averageDeratedMax = 1e+35
        rmsDeratedMax = 1e+35
        peak = -1e+100
        average = 0
        rms = 0
        peakPercent = 0
        averagePercent = 0
        rmsPercent = 0
        node1Index = -1
        node1 = 1
        node2Index = -1
        node2 = 2
        currentIndex = -1
        lastValue = 0
        CMaxParam ------>
        keyword = TB
        description = Maximum breakdown temperature
        maxOpStatus = 100
        maxOpValue = 200
        maxOpMask = 3
        errorLevel = 0
        peakDeratedMax = 200
        averageDeratedMax = 200
        rmsDeratedMax = 200
        peak = 104.48
        average = 104.479
        rms = 104.479
        peakPercent = 52.2398
        averagePercent = 52.2393
        rmsPercent = 52.2393
        node1Index = -1
        node2Index = -1
        currentIndex = -1
        lastValue = 0
CMaxStruct --->
devName = D1N4002
devType = DIODE
topLevelRefDes = D1
refDes = D1
spiceDesig = X
scaldPath = D1
simTemp = 27
simTime = 0.2
        CMaxParam ------>
        keyword = IF
        description = Max forward current
        maxOpStatus = 100
        maxOpValue = 1
        maxOpMask = 3
        errorLevel = 0
        peakDeratedMax = 1
        averageDeratedMax = 1
        rmsDeratedMax = 1
        peak = 0.0185515
        average = 0.0185515
        rms = 0.0185515
        peakPercent = 1.85515
        averagePercent = 1.85515
        rmsPercent = 1.85515
        node1Index = -1
        node2Index = -1
        currentIndex = -1
        portName = 1
        lastValue = 0
        CMaxParam ------>
        keyword = PDM
        description = Maximum power dissipation
        maxOpStatus = 100
        maxOpValue = 1.48
        maxOpMask = 6
        errorLevel = 0
        peakDeratedMax = 1.48
        averageDeratedMax = 1.48
        rmsDeratedMax = 1.48
        peak = 0.0134184
        average = 0.0134184
        rms = 0.0134184
        peakPercent = 0.906647
        averagePercent = 0.906647
        rmsPercent = 0.906647
        node1Index = -1
        node2Index = -1
        currentIndex = -1
        lastValue = 0
        CMaxParam ------>
        keyword = TJ
        description = Maximum junction temperature
        maxOpStatus = 100
        maxOpValue = 175
        maxOpMask = 3
        errorLevel = 0
        peakDeratedMax = 175
        averageDeratedMax = 175
        rmsDeratedMax = 175
        peak = 28.3418
        average = 28.3418
        rms = 28.3418
        peakPercent = 16.1953
        averagePercent = 16.1953
        rmsPercent = 16.1953
        node1Index = -1
        node2Index = -1
        currentIndex = -1
        lastValue = 0
        CMaxParam ------>
        keyword = VR
        description = Peak reverse voltage
        maxOpStatus = 100
        maxOpValue = 100
        maxOpMask = 4
        errorLevel = 0
        peakDeratedMax = 100
        averageDeratedMax = 100
        rmsDeratedMax = 100
        peak = -0.723303
        average = -0.723303
        rms = 0.723303
        peakPercent = 0
        averagePercent = 0
        rmsPercent = 0.723303
        node1Index = -1
        node1 = 2
        node2Index = -1
        node2 = 1
        currentIndex = -1
        lastValue = 0
CMaxStruct --->
devName = R
devType = RES
topLevelRefDes = R10
refDes = R10
spiceDesig = R
scaldPath = R10
simTemp = 27
simTime = 0.2
        CMaxParam ------>
        keyword = PDM
        description = Maximum power dissipation
        maxOpStatus = 100
        maxOpValue = 0.25
        maxOpMask = 6
        errorLevel = 0
        peakDeratedMax = 0.181834
        averageDeratedMax = 0.181838
        rmsDeratedMax = 0.181838
        peak = 0.0344159
        average = 0.0344121
        rms = 0.0344121
        peakPercent = 18.9271
        averagePercent = 18.9246
        rmsPercent = 18.9246
        node1Index = -1
        node2Index = -1
        currentIndex = -1
        lastValue = 0
        CMaxParam ------>
        keyword = RV
        description = Maximum voltage
        maxOpStatus = 101
        maxOpValue = 1e+35
        maxOpMask = 7
        errorLevel = 1
        peakDeratedMax = 1e+35
        averageDeratedMax = 1e+35
        rmsDeratedMax = 1e+35
        peak = -1e+100
        average = 0
        rms = 0
        peakPercent = 0
        averagePercent = 0
        rmsPercent = 0
        node1Index = -1
        node1 = 1
        node2Index = -1
        node2 = 2
        currentIndex = -1
        lastValue = 0
        CMaxParam ------>
        keyword = TB
        description = Maximum breakdown temperature
        maxOpStatus = 100
        maxOpValue = 200
        maxOpMask = 3
        errorLevel = 0
        peakDeratedMax = 200
        averageDeratedMax = 200
        rmsDeratedMax = 200
        peak = 54.5327
        average = 54.5297
        rms = 54.5297
        peakPercent = 27.2664
        averagePercent = 27.2648
        rmsPercent = 27.2648
        node1Index = -1
        node2Index = -1
        currentIndex = -1
        lastValue = 0
CMaxStruct --->
devName = R
devType = RES
topLevelRefDes = R11
refDes = R11
spiceDesig = R
scaldPath = R11
simTemp = 27
simTime = 0.2
        CMaxParam ------>
        keyword = PDM
        description = Maximum power dissipation
        maxOpStatus = 100
        maxOpValue = 0.25
        maxOpMask = 6
        errorLevel = 0
        peakDeratedMax = 0.210434
        averageDeratedMax = 0.210443
        rmsDeratedMax = 0.210443
        peak = 0.00581585
        average = 0.00580741
        rms = 0.00580741
        peakPercent = 2.76374
        averagePercent = 2.75962
        rmsPercent = 2.75962
        node1Index = -1
        node2Index = -1
        currentIndex = -1
        lastValue = 0
        CMaxParam ------>
        keyword = RV
        description = Maximum voltage
        maxOpStatus = 101
        maxOpValue = 1e+35
        maxOpMask = 7
        errorLevel = 1
        peakDeratedMax = 1e+35
        averageDeratedMax = 1e+35
        rmsDeratedMax = 1e+35
        peak = -1e+100
        average = 0
        rms = 0
        peakPercent = 0
        averagePercent = 0
        rmsPercent = 0
        node1Index = -1
        node1 = 1
        node2Index = -1
        node2 = 2
        currentIndex = -1
        lastValue = 0
        CMaxParam ------>
        keyword = TB
        description = Maximum breakdown temperature
        maxOpStatus = 100
        maxOpValue = 200
        maxOpMask = 3
        errorLevel = 0
        peakDeratedMax = 200
        averageDeratedMax = 200
        rmsDeratedMax = 200
        peak = 31.6527
        average = 31.6459
        rms = 31.6459
        peakPercent = 15.8263
        averagePercent = 15.823
        rmsPercent = 15.823
        node1Index = -1
        node2Index = -1
        currentIndex = -1
        lastValue = 0
CMaxStruct --->
devName = C
devType = CAP
topLevelRefDes = C4
refDes = C4
spiceDesig = C
scaldPath = C4
simTemp = 27
simTime = 0.2
        CMaxParam ------>
        keyword = CV
        description = Maximum voltage
        maxOpStatus = 100
        maxOpValue = 50
        maxOpMask = 7
        errorLevel = 0
        peakDeratedMax = 50
        averageDeratedMax = 50
        rmsDeratedMax = 50
        peak = 1.46042
        average = 1.45309
        rms = 1.4531
        peakPercent = 2.92084
        averagePercent = 2.90618
        rmsPercent = 2.9062
        node1Index = -1
        node1 = 1
        node2Index = -1
        node2 = 2
        currentIndex = -1
        lastValue = 0
        CMaxParam ------>
        keyword = CI
        description = Maximum current
        maxOpStatus = 100
        maxOpValue = 1
        maxOpMask = 7
        errorLevel = 0
        peakDeratedMax = 1
        averageDeratedMax = 1
        rmsDeratedMax = 1
        peak = 1.15365e-05
        average = 8.95115e-10
        rms = 3.44445e-06
        peakPercent = 0.00115365
        averagePercent = 8.95115e-08
        rmsPercent = 0.000344445
        node1Index = -1
        node2Index = -1
        currentIndex = 0
        portName = 1
        lastValue = 0
CMaxStruct --->
devName = R
devType = RES
topLevelRefDes = R13
refDes = R13
spiceDesig = R
scaldPath = R13
simTemp = 27
simTime = 0.2
        CMaxParam ------>
        keyword = PDM
        description = Maximum power dissipation
        maxOpStatus = 100
        maxOpValue = 1
        maxOpMask = 6
        errorLevel = 0
        peakDeratedMax = 0.162606
        averageDeratedMax = 0.162695
        rmsDeratedMax = 0.162695
        peak = 0.702394
        average = 0.702305
        rms = 0.702305
        peakPercent = 431.96
        averagePercent = 431.669
        rmsPercent = 431.669
        node1Index = -1
        node2Index = -1
        currentIndex = -1
        lastValue = 0
        CMaxParam ------>
        keyword = RV
        description = Maximum voltage
        maxOpStatus = 101
        maxOpValue = 1e+35
        maxOpMask = 7
        errorLevel = 1
        peakDeratedMax = 1e+35
        averageDeratedMax = 1e+35
        rmsDeratedMax = 1e+35
        peak = -1e+100
        average = 0
        rms = 0
        peakPercent = 0
        averagePercent = 0
        rmsPercent = 0
        node1Index = -1
        node1 = 1
        node2Index = -1
        node2 = 2
        currentIndex = -1
        lastValue = 0
        CMaxParam ------>
        keyword = TB
        description = Maximum breakdown temperature
        maxOpStatus = 100
        maxOpValue = 200
        maxOpMask = 3
        errorLevel = 0
        peakDeratedMax = 200
        averageDeratedMax = 200
        rmsDeratedMax = 200
        peak = 167.479
        average = 167.461
        rms = 167.461
        peakPercent = 83.7394
        averagePercent = 83.7305
        rmsPercent = 83.7305
        node1Index = -1
        node2Index = -1
        currentIndex = -1
        lastValue = 0
CMaxStruct --->
devName = C
devType = CAP
topLevelRefDes = C5
refDes = C5
spiceDesig = C
scaldPath = C5
simTemp = 27
simTime = 0.2
        CMaxParam ------>
        keyword = CV
        description = Maximum voltage
        maxOpStatus = 100
        maxOpValue = 100
        maxOpMask = 7
        errorLevel = 0
        peakDeratedMax = 100
        averageDeratedMax = 100
        rmsDeratedMax = 100
        peak = 91.8081
        average = 91.8023
        rms = 91.8023
        peakPercent = 91.8081
        averagePercent = 91.8023
        rmsPercent = 91.8023
        node1Index = -1
        node1 = 1
        node2Index = -1
        node2 = 2
        currentIndex = -1
        lastValue = 0
        CMaxParam ------>
        keyword = CI
        description = Maximum current
        maxOpStatus = 100
        maxOpValue = 1
        maxOpMask = 7
        errorLevel = 0
        peakDeratedMax = 1
        averageDeratedMax = 1
        rmsDeratedMax = 1
        peak = 5.58793e-06
        average = 2.25714e-10
        rms = 3.78355e-07
        peakPercent = 0.000558793
        averagePercent = 2.25714e-08
        rmsPercent = 3.78355e-05
        node1Index = -1
        node2Index = -1
        currentIndex = 0
        portName = 1
        lastValue = 0
CMaxStruct --->
devName = R
devType = RES
topLevelRefDes = R16
refDes = R16
spiceDesig = R
scaldPath = R16
simTemp = 27
simTime = 0.2
        CMaxParam ------>
        keyword = PDM
        description = Maximum power dissipation
        maxOpStatus = 100
        maxOpValue = 0.25
        maxOpMask = 6
        errorLevel = 0
        peakDeratedMax = 0.21625
        averageDeratedMax = 0.21625
        rmsDeratedMax = 0.21625
        peak = 7.56609e-08
        average = 9.42277e-09
        rms = 1.48991e-08
        peakPercent = 3.49877e-05
        averagePercent = 4.35735e-06
        rmsPercent = 6.88976e-06
        node1Index = -1
        node2Index = -1
        currentIndex = -1
        lastValue = 0
        CMaxParam ------>
        keyword = RV
        description = Maximum voltage
        maxOpStatus = 101
        maxOpValue = 1e+35
        maxOpMask = 7
        errorLevel = 1
        peakDeratedMax = 1e+35
        averageDeratedMax = 1e+35
        rmsDeratedMax = 1e+35
        peak = -1e+100
        average = 0
        rms = 0
        peakPercent = 0
        averagePercent = 0
        rmsPercent = 0
        node1Index = -1
        node1 = 1
        node2Index = -1
        node2 = 2
        currentIndex = -1
        lastValue = 0
        CMaxParam ------>
        keyword = TB
        description = Maximum breakdown temperature
        maxOpStatus = 100
        maxOpValue = 200
        maxOpMask = 3
        errorLevel = 0
        peakDeratedMax = 200
        averageDeratedMax = 200
        rmsDeratedMax = 200
        peak = 27.0001
        average = 27
        rms = 27
        peakPercent = 13.5
        averagePercent = 13.5
        rmsPercent = 13.5
        node1Index = -1
        node2Index = -1
        currentIndex = -1
        lastValue = 0
CMaxStruct --->
devName = R
devType = RES
topLevelRefDes = R21
refDes = R21
spiceDesig = R
scaldPath = R21
simTemp = 27
simTime = 0.2
        CMaxParam ------>
        keyword = PDM
        description = Maximum power dissipation
        maxOpStatus = 100
        maxOpValue = 0.25
        maxOpMask = 6
        errorLevel = 0
        peakDeratedMax = 0.21625
        averageDeratedMax = 0.21625
        rmsDeratedMax = 0.21625
        peak = 1.0619e-07
        average = 2.59625e-08
        rms = 3.45001e-08
        peakPercent = 4.91054e-05
        averagePercent = 1.20058e-05
        rmsPercent = 1.59538e-05
        node1Index = -1
        node2Index = -1
        currentIndex = -1
        lastValue = 0
        CMaxParam ------>
        keyword = RV
        description = Maximum voltage
        maxOpStatus = 101
        maxOpValue = 1e+35
        maxOpMask = 7
        errorLevel = 1
        peakDeratedMax = 1e+35
        averageDeratedMax = 1e+35
        rmsDeratedMax = 1e+35
        peak = -1e+100
        average = 0
        rms = 0
        peakPercent = 0
        averagePercent = 0
        rmsPercent = 0
        node1Index = -1
        node1 = 1
        node2Index = -1
        node2 = 2
        currentIndex = -1
        lastValue = 0
        CMaxParam ------>
        keyword = TB
        description = Maximum breakdown temperature
        maxOpStatus = 100
        maxOpValue = 200
        maxOpMask = 3
        errorLevel = 0
        peakDeratedMax = 200
        averageDeratedMax = 200
        rmsDeratedMax = 200
        peak = 27.0001
        average = 27
        rms = 27
        peakPercent = 13.5
        averagePercent = 13.5
        rmsPercent = 13.5
        node1Index = -1
        node2Index = -1
        currentIndex = -1
        lastValue = 0
CMaxStruct --->
devName = BZX84C12V/PLP
devType = DIODE
topLevelRefDes = D2
refDes = D2
spiceDesig = X
scaldPath = D2
simTemp = 27
simTime = 0.2
        CMaxParam ------>
        keyword = IF
        description = Max Forward Current
        maxOpStatus = 101
        maxOpValue = 1e+35
        maxOpMask = 3
        errorLevel = 1
        peakDeratedMax = 1e+35
        averageDeratedMax = 1e+35
        rmsDeratedMax = 1e+35
        peak = -1e+100
        average = 0
        rms = 0
        peakPercent = 0
        averagePercent = 0
        rmsPercent = 0
        node1Index = -1
        node2Index = -1
        currentIndex = -1
        portName = 1
        lastValue = 0
        CMaxParam ------>
        keyword = IRMX
        description = Max Reverse Current
        maxOpStatus = 100
        maxOpValue = 0.01984
        maxOpMask = 1
        errorLevel = 0
        peakDeratedMax = 0.01984
        averageDeratedMax = 0.01984
        rmsDeratedMax = 0.01984
        peak = 8.83575e-07
        average = 5.72952e-10
        rms = 4.3548e-08
        peakPercent = 0.0044535
        averagePercent = 2.88786e-06
        rmsPercent = 0.000219496
        node1Index = -1
        node2Index = -1
        currentIndex = -1
        portName = 1
        lastValue = 0
        CMaxParam ------>
        keyword = PDM
        description = Maximum power dissipation
        maxOpStatus = 100
        maxOpValue = 0.25
        maxOpMask = 6
        errorLevel = 2
        peakDeratedMax = 0.25
        averageDeratedMax = 0.25
        rmsDeratedMax = 0.25
        peak = 1.35126e-06
        average = 1.39365e-09
        rms = 1.61938e-07
        peakPercent = 0.000540504
        averagePercent = 5.5746e-07
        rmsPercent = 6.47752e-05
        node1Index = -1
        node2Index = -1
        currentIndex = -1
        lastValue = 0
        CMaxParam ------>
        keyword = TJ
        description = Maximum junction temperature
        maxOpStatus = 100
        maxOpValue = 150
        maxOpMask = 3
        errorLevel = 0
        peakDeratedMax = 150
        averageDeratedMax = 150
        rmsDeratedMax = 150
        peak = 27
        average = 27
        rms = 27
        peakPercent = 18
        averagePercent = 18
        rmsPercent = 18
        node1Index = -1
        node2Index = -1
        currentIndex = -1
        lastValue = 0
CMaxStruct --->
devName = D1N914
devType = DIODE
topLevelRefDes = D3
refDes = D3
spiceDesig = X
scaldPath = D3
simTemp = 27
simTime = 0.2
        CMaxParam ------>
        keyword = IF
        description = Max forward current
        maxOpStatus = 100
        maxOpValue = 0.2
        maxOpMask = 3
        errorLevel = 0
        peakDeratedMax = 0.2
        averageDeratedMax = 0.2
        rmsDeratedMax = 0.2
        peak = 8.83594e-07
        average = 5.72982e-10
        rms = 4.35482e-08
        peakPercent = 0.000441797
        averagePercent = 2.86491e-07
        rmsPercent = 2.17741e-05
        node1Index = -1
        node2Index = -1
        currentIndex = -1
        portName = 1
        lastValue = 0
        CMaxParam ------>
        keyword = PDM
        description = Maximum power dissipation
        maxOpStatus = 100
        maxOpValue = 0.5
        maxOpMask = 6
        errorLevel = 2
        peakDeratedMax = 0.5
        averageDeratedMax = 0.5
        rmsDeratedMax = 0.5
        peak = 4.31044e-07
        average = 1.03045e-09
        rms = 1.38486e-07
        peakPercent = 8.62088e-05
        averagePercent = 2.06089e-07
        rmsPercent = 2.76972e-05
        node1Index = -1
        node2Index = -1
        currentIndex = -1
        lastValue = 0
        CMaxParam ------>
        keyword = TJ
        description = Maximum junction temperature
        maxOpStatus = 100
        maxOpValue = 175
        maxOpMask = 3
        errorLevel = 0
        peakDeratedMax = 175
        averageDeratedMax = 175
        rmsDeratedMax = 175
        peak = 27
        average = 27
        rms = 27
        peakPercent = 15.4286
        averagePercent = 15.4286
        rmsPercent = 15.4286
        node1Index = -1
        node2Index = -1
        currentIndex = -1
        lastValue = 0
        CMaxParam ------>
        keyword = VR
        description = Peak reverse voltage
        maxOpStatus = 100
        maxOpValue = 75
        maxOpMask = 4
        errorLevel = 0
        peakDeratedMax = 75
        averageDeratedMax = 75
        rmsDeratedMax = 75
        peak = 7.22637
        average = 3.401
        rms = 4.31012
        peakPercent = 9.63516
        averagePercent = 4.53466
        rmsPercent = 5.74683
        node1Index = -1
        node1 = 2
        node2Index = -1
        node2 = 1
        currentIndex = -1
        lastValue = 0
CMaxStruct --->
devName = BZX84C12V/PLP
devType = DIODE
topLevelRefDes = D5
refDes = D5
spiceDesig = X
scaldPath = D5
simTemp = 27
simTime = 0.2
        CMaxParam ------>
        keyword = IF
        description = Max Forward Current
        maxOpStatus = 101
        maxOpValue = 1e+35
        maxOpMask = 3
        errorLevel = 1
        peakDeratedMax = 1e+35
        averageDeratedMax = 1e+35
        rmsDeratedMax = 1e+35
        peak = -1e+100
        average = 0
        rms = 0
        peakPercent = 0
        averagePercent = 0
        rmsPercent = 0
        node1Index = -1
        node2Index = -1
        currentIndex = -1
        portName = 1
        lastValue = 0
        CMaxParam ------>
        keyword = IRMX
        description = Max Reverse Current
        maxOpStatus = 100
        maxOpValue = 0.01984
        maxOpMask = 1
        errorLevel = 0
        peakDeratedMax = 0.01984
        averageDeratedMax = 0.01984
        rmsDeratedMax = 0.01984
        peak = 1.04928e-06
        average = 6.26337e-10
        rms = 4.46245e-08
        peakPercent = 0.00528873
        averagePercent = 3.15694e-06
        rmsPercent = 0.000224922
        node1Index = -1
        node2Index = -1
        currentIndex = -1
        portName = 1
        lastValue = 0
        CMaxParam ------>
        keyword = PDM
        description = Maximum power dissipation
        maxOpStatus = 100
        maxOpValue = 0.25
        maxOpMask = 6
        errorLevel = 2
        peakDeratedMax = 0.25
        averageDeratedMax = 0.25
        rmsDeratedMax = 0.25
        peak = 1.68545e-06
        average = 1.74134e-09
        rms = 1.89673e-07
        peakPercent = 0.00067418
        averagePercent = 6.96535e-07
        rmsPercent = 7.58694e-05
        node1Index = -1
        node2Index = -1
        currentIndex = -1
        lastValue = 0
        CMaxParam ------>
        keyword = TJ
        description = Maximum junction temperature
        maxOpStatus = 100
        maxOpValue = 150
        maxOpMask = 3
        errorLevel = 0
        peakDeratedMax = 150
        averageDeratedMax = 150
        rmsDeratedMax = 150
        peak = 27
        average = 27
        rms = 27
        peakPercent = 18
        averagePercent = 18
        rmsPercent = 18
        node1Index = -1
        node2Index = -1
        currentIndex = -1
        lastValue = 0
CMaxStruct --->
devName = D1N914
devType = DIODE
topLevelRefDes = D4
refDes = D4
spiceDesig = X
scaldPath = D4
simTemp = 27
simTime = 0.2
        CMaxParam ------>
        keyword = IF
        description = Max forward current
        maxOpStatus = 100
        maxOpValue = 0.2
        maxOpMask = 3
        errorLevel = 0
        peakDeratedMax = 0.2
        averageDeratedMax = 0.2
        rmsDeratedMax = 0.2
        peak = 1.04936e-06
        average = 6.26321e-10
        rms = 4.46248e-08
        peakPercent = 0.00052468
        averagePercent = 3.1316e-07
        rmsPercent = 2.23124e-05
        node1Index = -1
        node2Index = -1
        currentIndex = -1
        portName = 1
        lastValue = 0
        CMaxParam ------>
        keyword = PDM
        description = Maximum power dissipation
        maxOpStatus = 100
        maxOpValue = 0.5
        maxOpMask = 6
        errorLevel = 2
        peakDeratedMax = 0.5
        averageDeratedMax = 0.5
        rmsDeratedMax = 0.5
        peak = 5.21813e-07
        average = 1.1034e-09
        rms = 1.35262e-07
        peakPercent = 0.000104363
        averagePercent = 2.2068e-07
        rmsPercent = 2.70525e-05
        node1Index = -1
        node2Index = -1
        currentIndex = -1
        lastValue = 0
        CMaxParam ------>
        keyword = TJ
        description = Maximum junction temperature
        maxOpStatus = 100
        maxOpValue = 175
        maxOpMask = 3
        errorLevel = 0
        peakDeratedMax = 175
        averageDeratedMax = 175
        rmsDeratedMax = 175
        peak = 27
        average = 27
        rms = 27
        peakPercent = 15.4286
        averagePercent = 15.4286
        rmsPercent = 15.4286
        node1Index = -1
        node2Index = -1
        currentIndex = -1
        lastValue = 0
        CMaxParam ------>
        keyword = VR
        description = Peak reverse voltage
        maxOpStatus = 100
        maxOpValue = 75
        maxOpMask = 4
        errorLevel = 0
        peakDeratedMax = 75
        averageDeratedMax = 75
        rmsDeratedMax = 75
        peak = 7.20898
        average = 3.51754
        rms = 4.39873
        peakPercent = 9.61197
        averagePercent = 4.69006
        rmsPercent = 5.86497
        node1Index = -1
        node1 = 2
        node2Index = -1
        node2 = 1
        currentIndex = -1
        lastValue = 0
CMaxStruct --->
devName = R
devType = RES
topLevelRefDes = R22
refDes = R22
spiceDesig = R
scaldPath = R22
simTemp = 27
simTime = 0.2
        CMaxParam ------>
        keyword = PDM
        description = Maximum power dissipation
        maxOpStatus = 100
        maxOpValue = 0.25
        maxOpMask = 6
        errorLevel = 0
        peakDeratedMax = 0.192054
        averageDeratedMax = 0.192195
        rmsDeratedMax = 0.192195
        peak = 0.0241963
        average = 0.0240552
        rms = 0.0240554
        peakPercent = 12.5987
        averagePercent = 12.5161
        rmsPercent = 12.5162
        node1Index = -1
        node2Index = -1
        currentIndex = -1
        lastValue = 0
        CMaxParam ------>
        keyword = RV
        description = Maximum voltage
        maxOpStatus = 101
        maxOpValue = 1e+35
        maxOpMask = 7
        errorLevel = 1
        peakDeratedMax = 1e+35
        averageDeratedMax = 1e+35
        rmsDeratedMax = 1e+35
        peak = -1e+100
        average = 0
        rms = 0
        peakPercent = 0
        averagePercent = 0
        rmsPercent = 0
        node1Index = -1
        node1 = 1
        node2Index = -1
        node2 = 2
        currentIndex = -1
        lastValue = 0
        CMaxParam ------>
        keyword = TB
        description = Maximum breakdown temperature
        maxOpStatus = 100
        maxOpValue = 200
        maxOpMask = 3
        errorLevel = 0
        peakDeratedMax = 200
        averageDeratedMax = 200
        rmsDeratedMax = 200
        peak = 46.3571
        average = 46.2442
        rms = 46.2444
        peakPercent = 23.1785
        averagePercent = 23.1221
        rmsPercent = 23.1222
        node1Index = -1
        node2Index = -1
        currentIndex = -1
        lastValue = 0
CMaxStruct --->
devName = R
devType = RES
topLevelRefDes = R23
refDes = R23
spiceDesig = R
scaldPath = R23
simTemp = 27
simTime = 0.2
        CMaxParam ------>
        keyword = PDM
        description = Maximum power dissipation
        maxOpStatus = 100
        maxOpValue = 0.25
        maxOpMask = 6
        errorLevel = 0
        peakDeratedMax = 0.215153
        averageDeratedMax = 0.215158
        rmsDeratedMax = 0.215158
        peak = 0.00109655
        average = 0.00109199
        rms = 0.001092
        peakPercent = 0.509657
        averagePercent = 0.507531
        rmsPercent = 0.507533
        node1Index = -1
        node2Index = -1
        currentIndex = -1
        lastValue = 0
        CMaxParam ------>
        keyword = RV
        description = Maximum voltage
        maxOpStatus = 101
        maxOpValue = 1e+35
        maxOpMask = 7
        errorLevel = 1
        peakDeratedMax = 1e+35
        averageDeratedMax = 1e+35
        rmsDeratedMax = 1e+35
        peak = -1e+100
        average = 0
        rms = 0
        peakPercent = 0
        averagePercent = 0
        rmsPercent = 0
        node1Index = -1
        node1 = 1
        node2Index = -1
        node2 = 2
        currentIndex = -1
        lastValue = 0
        CMaxParam ------>
        keyword = TB
        description = Maximum breakdown temperature
        maxOpStatus = 100
        maxOpValue = 200
        maxOpMask = 3
        errorLevel = 0
        peakDeratedMax = 200
        averageDeratedMax = 200
        rmsDeratedMax = 200
        peak = 27.8772
        average = 27.8736
        rms = 27.8736
        peakPercent = 13.9386
        averagePercent = 13.9368
        rmsPercent = 13.9368
        node1Index = -1
        node2Index = -1
        currentIndex = -1
        lastValue = 0
CMaxStruct --->
devName = R
devType = RES
topLevelRefDes = R24
refDes = R24
spiceDesig = R
scaldPath = R24
simTemp = 27
simTime = 0.2
        CMaxParam ------>
        keyword = PDM
        description = Maximum power dissipation
        maxOpStatus = 100
        maxOpValue = 0.25
        maxOpMask = 6
        errorLevel = 0
        peakDeratedMax = 0.215149
        averageDeratedMax = 0.215153
        rmsDeratedMax = 0.215153
        peak = 0.00110128
        average = 0.00109694
        rms = 0.00109694
        peakPercent = 0.511869
        averagePercent = 0.509841
        rmsPercent = 0.509843
        node1Index = -1
        node2Index = -1
        currentIndex = -1
        lastValue = 0
        CMaxParam ------>
        keyword = RV
        description = Maximum voltage
        maxOpStatus = 101
        maxOpValue = 1e+35
        maxOpMask = 7
        errorLevel = 1
        peakDeratedMax = 1e+35
        averageDeratedMax = 1e+35
        rmsDeratedMax = 1e+35
        peak = -1e+100
        average = 0
        rms = 0
        peakPercent = 0
        averagePercent = 0
        rmsPercent = 0
        node1Index = -1
        node1 = 1
        node2Index = -1
        node2 = 2
        currentIndex = -1
        lastValue = 0
        CMaxParam ------>
        keyword = TB
        description = Maximum breakdown temperature
        maxOpStatus = 100
        maxOpValue = 200
        maxOpMask = 3
        errorLevel = 0
        peakDeratedMax = 200
        averageDeratedMax = 200
        rmsDeratedMax = 200
        peak = 27.881
        average = 27.8776
        rms = 27.8776
        peakPercent = 13.9405
        averagePercent = 13.9388
        rmsPercent = 13.9388
        node1Index = -1
        node2Index = -1
        currentIndex = -1
        lastValue = 0
CMaxStruct --->
devName = C
devType = CAP
topLevelRefDes = C10
refDes = C10
spiceDesig = C
scaldPath = C10
simTemp = 27
simTime = 0.2
        CMaxParam ------>
        keyword = CV
        description = Maximum voltage
        maxOpStatus = 100
        maxOpValue = 50
        maxOpMask = 7
        errorLevel = 0
        peakDeratedMax = 50
        averageDeratedMax = 50
        rmsDeratedMax = 50
        peak = 24.0212
        average = 0.171192
        rms = 16.8006
        peakPercent = 48.0423
        averagePercent = 0.342383
        rmsPercent = 33.6013
        node1Index = -1
        node1 = 1
        node2Index = -1
        node2 = 2
        currentIndex = -1
        lastValue = 0
        CMaxParam ------>
        keyword = CI
        description = Maximum current
        maxOpStatus = 100
        maxOpValue = 1
        maxOpMask = 7
        errorLevel = 0
        peakDeratedMax = 1
        averageDeratedMax = 1
        rmsDeratedMax = 1
        peak = 0.0035049
        average = 1.56482e-08
        rms = 0.00232216
        peakPercent = 0.35049
        averagePercent = 1.56482e-06
        rmsPercent = 0.232216
        node1Index = -1
        node2Index = -1
        currentIndex = 0
        portName = 1
        lastValue = 0
CMaxStruct --->
devName = R
devType = RES
topLevelRefDes = R25
refDes = R25
spiceDesig = R
scaldPath = R25
simTemp = 27
simTime = 0.2
        CMaxParam ------>
        keyword = PDM
        description = Maximum power dissipation
        maxOpStatus = 100
        maxOpValue = 0.25
        maxOpMask = 6
        errorLevel = 0
        peakDeratedMax = 0.216166
        averageDeratedMax = 0.216213
        rmsDeratedMax = 0.216205
        peak = 8.35332e-05
        average = 3.66685e-05
        rms = 4.49138e-05
        peakPercent = 0.038643
        averagePercent = 0.0169594
        rmsPercent = 0.0207737
        node1Index = -1
        node2Index = -1
        currentIndex = -1
        lastValue = 0
        CMaxParam ------>
        keyword = RV
        description = Maximum voltage
        maxOpStatus = 101
        maxOpValue = 1e+35
        maxOpMask = 7
        errorLevel = 1
        peakDeratedMax = 1e+35
        averageDeratedMax = 1e+35
        rmsDeratedMax = 1e+35
        peak = -1e+100
        average = 0
        rms = 0
        peakPercent = 0
        averagePercent = 0
        rmsPercent = 0
        node1Index = -1
        node1 = 1
        node2Index = -1
        node2 = 2
        currentIndex = -1
        lastValue = 0
        CMaxParam ------>
        keyword = TB
        description = Maximum breakdown temperature
        maxOpStatus = 100
        maxOpValue = 200
        maxOpMask = 3
        errorLevel = 0
        peakDeratedMax = 200
        averageDeratedMax = 200
        rmsDeratedMax = 200
        peak = 27.0668
        average = 27.0293
        rms = 27.0359
        peakPercent = 13.5334
        averagePercent = 13.5147
        rmsPercent = 13.518
        node1Index = -1
        node2Index = -1
        currentIndex = -1
        lastValue = 0
CMaxStruct --->
devName = C
devType = CAP
topLevelRefDes = C11
refDes = C11
spiceDesig = C
scaldPath = C11
simTemp = 27
simTime = 0.2
        CMaxParam ------>
        keyword = CV
        description = Maximum voltage
        maxOpStatus = 100
        maxOpValue = 50
        maxOpMask = 7
        errorLevel = 0
        peakDeratedMax = 50
        averageDeratedMax = 50
        rmsDeratedMax = 50
        peak = 47.4217
        average = 47.4216
        rms = 47.4216
        peakPercent = 94.8434
        averagePercent = 94.8433
        rmsPercent = 94.8433
        node1Index = -1
        node1 = 1
        node2Index = -1
        node2 = 2
        currentIndex = -1
        lastValue = 0
        CMaxParam ------>
        keyword = CI
        description = Maximum current
        maxOpStatus = 100
        maxOpValue = 1
        maxOpMask = 7
        errorLevel = 0
        peakDeratedMax = 1
        averageDeratedMax = 1
        rmsDeratedMax = 1
        peak = 4.00765e-05
        average = 2.33914e-08
        rms = 2.72034e-05
        peakPercent = 0.00400765
        averagePercent = 2.33914e-06
        rmsPercent = 0.00272034
        node1Index = -1
        node2Index = -1
        currentIndex = 0
        portName = 1
        lastValue = 0
CMaxStruct --->
devName = D1N4002
devType = DIODE
topLevelRefDes = D6
refDes = D6
spiceDesig = X
scaldPath = D6
simTemp = 27
simTime = 0.2
        CMaxParam ------>
        keyword = IF
        description = Max forward current
        maxOpStatus = 100
        maxOpValue = 1
        maxOpMask = 3
        errorLevel = 0
        peakDeratedMax = 1
        averageDeratedMax = 1
        rmsDeratedMax = 1
        peak = 0.0180254
        average = 0.0180254
        rms = 0.0180254
        peakPercent = 1.80254
        averagePercent = 1.80254
        rmsPercent = 1.80254
        node1Index = -1
        node2Index = -1
        currentIndex = -1
        portName = 1
        lastValue = 0
        CMaxParam ------>
        keyword = PDM
        description = Maximum power dissipation
        maxOpStatus = 100
        maxOpValue = 1.48
        maxOpMask = 6
        errorLevel = 0
        peakDeratedMax = 1.48
        averageDeratedMax = 1.48
        rmsDeratedMax = 1.48
        peak = 0.0130109
        average = 0.0130109
        rms = 0.0130109
        peakPercent = 0.879114
        averagePercent = 0.879113
        rmsPercent = 0.879113
        node1Index = -1
        node2Index = -1
        currentIndex = -1
        lastValue = 0
        CMaxParam ------>
        keyword = TJ
        description = Maximum junction temperature
        maxOpStatus = 100
        maxOpValue = 175
        maxOpMask = 3
        errorLevel = 0
        peakDeratedMax = 175
        averageDeratedMax = 175
        rmsDeratedMax = 175
        peak = 28.3011
        average = 28.3011
        rms = 28.3011
        peakPercent = 16.1721
        averagePercent = 16.1721
        rmsPercent = 16.1721
        node1Index = -1
        node2Index = -1
        currentIndex = -1
        lastValue = 0
        CMaxParam ------>
        keyword = VR
        description = Peak reverse voltage
        maxOpStatus = 100
        maxOpValue = 100
        maxOpMask = 4
        errorLevel = 0
        peakDeratedMax = 100
        averageDeratedMax = 100
        rmsDeratedMax = 100
        peak = -0.721809
        average = -0.721809
        rms = 0.721809
        peakPercent = 0
        averagePercent = 0
        rmsPercent = 0.721809
        node1Index = -1
        node1 = 2
        node2Index = -1
        node2 = 1
        currentIndex = -1
        lastValue = 0
CMaxStruct --->
devName = R
devType = RES
topLevelRefDes = R26
refDes = R26
spiceDesig = R
scaldPath = R26
simTemp = 27
simTime = 0.2
        CMaxParam ------>
        keyword = PDM
        description = Maximum power dissipation
        maxOpStatus = 100
        maxOpValue = 0.25
        maxOpMask = 6
        errorLevel = 0
        peakDeratedMax = 0.183758
        averageDeratedMax = 0.183762
        rmsDeratedMax = 0.183762
        peak = 0.0324918
        average = 0.0324877
        rms = 0.0324877
        peakPercent = 17.6818
        averagePercent = 17.6792
        rmsPercent = 17.6792
        node1Index = -1
        node2Index = -1
        currentIndex = -1
        lastValue = 0
        CMaxParam ------>
        keyword = RV
        description = Maximum voltage
        maxOpStatus = 101
        maxOpValue = 1e+35
        maxOpMask = 7
        errorLevel = 1
        peakDeratedMax = 1e+35
        averageDeratedMax = 1e+35
        rmsDeratedMax = 1e+35
        peak = -1e+100
        average = 0
        rms = 0
        peakPercent = 0
        averagePercent = 0
        rmsPercent = 0
        node1Index = -1
        node1 = 1
        node2Index = -1
        node2 = 2
        currentIndex = -1
        lastValue = 0
        CMaxParam ------>
        keyword = TB
        description = Maximum breakdown temperature
        maxOpStatus = 100
        maxOpValue = 200
        maxOpMask = 3
        errorLevel = 0
        peakDeratedMax = 200
        averageDeratedMax = 200
        rmsDeratedMax = 200
        peak = 52.9934
        average = 52.9902
        rms = 52.9902
        peakPercent = 26.4967
        averagePercent = 26.4951
        rmsPercent = 26.4951
        node1Index = -1
        node2Index = -1
        currentIndex = -1
        lastValue = 0
CMaxStruct --->
devName = C
devType = CAP
topLevelRefDes = C12
refDes = C12
spiceDesig = C
scaldPath = C12
simTemp = 27
simTime = 0.2
        CMaxParam ------>
        keyword = CV
        description = Maximum voltage
        maxOpStatus = 100
        maxOpValue = 50
        maxOpMask = 7
        errorLevel = 0
        peakDeratedMax = 50
        averageDeratedMax = 50
        rmsDeratedMax = 50
        peak = 47.4758
        average = 47.4758
        rms = 47.4758
        peakPercent = 94.9517
        averagePercent = 94.9515
        rmsPercent = 94.9515
        node1Index = -1
        node1 = 1
        node2Index = -1
        node2 = 2
        currentIndex = -1
        lastValue = 0
        CMaxParam ------>
        keyword = CI
        description = Maximum current
        maxOpStatus = 100
        maxOpValue = 1
        maxOpMask = 7
        errorLevel = 0
        peakDeratedMax = 1
        averageDeratedMax = 1
        rmsDeratedMax = 1
        peak = 4.54296e-05
        average = 2.46189e-08
        rms = 3.157e-05
        peakPercent = 0.00454296
        averagePercent = 2.46189e-06
        rmsPercent = 0.003157
        node1Index = -1
        node2Index = -1
        currentIndex = 0
        portName = 1
        lastValue = 0
CMaxStruct --->
devName = R
devType = RES
topLevelRefDes = R27
refDes = R27
spiceDesig = R
scaldPath = R27
simTemp = 27
simTime = 0.2
        CMaxParam ------>
        keyword = PDM
        description = Maximum power dissipation
        maxOpStatus = 100
        maxOpValue = 0.25
        maxOpMask = 6
        errorLevel = 0
        peakDeratedMax = 0.210304
        averageDeratedMax = 0.210356
        rmsDeratedMax = 0.210356
        peak = 0.00594633
        average = 0.00589422
        rms = 0.00589434
        peakPercent = 2.8275
        averagePercent = 2.80203
        rmsPercent = 2.80208
        node1Index = -1
        node2Index = -1
        currentIndex = -1
        lastValue = 0
        CMaxParam ------>
        keyword = RV
        description = Maximum voltage
        maxOpStatus = 101
        maxOpValue = 1e+35
        maxOpMask = 7
        errorLevel = 1
        peakDeratedMax = 1e+35
        averageDeratedMax = 1e+35
        rmsDeratedMax = 1e+35
        peak = -1e+100
        average = 0
        rms = 0
        peakPercent = 0
        averagePercent = 0
        rmsPercent = 0
        node1Index = -1
        node1 = 1
        node2Index = -1
        node2 = 2
        currentIndex = -1
        lastValue = 0
        CMaxParam ------>
        keyword = TB
        description = Maximum breakdown temperature
        maxOpStatus = 100
        maxOpValue = 200
        maxOpMask = 3
        errorLevel = 0
        peakDeratedMax = 200
        averageDeratedMax = 200
        rmsDeratedMax = 200
        peak = 31.7571
        average = 31.7154
        rms = 31.7155
        peakPercent = 15.8785
        averagePercent = 15.8577
        rmsPercent = 15.8577
        node1Index = -1
        node2Index = -1
        currentIndex = -1
        lastValue = 0
CMaxStruct --->
devName = R
devType = RES
topLevelRefDes = R28
refDes = R28
spiceDesig = R
scaldPath = R28
simTemp = 27
simTime = 0.2
        CMaxParam ------>
        keyword = PDM
        description = Maximum power dissipation
        maxOpStatus = 100
        maxOpValue = 100
        maxOpMask = 6
        errorLevel = 0
        peakDeratedMax = 0
        averageDeratedMax = 15.9346
        rmsDeratedMax = 0.0658368
        peak = 144.254
        average = 70.5654
        rms = 86.4342
        peakPercent = 1e+35
        averagePercent = 442.843
        rmsPercent = 131286
        node1Index = -1
        node2Index = -1
        currentIndex = -1
        lastValue = 0
        CMaxParam ------>
        keyword = RV
        description = Maximum voltage
        maxOpStatus = 101
        maxOpValue = 1e+35
        maxOpMask = 7
        errorLevel = 1
        peakDeratedMax = 1e+35
        averageDeratedMax = 1e+35
        rmsDeratedMax = 1e+35
        peak = -1e+100
        average = 0
        rms = 0
        peakPercent = 0
        averagePercent = 0
        rmsPercent = 0
        node1Index = -1
        node1 = 1
        node2Index = -1
        node2 = 2
        currentIndex = -1
        lastValue = 0
        CMaxParam ------>
        keyword = TB
        description = Maximum breakdown temperature
        maxOpStatus = 100
        maxOpValue = 200
        maxOpMask = 3
        errorLevel = 0
        peakDeratedMax = 200
        averageDeratedMax = 200
        rmsDeratedMax = 200
        peak = 315.509
        average = 168.131
        rms = 199.868
        peakPercent = 157.754
        averagePercent = 84.0654
        rmsPercent = 99.9342
        node1Index = -1
        node2Index = -1
        currentIndex = -1
        lastValue = 0
CMaxStruct --->
devName = R
devType = RES
topLevelRefDes = R3
refDes = R3
spiceDesig = R
scaldPath = R3
simTemp = 27
simTime = 0.2
        CMaxParam ------>
        keyword = PDM
        description = Maximum power dissipation
        maxOpStatus = 100
        maxOpValue = 0.25
        maxOpMask = 6
        errorLevel = 0
        peakDeratedMax = 0.216196
        averageDeratedMax = 0.21623
        rmsDeratedMax = 0.216222
        peak = 5.37357e-05
        average = 1.95062e-05
        rms = 2.76899e-05
        peakPercent = 0.0248551
        averagePercent = 0.00902104
        rmsPercent = 0.0128062
        node1Index = -1
        node2Index = -1
        currentIndex = -1
        lastValue = 0
        CMaxParam ------>
        keyword = RV
        description = Maximum voltage
        maxOpStatus = 101
        maxOpValue = 1e+35
        maxOpMask = 7
        errorLevel = 1
        peakDeratedMax = 1e+35
        averageDeratedMax = 1e+35
        rmsDeratedMax = 1e+35
        peak = -1e+100
        average = 0
        rms = 0
        peakPercent = 0
        averagePercent = 0
        rmsPercent = 0
        node1Index = -1
        node1 = 1
        node2Index = -1
        node2 = 2
        currentIndex = -1
        lastValue = 0
        CMaxParam ------>
        keyword = TB
        description = Maximum breakdown temperature
        maxOpStatus = 100
        maxOpValue = 200
        maxOpMask = 3
        errorLevel = 0
        peakDeratedMax = 200
        averageDeratedMax = 200
        rmsDeratedMax = 200
        peak = 27.043
        average = 27.0156
        rms = 27.0222
        peakPercent = 13.5215
        averagePercent = 13.5078
        rmsPercent = 13.5111
        node1Index = -1
        node2Index = -1
        currentIndex = -1
        lastValue = 0
CMaxStruct --->
devName = C
devType = CAP
topLevelRefDes = C1
refDes = C1
spiceDesig = C
scaldPath = C1
simTemp = 27
simTime = 0.2
        CMaxParam ------>
        keyword = CV
        description = Maximum voltage
        maxOpStatus = 100
        maxOpValue = 50
        maxOpMask = 7
        errorLevel = 0
        peakDeratedMax = 50
        averageDeratedMax = 50
        rmsDeratedMax = 50
        peak = 0.632925
        average = 0.631554
        rms = 0.631555
        peakPercent = 1.26585
        averagePercent = 1.26311
        rmsPercent = 1.26311
        node1Index = -1
        node1 = 1
        node2Index = -1
        node2 = 2
        currentIndex = -1
        lastValue = 0
        CMaxParam ------>
        keyword = CI
        description = Maximum current
        maxOpStatus = 100
        maxOpValue = 1
        maxOpMask = 7
        errorLevel = 0
        peakDeratedMax = 1
        averageDeratedMax = 1
        rmsDeratedMax = 1
        peak = 2.1976e-05
        average = 1.46049e-08
        rms = 1.55159e-05
        peakPercent = 0.0021976
        averagePercent = 1.46049e-06
        rmsPercent = 0.00155159
        node1Index = -1
        node2Index = -1
        currentIndex = 0
        portName = 1
        lastValue = 0
CMaxStruct --->
devName = R
devType = RES
topLevelRefDes = R4
refDes = R4
spiceDesig = R
scaldPath = R4
simTemp = 27
simTime = 0.2
        CMaxParam ------>
        keyword = PDM
        description = Maximum power dissipation
        maxOpStatus = 100
        maxOpValue = 0.25
        maxOpMask = 6
        errorLevel = 0
        peakDeratedMax = 0.216249
        averageDeratedMax = 0.21625
        rmsDeratedMax = 0.21625
        peak = 5.62946e-07
        average = 3.77186e-07
        rms = 3.969e-07
        peakPercent = 0.000260322
        averagePercent = 0.000174422
        rmsPercent = 0.000183538
        node1Index = -1
        node2Index = -1
        currentIndex = -1
        lastValue = 0
        CMaxParam ------>
        keyword = RV
        description = Maximum voltage
        maxOpStatus = 101
        maxOpValue = 1e+35
        maxOpMask = 7
        errorLevel = 1
        peakDeratedMax = 1e+35
        averageDeratedMax = 1e+35
        rmsDeratedMax = 1e+35
        peak = -1e+100
        average = 0
        rms = 0
        peakPercent = 0
        averagePercent = 0
        rmsPercent = 0
        node1Index = -1
        node1 = 1
        node2Index = -1
        node2 = 2
        currentIndex = -1
        lastValue = 0
        CMaxParam ------>
        keyword = TB
        description = Maximum breakdown temperature
        maxOpStatus = 100
        maxOpValue = 200
        maxOpMask = 3
        errorLevel = 0
        peakDeratedMax = 200
        averageDeratedMax = 200
        rmsDeratedMax = 200
        peak = 27.0005
        average = 27.0003
        rms = 27.0003
        peakPercent = 13.5002
        averagePercent = 13.5002
        rmsPercent = 13.5002
        node1Index = -1
        node2Index = -1
        currentIndex = -1
        lastValue = 0
CMaxStruct --->
devName = C
devType = CAP
topLevelRefDes = C13
refDes = C13
spiceDesig = C
scaldPath = C13
simTemp = 27
simTime = 0.2
        CMaxParam ------>
        keyword = CV
        description = Maximum voltage
        maxOpStatus = 100
        maxOpValue = 100
        maxOpMask = 7
        errorLevel = 0
        peakDeratedMax = 100
        averageDeratedMax = 100
        rmsDeratedMax = 100
        peak = 71.8789
        average = 44.076
        rms = 48.2799
        peakPercent = 71.8789
        averagePercent = 44.076
        rmsPercent = 48.2799
        node1Index = -1
        node1 = 1
        node2Index = -1
        node2 = 2
        currentIndex = -1
        lastValue = 0
        CMaxParam ------>
        keyword = CI
        description = Maximum current
        maxOpStatus = 100
        maxOpValue = 1
        maxOpMask = 7
        errorLevel = 0
        peakDeratedMax = 1
        averageDeratedMax = 1
        rmsDeratedMax = 1
        peak = 3.41859e-06
        average = 3.5291e-12
        rms = 2.22862e-06
        peakPercent = 0.000341859
        averagePercent = 3.52907e-10
        rmsPercent = 0.000222862
        node1Index = -1
        node2Index = -1
        currentIndex = 0
        portName = 1
        lastValue = 0
CMaxStruct --->
devName = R
devType = RES
topLevelRefDes = R29
refDes = R29
spiceDesig = R
scaldPath = R29
simTemp = 27
simTime = 0.2
        CMaxParam ------>
        keyword = PDM
        description = Maximum power dissipation
        maxOpStatus = 100
        maxOpValue = 0.25
        maxOpMask = 6
        errorLevel = 0
        peakDeratedMax = 0.158941
        averageDeratedMax = 0.158941
        rmsDeratedMax = 0.158941
        peak = 0.0573089
        average = 0.0573087
        rms = 0.0573087
        peakPercent = 36.0567
        averagePercent = 36.0565
        rmsPercent = 36.0565
        node1Index = -1
        node2Index = -1
        currentIndex = -1
        lastValue = 0
        CMaxParam ------>
        keyword = RV
        description = Maximum voltage
        maxOpStatus = 101
        maxOpValue = 1e+35
        maxOpMask = 7
        errorLevel = 1
        peakDeratedMax = 1e+35
        averageDeratedMax = 1e+35
        rmsDeratedMax = 1e+35
        peak = -1e+100
        average = 0
        rms = 0
        peakPercent = 0
        averagePercent = 0
        rmsPercent = 0
        node1Index = -1
        node1 = 1
        node2Index = -1
        node2 = 2
        currentIndex = -1
        lastValue = 0
        CMaxParam ------>
        keyword = TB
        description = Maximum breakdown temperature
        maxOpStatus = 100
        maxOpValue = 200
        maxOpMask = 3
        errorLevel = 0
        peakDeratedMax = 200
        averageDeratedMax = 200
        rmsDeratedMax = 200
        peak = 72.8472
        average = 72.8469
        rms = 72.8469
        peakPercent = 36.4236
        averagePercent = 36.4235
        rmsPercent = 36.4235
        node1Index = -1
        node2Index = -1
        currentIndex = -1
        lastValue = 0
CMaxStruct --->
devName = C
devType = CAP
topLevelRefDes = C14
refDes = C14
spiceDesig = C
scaldPath = C14
simTemp = 27
simTime = 0.2
        CMaxParam ------>
        keyword = CV
        description = Maximum voltage
        maxOpStatus = 100
        maxOpValue = 50
        maxOpMask = 7
        errorLevel = 0
        peakDeratedMax = 50
        averageDeratedMax = 50
        rmsDeratedMax = 50
        peak = 11.9682
        average = 11.9681
        rms = 11.9681
        peakPercent = 23.9363
        averagePercent = 23.9363
        rmsPercent = 23.9363
        node1Index = -1
        node1 = 1
        node2Index = -1
        node2 = 2
        currentIndex = -1
        lastValue = 0
        CMaxParam ------>
        keyword = CI
        description = Maximum current
        maxOpStatus = 100
        maxOpValue = 1
        maxOpMask = 7
        errorLevel = 0
        peakDeratedMax = 1
        averageDeratedMax = 1
        rmsDeratedMax = 1
        peak = 4.96197e-06
        average = 6.48491e-09
        rms = 2.12087e-06
        peakPercent = 0.000496197
        averagePercent = 6.48491e-07
        rmsPercent = 0.000212087
        node1Index = -1
        node2Index = -1
        currentIndex = 0
        portName = 1
        lastValue = 0
CMaxStruct --->
devName = R
devType = RES
topLevelRefDes = R5
refDes = R5
spiceDesig = R
scaldPath = R5
simTemp = 27
simTime = 0.2
        CMaxParam ------>
        keyword = PDM
        description = Maximum power dissipation
        maxOpStatus = 100
        maxOpValue = 0.25
        maxOpMask = 6
        errorLevel = 0
        peakDeratedMax = 0.216078
        averageDeratedMax = 0.216081
        rmsDeratedMax = 0.21608
        peak = 0.000171919
        average = 0.000169495
        rms = 0.000169502
        peakPercent = 0.0795634
        averagePercent = 0.0784408
        rmsPercent = 0.078444
        node1Index = -1
        node2Index = -1
        currentIndex = -1
        lastValue = 0
        CMaxParam ------>
        keyword = RV
        description = Maximum voltage
        maxOpStatus = 101
        maxOpValue = 1e+35
        maxOpMask = 7
        errorLevel = 1
        peakDeratedMax = 1e+35
        averageDeratedMax = 1e+35
        rmsDeratedMax = 1e+35
        peak = -1e+100
        average = 0
        rms = 0
        peakPercent = 0
        averagePercent = 0
        rmsPercent = 0
        node1Index = -1
        node1 = 1
        node2Index = -1
        node2 = 2
        currentIndex = -1
        lastValue = 0
        CMaxParam ------>
        keyword = TB
        description = Maximum breakdown temperature
        maxOpStatus = 100
        maxOpValue = 200
        maxOpMask = 3
        errorLevel = 0
        peakDeratedMax = 200
        averageDeratedMax = 200
        rmsDeratedMax = 200
        peak = 27.1375
        average = 27.1356
        rms = 27.1356
        peakPercent = 13.5688
        averagePercent = 13.5678
        rmsPercent = 13.5678
        node1Index = -1
        node2Index = -1
        currentIndex = -1
        lastValue = 0
CMaxStruct --->
devName = R
devType = RES
topLevelRefDes = R30
refDes = R30
spiceDesig = R
scaldPath = R30
simTemp = 27
simTime = 0.2
        CMaxParam ------>
        keyword = PDM
        description = Maximum power dissipation
        maxOpStatus = 100
        maxOpValue = 0.25
        maxOpMask = 6
        errorLevel = 0
        peakDeratedMax = 0.216129
        averageDeratedMax = 0.216131
        rmsDeratedMax = 0.216131
        peak = 0.000121269
        average = 0.000119211
        rms = 0.000119218
        peakPercent = 0.0561096
        averagePercent = 0.055157
        rmsPercent = 0.0551603
        node1Index = -1
        node2Index = -1
        currentIndex = -1
        lastValue = 0
        CMaxParam ------>
        keyword = RV
        description = Maximum voltage
        maxOpStatus = 101
        maxOpValue = 1e+35
        maxOpMask = 7
        errorLevel = 1
        peakDeratedMax = 1e+35
        averageDeratedMax = 1e+35
        rmsDeratedMax = 1e+35
        peak = -1e+100
        average = 0
        rms = 0
        peakPercent = 0
        averagePercent = 0
        rmsPercent = 0
        node1Index = -1
        node1 = 1
        node2Index = -1
        node2 = 2
        currentIndex = -1
        lastValue = 0
        CMaxParam ------>
        keyword = TB
        description = Maximum breakdown temperature
        maxOpStatus = 100
        maxOpValue = 200
        maxOpMask = 3
        errorLevel = 0
        peakDeratedMax = 200
        averageDeratedMax = 200
        rmsDeratedMax = 200
        peak = 27.097
        average = 27.0954
        rms = 27.0954
        peakPercent = 13.5485
        averagePercent = 13.5477
        rmsPercent = 13.5477
        node1Index = -1
        node2Index = -1
        currentIndex = -1
        lastValue = 0
CMaxStruct --->
devName = BC846B
devType = NPN
topLevelRefDes = Q31
refDes = Q31
spiceDesig = X
scaldPath = Q31
simTemp = 27
simTime = 0.2
        CMaxParam ------>
        keyword = IC
        description = Max collector current
        maxOpStatus = 100
        maxOpValue = 0.1
        maxOpMask = 3
        errorLevel = 0
        peakDeratedMax = 0.1
        averageDeratedMax = 0.1
        rmsDeratedMax = 0.1
        peak = 0.00765771
        average = 0.0076502
        rms = 0.0076502
        peakPercent = 7.65771
        averagePercent = 7.6502
        rmsPercent = 7.6502
        node1Index = -1
        node2Index = -1
        currentIndex = -1
        portName = C
        lastValue = 0
        CMaxParam ------>
        keyword = IB
        description = Max base current
        maxOpStatus = 101
        maxOpValue = 1e+35
        maxOpMask = 2
        errorLevel = 1
        peakDeratedMax = 1e+35
        averageDeratedMax = 1e+35
        rmsDeratedMax = 1e+35
        peak = -1e+100
        average = 0
        rms = 0
        peakPercent = 0
        averagePercent = 0
        rmsPercent = 0
        node1Index = -1
        node2Index = -1
        currentIndex = -1
        portName = B
        lastValue = 0
        CMaxParam ------>
        keyword = PDM
        description = Maximum power dissipation
        maxOpStatus = 100
        maxOpValue = 0.33
        maxOpMask = 6
        errorLevel = 0
        peakDeratedMax = 0.33
        averageDeratedMax = 0.33
        rmsDeratedMax = 0.33
        peak = 0.000817183
        average = 0.000809805
        rms = 0.000809816
        peakPercent = 0.247631
        averagePercent = 0.245395
        rmsPercent = 0.245399
        node1Index = -1
        node2Index = -1
        currentIndex = -1
        lastValue = 0
        CMaxParam ------>
        keyword = SB
        description = Maximum secondary breakdown
        maxOpStatus = 101
        maxOpValue = 1e+35
        maxOpMask = 2
        errorLevel = 1
        peakDeratedMax = 1e+35
        averageDeratedMax = 1e+35
        rmsDeratedMax = 1e+35
        peak = -1e+100
        average = 0
        rms = 0
        peakPercent = 0
        averagePercent = 0
        rmsPercent = 0
        node1Index = -1
        node1 = C
        node2Index = -1
        node2 = E
        currentIndex = -1
        portName = C
        lastValue = 0
        CMaxParam ------>
        keyword = TJ
        description = Maximum junction temperature
        maxOpStatus = 100
        maxOpValue = 150
        maxOpMask = 3
        errorLevel = 0
        peakDeratedMax = 150
        averageDeratedMax = 150
        rmsDeratedMax = 150
        peak = 27.2533
        average = 27.251
        rms = 27.251
        peakPercent = 18.1689
        averagePercent = 18.1674
        rmsPercent = 18.1674
        node1Index = -1
        node2Index = -1
        currentIndex = -1
        lastValue = 0
        CMaxParam ------>
        keyword = VCB
        description = Max C-B voltage
        maxOpStatus = 100
        maxOpValue = 80
        maxOpMask = 1
        errorLevel = 0
        peakDeratedMax = 80
        averageDeratedMax = 80
        rmsDeratedMax = 80
        peak = -0.623789
        average = -0.625236
        rms = 0.625237
        peakPercent = 0
        averagePercent = 0
        rmsPercent = 0.781546
        node1Index = -1
        node1 = C
        node2Index = -1
        node2 = B
        currentIndex = -1
        lastValue = 0
        CMaxParam ------>
        keyword = VCE
        description = Max C-E voltage
        maxOpStatus = 100
        maxOpValue = 65
        maxOpMask = 1
        errorLevel = 0
        peakDeratedMax = 65
        averageDeratedMax = 65
        rmsDeratedMax = 65
        peak = 0.0957531
        average = 0.0943884
        rms = 0.0943923
        peakPercent = 0.147312
        averagePercent = 0.145213
        rmsPercent = 0.145219
        node1Index = -1
        node1 = C
        node2Index = -1
        node2 = E
        currentIndex = -1
        lastValue = 0
        CMaxParam ------>
        keyword = VEB
        description = Max E-B voltage
        maxOpStatus = 100
        maxOpValue = 6
        maxOpMask = 1
        errorLevel = 0
        peakDeratedMax = 6
        averageDeratedMax = 6
        rmsDeratedMax = 6
        peak = -0.719534
        average = -0.719624
        rms = 0.719624
        peakPercent = 0
        averagePercent = 0
        rmsPercent = 11.9937
        node1Index = -1
        node1 = E
        node2Index = -1
        node2 = B
        currentIndex = -1
        lastValue = 0
CMaxStruct --->
devName = BC846B
devType = NPN
topLevelRefDes = Q32
refDes = Q32
spiceDesig = X
scaldPath = Q32
simTemp = 27
simTime = 0.2
        CMaxParam ------>
        keyword = IC
        description = Max collector current
        maxOpStatus = 100
        maxOpValue = 0.1
        maxOpMask = 3
        errorLevel = 0
        peakDeratedMax = 0.1
        averageDeratedMax = 0.1
        rmsDeratedMax = 0.1
        peak = 0.00776546
        average = 0.00771257
        rms = 0.00771265
        peakPercent = 7.76546
        averagePercent = 7.71257
        rmsPercent = 7.71265
        node1Index = -1
        node2Index = -1
        currentIndex = -1
        portName = C
        lastValue = 0
        CMaxParam ------>
        keyword = IB
        description = Max base current
        maxOpStatus = 101
        maxOpValue = 1e+35
        maxOpMask = 2
        errorLevel = 1
        peakDeratedMax = 1e+35
        averageDeratedMax = 1e+35
        rmsDeratedMax = 1e+35
        peak = -1e+100
        average = 0
        rms = 0
        peakPercent = 0
        averagePercent = 0
        rmsPercent = 0
        node1Index = -1
        node2Index = -1
        currentIndex = -1
        portName = B
        lastValue = 0
        CMaxParam ------>
        keyword = PDM
        description = Maximum power dissipation
        maxOpStatus = 100
        maxOpValue = 0.33
        maxOpMask = 6
        errorLevel = 0
        peakDeratedMax = 0.33
        averageDeratedMax = 0.33
        rmsDeratedMax = 0.33
        peak = 0.0752925
        average = 0.0748245
        rms = 0.0748251
        peakPercent = 22.8159
        averagePercent = 22.6741
        rmsPercent = 22.6743
        node1Index = -1
        node2Index = -1
        currentIndex = -1
        lastValue = 0
        CMaxParam ------>
        keyword = SB
        description = Maximum secondary breakdown
        maxOpStatus = 101
        maxOpValue = 1e+35
        maxOpMask = 2
        errorLevel = 1
        peakDeratedMax = 1e+35
        averageDeratedMax = 1e+35
        rmsDeratedMax = 1e+35
        peak = -1e+100
        average = 0
        rms = 0
        peakPercent = 0
        averagePercent = 0
        rmsPercent = 0
        node1Index = -1
        node1 = C
        node2Index = -1
        node2 = E
        currentIndex = -1
        portName = C
        lastValue = 0
        CMaxParam ------>
        keyword = TJ
        description = Maximum junction temperature
        maxOpStatus = 100
        maxOpValue = 150
        maxOpMask = 3
        errorLevel = 0
        peakDeratedMax = 150
        averageDeratedMax = 150
        rmsDeratedMax = 150
        peak = 50.3407
        average = 50.1956
        rms = 50.1958
        peakPercent = 33.5604
        averagePercent = 33.4637
        rmsPercent = 33.4639
        node1Index = -1
        node2Index = -1
        currentIndex = -1
        lastValue = 0
        CMaxParam ------>
        keyword = VCB
        description = Max C-B voltage
        maxOpStatus = 100
        maxOpValue = 80
        maxOpMask = 1
        errorLevel = 0
        peakDeratedMax = 80
        averageDeratedMax = 80
        rmsDeratedMax = 80
        peak = 8.99107
        average = 8.9848
        rms = 8.9848
        peakPercent = 11.2388
        averagePercent = 11.231
        rmsPercent = 11.231
        node1Index = -1
        node1 = C
        node2Index = -1
        node2 = B
        currentIndex = -1
        lastValue = 0
        CMaxParam ------>
        keyword = VCE
        description = Max C-E voltage
        maxOpStatus = 100
        maxOpValue = 65
        maxOpMask = 1
        errorLevel = 0
        peakDeratedMax = 65
        averageDeratedMax = 65
        rmsDeratedMax = 65
        peak = 9.70539
        average = 9.6993
        rms = 9.6993
        peakPercent = 14.9314
        averagePercent = 14.922
        rmsPercent = 14.922
        node1Index = -1
        node1 = C
        node2Index = -1
        node2 = E
        currentIndex = -1
        lastValue = 0
        CMaxParam ------>
        keyword = VEB
        description = Max E-B voltage
        maxOpStatus = 100
        maxOpValue = 6
        maxOpMask = 1
        errorLevel = 0
        peakDeratedMax = 6
        averageDeratedMax = 6
        rmsDeratedMax = 6
        peak = -0.714322
        average = -0.714499
        rms = 0.714499
        peakPercent = 0
        averagePercent = 0
        rmsPercent = 11.9083
        node1Index = -1
        node1 = E
        node2Index = -1
        node2 = B
        currentIndex = -1
        lastValue = 0
CMaxStruct --->
devName = BZX84C12V/PLP
devType = DIODE
topLevelRefDes = D7
refDes = D7
spiceDesig = X
scaldPath = D7
simTemp = 27
simTime = 0.2
        CMaxParam ------>
        keyword = IF
        description = Max Forward Current
        maxOpStatus = 101
        maxOpValue = 1e+35
        maxOpMask = 3
        errorLevel = 1
        peakDeratedMax = 1e+35
        averageDeratedMax = 1e+35
        rmsDeratedMax = 1e+35
        peak = -1e+100
        average = 0
        rms = 0
        peakPercent = 0
        averagePercent = 0
        rmsPercent = 0
        node1Index = -1
        node2Index = -1
        currentIndex = -1
        portName = 1
        lastValue = 0
        CMaxParam ------>
        keyword = IRMX
        description = Max Reverse Current
        maxOpStatus = 100
        maxOpValue = 0.01984
        maxOpMask = 1
        errorLevel = 0
        peakDeratedMax = 0.01984
        averageDeratedMax = 0.01984
        rmsDeratedMax = 0.01984
        peak = 0.00155415
        average = 0.00154949
        rms = 0.00154949
        peakPercent = 7.8334
        averagePercent = 7.80992
        rmsPercent = 7.80992
        node1Index = -1
        node2Index = -1
        currentIndex = -1
        portName = 1
        lastValue = 0
        CMaxParam ------>
        keyword = PDM
        description = Maximum power dissipation
        maxOpStatus = 100
        maxOpValue = 0.25
        maxOpMask = 6
        errorLevel = 2
        peakDeratedMax = 0.25
        averageDeratedMax = 0.25
        rmsDeratedMax = 0.25
        peak = 0.0186003
        average = 0.0185445
        rms = 0.0185445
        peakPercent = 7.44011
        averagePercent = 7.4178
        rmsPercent = 7.4178
        node1Index = -1
        node2Index = -1
        currentIndex = -1
        lastValue = 0
        CMaxParam ------>
        keyword = TJ
        description = Maximum junction temperature
        maxOpStatus = 100
        maxOpValue = 150
        maxOpMask = 3
        errorLevel = 0
        peakDeratedMax = 150
        averageDeratedMax = 150
        rmsDeratedMax = 150
        peak = 27
        average = 27
        rms = 27
        peakPercent = 18
        averagePercent = 18
        rmsPercent = 18
        node1Index = -1
        node2Index = -1
        currentIndex = -1
        lastValue = 0
CMaxStruct --->
devName = C
devType = CAP
topLevelRefDes = C15
refDes = C15
spiceDesig = C
scaldPath = C15
simTemp = 27
simTime = 0.2
        CMaxParam ------>
        keyword = CV
        description = Maximum voltage
        maxOpStatus = 100
        maxOpValue = 50
        maxOpMask = 7
        errorLevel = 0
        peakDeratedMax = 50
        averageDeratedMax = 50
        rmsDeratedMax = 50
        peak = 35.5077
        average = 35.5076
        rms = 35.5076
        peakPercent = 71.0154
        averagePercent = 71.0152
        rmsPercent = 71.0152
        node1Index = -1
        node1 = 1
        node2Index = -1
        node2 = 2
        currentIndex = -1
        lastValue = 0
        CMaxParam ------>
        keyword = CI
        description = Maximum current
        maxOpStatus = 100
        maxOpValue = 1
        maxOpMask = 7
        errorLevel = 0
        peakDeratedMax = 1
        averageDeratedMax = 1
        rmsDeratedMax = 1
        peak = 1.52822e-07
        average = 1.26775e-10
        rms = 8.94596e-08
        peakPercent = 1.52822e-05
        averagePercent = 1.26775e-08
        rmsPercent = 8.94596e-06
        node1Index = -1
        node2Index = -1
        currentIndex = 0
        portName = 1
        lastValue = 0
