Smoke Analysis Run : Sun Nov 29 20:33:09 2020


Reference Designator = R1
Info:
	Smoke test RV will not be done.
	The Maximum Operating Value is not defined.

Reference Designator = Q3
Info:
	Smoke test IB will not be done.
	The Maximum Operating Value is not defined.

Reference Designator = Q3
Info:
	Smoke test SB will not be done.
	The Maximum Operating Value is not defined.

Reference Designator = Q5
Info:
	Smoke test IB will not be done.
	The Maximum Operating Value is not defined.

Reference Designator = Q5
Info:
	Smoke test SB will not be done.
	The Maximum Operating Value is not defined.

Reference Designator = R6
Info:
	Smoke test RV will not be done.
	The Maximum Operating Value is not defined.

Reference Designator = R7
Info:
	Smoke test RV will not be done.
	The Maximum Operating Value is not defined.

Reference Designator = Q6
Info:
	Smoke test IB will not be done.
	The Maximum Operating Value is not defined.

Reference Designator = Q6
Info:
	Smoke test SB will not be done.
	The Maximum Operating Value is not defined.

Reference Designator = Q7
Info:
	Smoke test SB will not be done.
	The Maximum Operating Value is not defined.

Reference Designator = R8
Info:
	Smoke test RV will not be done.
	The Maximum Operating Value is not defined.

Reference Designator = R9
Info:
	Smoke test RV will not be done.
	The Maximum Operating Value is not defined.

Reference Designator = R10
Info:
	Smoke test RV will not be done.
	The Maximum Operating Value is not defined.

Reference Designator = R11
Info:
	Smoke test RV will not be done.
	The Maximum Operating Value is not defined.

Reference Designator = R12
Info:
	Smoke test RV will not be done.
	The Maximum Operating Value is not defined.

Reference Designator = R4
Info:
	Smoke test RV will not be done.
	The Maximum Operating Value is not defined.

Reference Designator = R3
Info:
	Smoke test RV will not be done.
	The Maximum Operating Value is not defined.

Reference Designator = Q21
Info:
	Smoke test SB will not be done.
	The Maximum Operating Value is not defined.

Reference Designator = Q27
Info:
	Smoke test SB will not be done.
	The Maximum Operating Value is not defined.

Reference Designator = R15
Info:
	Smoke test RV will not be done.
	The Maximum Operating Value is not defined.

Reference Designator = Q22
Info:
	Smoke test SB will not be done.
	The Maximum Operating Value is not defined.

Reference Designator = R16
Info:
	Smoke test RV will not be done.
	The Maximum Operating Value is not defined.

Reference Designator = R13
Info:
	Smoke test RV will not be done.
	The Maximum Operating Value is not defined.

Reference Designator = Q23
Info:
	Smoke test SB will not be done.
	The Maximum Operating Value is not defined.

Reference Designator = R14
Info:
	Smoke test RV will not be done.
	The Maximum Operating Value is not defined.

Reference Designator = Q24
Info:
	Smoke test SB will not be done.
	The Maximum Operating Value is not defined.

Reference Designator = Q25
Info:
	Smoke test SB will not be done.
	The Maximum Operating Value is not defined.

Reference Designator = Q20
Info:
	Smoke test SB will not be done.
	The Maximum Operating Value is not defined.

Reference Designator = Q26
Info:
	Smoke test SB will not be done.
	The Maximum Operating Value is not defined.

Reference Designator = R17
Info:
	Smoke test RV will not be done.
	The Maximum Operating Value is not defined.

Reference Designator = Q28
Info:
	Smoke test IB will not be done.
	The Maximum Operating Value is not defined.

Reference Designator = Q28
Info:
	Smoke test SB will not be done.
	The Maximum Operating Value is not defined.

Reference Designator = Q29
Info:
	Smoke test IB will not be done.
	The Maximum Operating Value is not defined.

Reference Designator = Q29
Info:
	Smoke test SB will not be done.
	The Maximum Operating Value is not defined.

Reference Designator = R18
Info:
	Smoke test RV will not be done.
	The Maximum Operating Value is not defined.

Reference Designator = R19
Info:
	Smoke test RV will not be done.
	The Maximum Operating Value is not defined.

Reference Designator = Q31
Info:
	Smoke test IB will not be done.
	The Maximum Operating Value is not defined.

Reference Designator = Q31
Info:
	Smoke test SB will not be done.
	The Maximum Operating Value is not defined.

Reference Designator = Q30
Info:
	Smoke test IB will not be done.
	The Maximum Operating Value is not defined.

Reference Designator = Q30
Info:
	Smoke test SB will not be done.
	The Maximum Operating Value is not defined.

Reference Designator = R20
Info:
	Smoke test RV will not be done.
	The Maximum Operating Value is not defined.

Reference Designator = Q32
Info:
	Smoke test IB will not be done.
	The Maximum Operating Value is not defined.

Reference Designator = Q32
Info:
	Smoke test SB will not be done.
	The Maximum Operating Value is not defined.

Reference Designator = Q33
Info:
	Smoke test IB will not be done.
	The Maximum Operating Value is not defined.

Reference Designator = Q33
Info:
	Smoke test SB will not be done.
	The Maximum Operating Value is not defined.

Reference Designator = Q3
Warning:
	The default PDM value specified in the
	design property map will be used during smoke check.
	The following information is missing in the design property map:
		RCA
		RJC

Reference Designator = Q5
Warning:
	The default PDM value specified in the
	design property map will be used during smoke check.
	The following information is missing in the design property map:
		RCA
		RJC

Reference Designator = Q6
Warning:
	The default PDM value specified in the
	design property map will be used during smoke check.
	The following information is missing in the design property map:
		RCA
		RJC

Reference Designator = Q7
Warning:
	The default PDM value specified in the
	design property map will be used during smoke check.
	The following information is missing in the design property map:
		RCA
		RJC

Reference Designator = Q21
Warning:
	The default PDM value specified in the
	design property map will be used during smoke check.
	The following information is missing in the design property map:
		RCA
		RJC

Reference Designator = Q27
Warning:
	The default PDM value specified in the
	design property map will be used during smoke check.
	The following information is missing in the design property map:
		RCA
		RJC

Reference Designator = Q22
Warning:
	The default PDM value specified in the
	design property map will be used during smoke check.
	The following information is missing in the design property map:
		RCA
		RJC

Reference Designator = Q23
Warning:
	The default PDM value specified in the
	design property map will be used during smoke check.
	The following information is missing in the design property map:
		RCA
		RJC

Reference Designator = Q24
Warning:
	The default PDM value specified in the
	design property map will be used during smoke check.
	The following information is missing in the design property map:
		RCA
		RJC

Reference Designator = Q25
Warning:
	The default PDM value specified in the
	design property map will be used during smoke check.
	The following information is missing in the design property map:
		RCA
		RJC

Reference Designator = Q20
Warning:
	The default PDM value specified in the
	design property map will be used during smoke check.
	The following information is missing in the design property map:
		RCA
		RJC

Reference Designator = Q26
Warning:
	The default PDM value specified in the
	design property map will be used during smoke check.
	The following information is missing in the design property map:
		RCA
		RJC

Reference Designator = Q28
Warning:
	The default PDM value specified in the
	design property map will be used during smoke check.
	The following information is missing in the design property map:
		RCA
		RJC

Reference Designator = Q29
Warning:
	The default PDM value specified in the
	design property map will be used during smoke check.
	The following information is missing in the design property map:
		RCA
		RJC

Reference Designator = Q31
Warning:
	The default PDM value specified in the
	design property map will be used during smoke check.
	The following information is missing in the design property map:
		RCA
		RJC

Reference Designator = Q30
Warning:
	The default PDM value specified in the
	design property map will be used during smoke check.
	The following information is missing in the design property map:
		RCA
		RJC

Reference Designator = Q32
Warning:
	The default PDM value specified in the
	design property map will be used during smoke check.
	The following information is missing in the design property map:
		RCA
		RJC

Reference Designator = Q33
Warning:
	The default PDM value specified in the
	design property map will be used during smoke check.
	The following information is missing in the design property map:
		RCA
		RJC

Reference Designator = Q7
Non-Fatal Error:
	Current data not found for Smoke test IC.
	Please verify Save Data and Data Collection options in the simulation profile.

Reference Designator = Q7
Non-Fatal Error:
	Current data not found for Smoke test IB.
	Please verify Save Data and Data Collection options in the simulation profile.

Reference Designator = Q7
Non-Fatal Error:
	Voltage data not found for Smoke test VCB.
	Please verify Save Data and Data Collection options in the simulation profile.

Reference Designator = Q7
Non-Fatal Error:
	Voltage data not found for Smoke test VCE.
	Please verify Save Data and Data Collection options in the simulation profile.

Reference Designator = Q7
Non-Fatal Error:
	Voltage data not found for Smoke test VEB.
	Please verify Save Data and Data Collection options in the simulation profile.

Reference Designator = Q21
Non-Fatal Error:
	Current data not found for Smoke test IC.
	Please verify Save Data and Data Collection options in the simulation profile.

Reference Designator = Q21
Non-Fatal Error:
	Current data not found for Smoke test IB.
	Please verify Save Data and Data Collection options in the simulation profile.

Reference Designator = Q21
Non-Fatal Error:
	Voltage data not found for Smoke test VCB.
	Please verify Save Data and Data Collection options in the simulation profile.

Reference Designator = Q21
Non-Fatal Error:
	Voltage data not found for Smoke test VCE.
	Please verify Save Data and Data Collection options in the simulation profile.

Reference Designator = Q21
Non-Fatal Error:
	Voltage data not found for Smoke test VEB.
	Please verify Save Data and Data Collection options in the simulation profile.

Reference Designator = Q27
Non-Fatal Error:
	Current data not found for Smoke test IC.
	Please verify Save Data and Data Collection options in the simulation profile.

Reference Designator = Q27
Non-Fatal Error:
	Current data not found for Smoke test IB.
	Please verify Save Data and Data Collection options in the simulation profile.

Reference Designator = Q27
Non-Fatal Error:
	Voltage data not found for Smoke test VCB.
	Please verify Save Data and Data Collection options in the simulation profile.

Reference Designator = Q27
Non-Fatal Error:
	Voltage data not found for Smoke test VCE.
	Please verify Save Data and Data Collection options in the simulation profile.

Reference Designator = Q27
Non-Fatal Error:
	Voltage data not found for Smoke test VEB.
	Please verify Save Data and Data Collection options in the simulation profile.

Reference Designator = Q22
Non-Fatal Error:
	Current data not found for Smoke test IC.
	Please verify Save Data and Data Collection options in the simulation profile.

Reference Designator = Q22
Non-Fatal Error:
	Current data not found for Smoke test IB.
	Please verify Save Data and Data Collection options in the simulation profile.

Reference Designator = Q22
Non-Fatal Error:
	Voltage data not found for Smoke test VCB.
	Please verify Save Data and Data Collection options in the simulation profile.

Reference Designator = Q22
Non-Fatal Error:
	Voltage data not found for Smoke test VCE.
	Please verify Save Data and Data Collection options in the simulation profile.

Reference Designator = Q22
Non-Fatal Error:
	Voltage data not found for Smoke test VEB.
	Please verify Save Data and Data Collection options in the simulation profile.

Reference Designator = Q23
Non-Fatal Error:
	Current data not found for Smoke test IC.
	Please verify Save Data and Data Collection options in the simulation profile.

Reference Designator = Q23
Non-Fatal Error:
	Current data not found for Smoke test IB.
	Please verify Save Data and Data Collection options in the simulation profile.

Reference Designator = Q23
Non-Fatal Error:
	Voltage data not found for Smoke test VCB.
	Please verify Save Data and Data Collection options in the simulation profile.

Reference Designator = Q23
Non-Fatal Error:
	Voltage data not found for Smoke test VCE.
	Please verify Save Data and Data Collection options in the simulation profile.

Reference Designator = Q23
Non-Fatal Error:
	Voltage data not found for Smoke test VEB.
	Please verify Save Data and Data Collection options in the simulation profile.

Reference Designator = Q24
Non-Fatal Error:
	Current data not found for Smoke test IC.
	Please verify Save Data and Data Collection options in the simulation profile.

Reference Designator = Q24
Non-Fatal Error:
	Current data not found for Smoke test IB.
	Please verify Save Data and Data Collection options in the simulation profile.

Reference Designator = Q24
Non-Fatal Error:
	Voltage data not found for Smoke test VCB.
	Please verify Save Data and Data Collection options in the simulation profile.

Reference Designator = Q24
Non-Fatal Error:
	Voltage data not found for Smoke test VCE.
	Please verify Save Data and Data Collection options in the simulation profile.

Reference Designator = Q24
Non-Fatal Error:
	Voltage data not found for Smoke test VEB.
	Please verify Save Data and Data Collection options in the simulation profile.

Reference Designator = Q25
Non-Fatal Error:
	Current data not found for Smoke test IC.
	Please verify Save Data and Data Collection options in the simulation profile.

Reference Designator = Q25
Non-Fatal Error:
	Current data not found for Smoke test IB.
	Please verify Save Data and Data Collection options in the simulation profile.

Reference Designator = Q25
Non-Fatal Error:
	Voltage data not found for Smoke test VCB.
	Please verify Save Data and Data Collection options in the simulation profile.

Reference Designator = Q25
Non-Fatal Error:
	Voltage data not found for Smoke test VCE.
	Please verify Save Data and Data Collection options in the simulation profile.

Reference Designator = Q25
Non-Fatal Error:
	Voltage data not found for Smoke test VEB.
	Please verify Save Data and Data Collection options in the simulation profile.

Reference Designator = Q20
Non-Fatal Error:
	Current data not found for Smoke test IC.
	Please verify Save Data and Data Collection options in the simulation profile.

Reference Designator = Q20
Non-Fatal Error:
	Current data not found for Smoke test IB.
	Please verify Save Data and Data Collection options in the simulation profile.

Reference Designator = Q20
Non-Fatal Error:
	Voltage data not found for Smoke test VCB.
	Please verify Save Data and Data Collection options in the simulation profile.

Reference Designator = Q20
Non-Fatal Error:
	Voltage data not found for Smoke test VCE.
	Please verify Save Data and Data Collection options in the simulation profile.

Reference Designator = Q20
Non-Fatal Error:
	Voltage data not found for Smoke test VEB.
	Please verify Save Data and Data Collection options in the simulation profile.

Reference Designator = Q26
Non-Fatal Error:
	Current data not found for Smoke test IC.
	Please verify Save Data and Data Collection options in the simulation profile.

Reference Designator = Q26
Non-Fatal Error:
	Current data not found for Smoke test IB.
	Please verify Save Data and Data Collection options in the simulation profile.

Reference Designator = Q26
Non-Fatal Error:
	Voltage data not found for Smoke test VCB.
	Please verify Save Data and Data Collection options in the simulation profile.

Reference Designator = Q26
Non-Fatal Error:
	Voltage data not found for Smoke test VCE.
	Please verify Save Data and Data Collection options in the simulation profile.

Reference Designator = Q26
Non-Fatal Error:
	Voltage data not found for Smoke test VEB.
	Please verify Save Data and Data Collection options in the simulation profile.

Reference Designator = R1
Warning: Deration
INFO(ORPSPAA-7028): TBreak (Tknee)is less than Simulation Temprature. Check the slope[RSMAX] or maximum temperature[RTMAX].

Reference Designator = R1
Info: Deration
	Tbrk Calculated:0.000000

Reference Designator = R1
Warning: Deration
INFO(ORPSPAA-7028): TBreak (Tknee)is less than Simulation Temprature. Check the slope[RSMAX] or maximum temperature[RTMAX].

Reference Designator = R1
Info: Deration
	Tbrk Calculated:0.000000

Reference Designator = R1
Warning: Deration
INFO(ORPSPAA-7028): TBreak (Tknee)is less than Simulation Temprature. Check the slope[RSMAX] or maximum temperature[RTMAX].

Reference Designator = R1
Info: Deration
	Tbrk Calculated:0.000000

Reference Designator = R6
Warning: Deration
INFO(ORPSPAA-7028): TBreak (Tknee)is less than Simulation Temprature. Check the slope[RSMAX] or maximum temperature[RTMAX].

Reference Designator = R6
Info: Deration
	Tbrk Calculated:0.000000

Reference Designator = R6
Warning: Deration
INFO(ORPSPAA-7028): TBreak (Tknee)is less than Simulation Temprature. Check the slope[RSMAX] or maximum temperature[RTMAX].

Reference Designator = R6
Info: Deration
	Tbrk Calculated:0.000000

Reference Designator = R6
Warning: Deration
INFO(ORPSPAA-7028): TBreak (Tknee)is less than Simulation Temprature. Check the slope[RSMAX] or maximum temperature[RTMAX].

Reference Designator = R6
Info: Deration
	Tbrk Calculated:0.000000

Reference Designator = R7
Warning: Deration
INFO(ORPSPAA-7028): TBreak (Tknee)is less than Simulation Temprature. Check the slope[RSMAX] or maximum temperature[RTMAX].

Reference Designator = R7
Info: Deration
	Tbrk Calculated:0.000000

Reference Designator = R7
Warning: Deration
INFO(ORPSPAA-7028): TBreak (Tknee)is less than Simulation Temprature. Check the slope[RSMAX] or maximum temperature[RTMAX].

Reference Designator = R7
Info: Deration
	Tbrk Calculated:0.000000

Reference Designator = R7
Warning: Deration
INFO(ORPSPAA-7028): TBreak (Tknee)is less than Simulation Temprature. Check the slope[RSMAX] or maximum temperature[RTMAX].

Reference Designator = R7
Info: Deration
	Tbrk Calculated:0.000000

Reference Designator = R8
Warning: Deration
INFO(ORPSPAA-7028): TBreak (Tknee)is less than Simulation Temprature. Check the slope[RSMAX] or maximum temperature[RTMAX].

Reference Designator = R8
Info: Deration
	Tbrk Calculated:0.000000

Reference Designator = R8
Warning: Deration
INFO(ORPSPAA-7028): TBreak (Tknee)is less than Simulation Temprature. Check the slope[RSMAX] or maximum temperature[RTMAX].

Reference Designator = R8
Info: Deration
	Tbrk Calculated:0.000000

Reference Designator = R8
Warning: Deration
INFO(ORPSPAA-7028): TBreak (Tknee)is less than Simulation Temprature. Check the slope[RSMAX] or maximum temperature[RTMAX].

Reference Designator = R8
Info: Deration
	Tbrk Calculated:0.000000

Reference Designator = R9
Warning: Deration
INFO(ORPSPAA-7028): TBreak (Tknee)is less than Simulation Temprature. Check the slope[RSMAX] or maximum temperature[RTMAX].

Reference Designator = R9
Info: Deration
	Tbrk Calculated:0.000000

Reference Designator = R9
Warning: Deration
INFO(ORPSPAA-7028): TBreak (Tknee)is less than Simulation Temprature. Check the slope[RSMAX] or maximum temperature[RTMAX].

Reference Designator = R9
Info: Deration
	Tbrk Calculated:0.000000

Reference Designator = R9
Warning: Deration
INFO(ORPSPAA-7028): TBreak (Tknee)is less than Simulation Temprature. Check the slope[RSMAX] or maximum temperature[RTMAX].

Reference Designator = R9
Info: Deration
	Tbrk Calculated:0.000000

Reference Designator = R10
Warning: Deration
INFO(ORPSPAA-7028): TBreak (Tknee)is less than Simulation Temprature. Check the slope[RSMAX] or maximum temperature[RTMAX].

Reference Designator = R10
Info: Deration
	Tbrk Calculated:0.000000

Reference Designator = R10
Warning: Deration
INFO(ORPSPAA-7028): TBreak (Tknee)is less than Simulation Temprature. Check the slope[RSMAX] or maximum temperature[RTMAX].

Reference Designator = R10
Info: Deration
	Tbrk Calculated:0.000000

Reference Designator = R10
Warning: Deration
INFO(ORPSPAA-7028): TBreak (Tknee)is less than Simulation Temprature. Check the slope[RSMAX] or maximum temperature[RTMAX].

Reference Designator = R10
Info: Deration
	Tbrk Calculated:0.000000

Reference Designator = R11
Warning: Deration
INFO(ORPSPAA-7028): TBreak (Tknee)is less than Simulation Temprature. Check the slope[RSMAX] or maximum temperature[RTMAX].

Reference Designator = R11
Info: Deration
	Tbrk Calculated:0.000000

Reference Designator = R11
Warning: Deration
INFO(ORPSPAA-7028): TBreak (Tknee)is less than Simulation Temprature. Check the slope[RSMAX] or maximum temperature[RTMAX].

Reference Designator = R11
Info: Deration
	Tbrk Calculated:0.000000

Reference Designator = R11
Warning: Deration
INFO(ORPSPAA-7028): TBreak (Tknee)is less than Simulation Temprature. Check the slope[RSMAX] or maximum temperature[RTMAX].

Reference Designator = R11
Info: Deration
	Tbrk Calculated:0.000000

Reference Designator = R12
Warning: Deration
INFO(ORPSPAA-7028): TBreak (Tknee)is less than Simulation Temprature. Check the slope[RSMAX] or maximum temperature[RTMAX].

Reference Designator = R12
Info: Deration
	Tbrk Calculated:0.000000

Reference Designator = R12
Warning: Deration
INFO(ORPSPAA-7028): TBreak (Tknee)is less than Simulation Temprature. Check the slope[RSMAX] or maximum temperature[RTMAX].

Reference Designator = R12
Info: Deration
	Tbrk Calculated:0.000000

Reference Designator = R12
Warning: Deration
INFO(ORPSPAA-7028): TBreak (Tknee)is less than Simulation Temprature. Check the slope[RSMAX] or maximum temperature[RTMAX].

Reference Designator = R12
Info: Deration
	Tbrk Calculated:0.000000

Reference Designator = R4
Warning: Deration
INFO(ORPSPAA-7028): TBreak (Tknee)is less than Simulation Temprature. Check the slope[RSMAX] or maximum temperature[RTMAX].

Reference Designator = R4
Info: Deration
	Tbrk Calculated:0.000000

Reference Designator = R4
Warning: Deration
INFO(ORPSPAA-7028): TBreak (Tknee)is less than Simulation Temprature. Check the slope[RSMAX] or maximum temperature[RTMAX].

Reference Designator = R4
Info: Deration
	Tbrk Calculated:0.000000

Reference Designator = R4
Warning: Deration
INFO(ORPSPAA-7028): TBreak (Tknee)is less than Simulation Temprature. Check the slope[RSMAX] or maximum temperature[RTMAX].

Reference Designator = R4
Info: Deration
	Tbrk Calculated:0.000000

Reference Designator = R3
Warning: Deration
INFO(ORPSPAA-7028): TBreak (Tknee)is less than Simulation Temprature. Check the slope[RSMAX] or maximum temperature[RTMAX].

Reference Designator = R3
Info: Deration
	Tbrk Calculated:0.000000

Reference Designator = R3
Warning: Deration
INFO(ORPSPAA-7028): TBreak (Tknee)is less than Simulation Temprature. Check the slope[RSMAX] or maximum temperature[RTMAX].

Reference Designator = R3
Info: Deration
	Tbrk Calculated:0.000000

Reference Designator = R3
Warning: Deration
INFO(ORPSPAA-7028): TBreak (Tknee)is less than Simulation Temprature. Check the slope[RSMAX] or maximum temperature[RTMAX].

Reference Designator = R3
Info: Deration
	Tbrk Calculated:0.000000

Reference Designator = R15
Warning: Deration
INFO(ORPSPAA-7028): TBreak (Tknee)is less than Simulation Temprature. Check the slope[RSMAX] or maximum temperature[RTMAX].

Reference Designator = R15
Info: Deration
	Tbrk Calculated:0.000000

Reference Designator = R15
Warning: Deration
INFO(ORPSPAA-7028): TBreak (Tknee)is less than Simulation Temprature. Check the slope[RSMAX] or maximum temperature[RTMAX].

Reference Designator = R15
Info: Deration
	Tbrk Calculated:0.000000

Reference Designator = R15
Warning: Deration
INFO(ORPSPAA-7028): TBreak (Tknee)is less than Simulation Temprature. Check the slope[RSMAX] or maximum temperature[RTMAX].

Reference Designator = R15
Info: Deration
	Tbrk Calculated:0.000000

Reference Designator = R16
Warning: Deration
INFO(ORPSPAA-7028): TBreak (Tknee)is less than Simulation Temprature. Check the slope[RSMAX] or maximum temperature[RTMAX].

Reference Designator = R16
Info: Deration
	Tbrk Calculated:0.000000

Reference Designator = R16
Warning: Deration
INFO(ORPSPAA-7028): TBreak (Tknee)is less than Simulation Temprature. Check the slope[RSMAX] or maximum temperature[RTMAX].

Reference Designator = R16
Info: Deration
	Tbrk Calculated:0.000000

Reference Designator = R16
Warning: Deration
INFO(ORPSPAA-7028): TBreak (Tknee)is less than Simulation Temprature. Check the slope[RSMAX] or maximum temperature[RTMAX].

Reference Designator = R16
Info: Deration
	Tbrk Calculated:0.000000

Reference Designator = R13
Warning: Deration
INFO(ORPSPAA-7028): TBreak (Tknee)is less than Simulation Temprature. Check the slope[RSMAX] or maximum temperature[RTMAX].

Reference Designator = R13
Info: Deration
	Tbrk Calculated:0.000000

Reference Designator = R13
Warning: Deration
INFO(ORPSPAA-7028): TBreak (Tknee)is less than Simulation Temprature. Check the slope[RSMAX] or maximum temperature[RTMAX].

Reference Designator = R13
Info: Deration
	Tbrk Calculated:0.000000

Reference Designator = R13
Warning: Deration
INFO(ORPSPAA-7028): TBreak (Tknee)is less than Simulation Temprature. Check the slope[RSMAX] or maximum temperature[RTMAX].

Reference Designator = R13
Info: Deration
	Tbrk Calculated:0.000000

Reference Designator = R14
Warning: Deration
INFO(ORPSPAA-7028): TBreak (Tknee)is less than Simulation Temprature. Check the slope[RSMAX] or maximum temperature[RTMAX].

Reference Designator = R14
Info: Deration
	Tbrk Calculated:0.000000

Reference Designator = R14
Warning: Deration
INFO(ORPSPAA-7028): TBreak (Tknee)is less than Simulation Temprature. Check the slope[RSMAX] or maximum temperature[RTMAX].

Reference Designator = R14
Info: Deration
	Tbrk Calculated:0.000000

Reference Designator = R14
Warning: Deration
INFO(ORPSPAA-7028): TBreak (Tknee)is less than Simulation Temprature. Check the slope[RSMAX] or maximum temperature[RTMAX].

Reference Designator = R14
Info: Deration
	Tbrk Calculated:0.000000

Reference Designator = R17
Warning: Deration
INFO(ORPSPAA-7028): TBreak (Tknee)is less than Simulation Temprature. Check the slope[RSMAX] or maximum temperature[RTMAX].

Reference Designator = R17
Info: Deration
	Tbrk Calculated:0.000000

Reference Designator = R17
Warning: Deration
INFO(ORPSPAA-7028): TBreak (Tknee)is less than Simulation Temprature. Check the slope[RSMAX] or maximum temperature[RTMAX].

Reference Designator = R17
Info: Deration
	Tbrk Calculated:0.000000

Reference Designator = R17
Warning: Deration
INFO(ORPSPAA-7028): TBreak (Tknee)is less than Simulation Temprature. Check the slope[RSMAX] or maximum temperature[RTMAX].

Reference Designator = R17
Info: Deration
	Tbrk Calculated:0.000000

Reference Designator = R18
Warning: Deration
INFO(ORPSPAA-7028): TBreak (Tknee)is less than Simulation Temprature. Check the slope[RSMAX] or maximum temperature[RTMAX].

Reference Designator = R18
Info: Deration
	Tbrk Calculated:0.000000

Reference Designator = R18
Warning: Deration
INFO(ORPSPAA-7028): TBreak (Tknee)is less than Simulation Temprature. Check the slope[RSMAX] or maximum temperature[RTMAX].

Reference Designator = R18
Info: Deration
	Tbrk Calculated:0.000000

Reference Designator = R18
Warning: Deration
INFO(ORPSPAA-7028): TBreak (Tknee)is less than Simulation Temprature. Check the slope[RSMAX] or maximum temperature[RTMAX].

Reference Designator = R18
Info: Deration
	Tbrk Calculated:0.000000

Reference Designator = R19
Warning: Deration
INFO(ORPSPAA-7028): TBreak (Tknee)is less than Simulation Temprature. Check the slope[RSMAX] or maximum temperature[RTMAX].

Reference Designator = R19
Info: Deration
	Tbrk Calculated:0.000000

Reference Designator = R19
Warning: Deration
INFO(ORPSPAA-7028): TBreak (Tknee)is less than Simulation Temprature. Check the slope[RSMAX] or maximum temperature[RTMAX].

Reference Designator = R19
Info: Deration
	Tbrk Calculated:0.000000

Reference Designator = R19
Warning: Deration
INFO(ORPSPAA-7028): TBreak (Tknee)is less than Simulation Temprature. Check the slope[RSMAX] or maximum temperature[RTMAX].

Reference Designator = R19
Info: Deration
	Tbrk Calculated:0.000000

Reference Designator = R20
Warning: Deration
INFO(ORPSPAA-7028): TBreak (Tknee)is less than Simulation Temprature. Check the slope[RSMAX] or maximum temperature[RTMAX].

Reference Designator = R20
Info: Deration
	Tbrk Calculated:0.000000

Reference Designator = R20
Warning: Deration
INFO(ORPSPAA-7028): TBreak (Tknee)is less than Simulation Temprature. Check the slope[RSMAX] or maximum temperature[RTMAX].

Reference Designator = R20
Info: Deration
	Tbrk Calculated:0.000000

Reference Designator = R20
Warning: Deration
INFO(ORPSPAA-7028): TBreak (Tknee)is less than Simulation Temprature. Check the slope[RSMAX] or maximum temperature[RTMAX].

Reference Designator = R20
Info: Deration
	Tbrk Calculated:0.000000


***** Analysis Summary *****

Reference Designator = C1


Reference Designator = R1
	The following parameter(s) had undefined
	Maximum Operating Value(s)
		RV


Reference Designator = Q3
	The following parameter(s) had undefined
	Maximum Operating Value(s)
		IB
		SB


Reference Designator = Q5
	The following parameter(s) had undefined
	Maximum Operating Value(s)
		IB
		SB


Reference Designator = R6
	The following parameter(s) had undefined
	Maximum Operating Value(s)
		RV


Reference Designator = R7
	The following parameter(s) had undefined
	Maximum Operating Value(s)
		RV


Reference Designator = Q6
	The following parameter(s) had undefined
	Maximum Operating Value(s)
		IB
		SB


Reference Designator = Q7
	The following parameter(s) had undefined
	Maximum Operating Value(s)
		SB
	The following parameter(s) could not be
	evaluated due to missing data
		IC
		IB
		VCB
		VCE
		VEB

Reference Designator = R8
	The following parameter(s) had undefined
	Maximum Operating Value(s)
		RV


Reference Designator = R9
	The following parameter(s) had undefined
	Maximum Operating Value(s)
		RV


Reference Designator = R10
	The following parameter(s) had undefined
	Maximum Operating Value(s)
		RV


Reference Designator = R11
	The following parameter(s) had undefined
	Maximum Operating Value(s)
		RV


Reference Designator = C2


Reference Designator = C3


Reference Designator = R12
	The following parameter(s) had undefined
	Maximum Operating Value(s)
		RV


Reference Designator = R4
	The following parameter(s) had undefined
	Maximum Operating Value(s)
		RV


Reference Designator = R3
	The following parameter(s) had undefined
	Maximum Operating Value(s)
		RV


Reference Designator = Q21
	The following parameter(s) had undefined
	Maximum Operating Value(s)
		SB
	The following parameter(s) could not be
	evaluated due to missing data
		IC
		IB
		VCB
		VCE
		VEB

Reference Designator = Q27
	The following parameter(s) had undefined
	Maximum Operating Value(s)
		SB
	The following parameter(s) could not be
	evaluated due to missing data
		IC
		IB
		VCB
		VCE
		VEB

Reference Designator = R15
	The following parameter(s) had undefined
	Maximum Operating Value(s)
		RV


Reference Designator = Q22
	The following parameter(s) had undefined
	Maximum Operating Value(s)
		SB
	The following parameter(s) could not be
	evaluated due to missing data
		IC
		IB
		VCB
		VCE
		VEB

Reference Designator = R16
	The following parameter(s) had undefined
	Maximum Operating Value(s)
		RV


Reference Designator = R13
	The following parameter(s) had undefined
	Maximum Operating Value(s)
		RV


Reference Designator = Q23
	The following parameter(s) had undefined
	Maximum Operating Value(s)
		SB
	The following parameter(s) could not be
	evaluated due to missing data
		IC
		IB
		VCB
		VCE
		VEB

Reference Designator = R14
	The following parameter(s) had undefined
	Maximum Operating Value(s)
		RV


Reference Designator = Q24
	The following parameter(s) had undefined
	Maximum Operating Value(s)
		SB
	The following parameter(s) could not be
	evaluated due to missing data
		IC
		IB
		VCB
		VCE
		VEB

Reference Designator = Q25
	The following parameter(s) had undefined
	Maximum Operating Value(s)
		SB
	The following parameter(s) could not be
	evaluated due to missing data
		IC
		IB
		VCB
		VCE
		VEB

Reference Designator = Q20
	The following parameter(s) had undefined
	Maximum Operating Value(s)
		SB
	The following parameter(s) could not be
	evaluated due to missing data
		IC
		IB
		VCB
		VCE
		VEB

Reference Designator = Q26
	The following parameter(s) had undefined
	Maximum Operating Value(s)
		SB
	The following parameter(s) could not be
	evaluated due to missing data
		IC
		IB
		VCB
		VCE
		VEB

Reference Designator = R17
	The following parameter(s) had undefined
	Maximum Operating Value(s)
		RV


Reference Designator = Q28
	The following parameter(s) had undefined
	Maximum Operating Value(s)
		IB
		SB


Reference Designator = Q29
	The following parameter(s) had undefined
	Maximum Operating Value(s)
		IB
		SB


Reference Designator = R18
	The following parameter(s) had undefined
	Maximum Operating Value(s)
		RV


Reference Designator = R19
	The following parameter(s) had undefined
	Maximum Operating Value(s)
		RV


Reference Designator = Q31
	The following parameter(s) had undefined
	Maximum Operating Value(s)
		IB
		SB


Reference Designator = Q30
	The following parameter(s) had undefined
	Maximum Operating Value(s)
		IB
		SB


Reference Designator = R20
	The following parameter(s) had undefined
	Maximum Operating Value(s)
		RV


Reference Designator = Q32
	The following parameter(s) had undefined
	Maximum Operating Value(s)
		IB
		SB


Reference Designator = Q33
	The following parameter(s) had undefined
	Maximum Operating Value(s)
		IB
		SB


