Smoke Analysis Run : Sun Mar  6 16:40:01 2022


Reference Designator = R6
Info:
	Smoke test RV will not be done.
	The Maximum Operating Value is not defined.

Reference Designator = R7
Info:
	Smoke test RV will not be done.
	The Maximum Operating Value is not defined.

Reference Designator = Q6
Info:
	Smoke test IB will not be done.
	The Maximum Operating Value is not defined.

Reference Designator = Q6
Info:
	Smoke test SB will not be done.
	The Maximum Operating Value is not defined.

Reference Designator = Q7
Info:
	Smoke test IB will not be done.
	The Maximum Operating Value is not defined.

Reference Designator = Q7
Info:
	Smoke test SB will not be done.
	The Maximum Operating Value is not defined.

Reference Designator = R8
Info:
	Smoke test RV will not be done.
	The Maximum Operating Value is not defined.

Reference Designator = R9
Info:
	Smoke test RV will not be done.
	The Maximum Operating Value is not defined.

Reference Designator = R10
Info:
	Smoke test RV will not be done.
	The Maximum Operating Value is not defined.

Reference Designator = R16
Info:
	Smoke test RV will not be done.
	The Maximum Operating Value is not defined.

Reference Designator = R21
Info:
	Smoke test RV will not be done.
	The Maximum Operating Value is not defined.

Reference Designator = D2
Info:
	Smoke test IF will not be done.
	The Maximum Operating Value is not defined.

Reference Designator = D5
Info:
	Smoke test IF will not be done.
	The Maximum Operating Value is not defined.

Reference Designator = R23
Info:
	Smoke test RV will not be done.
	The Maximum Operating Value is not defined.

Reference Designator = R24
Info:
	Smoke test RV will not be done.
	The Maximum Operating Value is not defined.

Reference Designator = R25
Info:
	Smoke test RV will not be done.
	The Maximum Operating Value is not defined.

Reference Designator = R26
Info:
	Smoke test RV will not be done.
	The Maximum Operating Value is not defined.

Reference Designator = R28
Info:
	Smoke test RV will not be done.
	The Maximum Operating Value is not defined.

Reference Designator = R5
Info:
	Smoke test RV will not be done.
	The Maximum Operating Value is not defined.

Reference Designator = R29
Info:
	Smoke test RV will not be done.
	The Maximum Operating Value is not defined.

Reference Designator = R4
Info:
	Smoke test RV will not be done.
	The Maximum Operating Value is not defined.

Reference Designator = R3
Info:
	Smoke test RV will not be done.
	The Maximum Operating Value is not defined.

Reference Designator = R35
Info:
	Smoke test RV will not be done.
	The Maximum Operating Value is not defined.

Reference Designator = R36
Info:
	Smoke test RV will not be done.
	The Maximum Operating Value is not defined.

Reference Designator = Q29
Info:
	Smoke test IB will not be done.
	The Maximum Operating Value is not defined.

Reference Designator = Q29
Info:
	Smoke test SB will not be done.
	The Maximum Operating Value is not defined.

Reference Designator = Q30
Info:
	Smoke test IB will not be done.
	The Maximum Operating Value is not defined.

Reference Designator = Q30
Info:
	Smoke test SB will not be done.
	The Maximum Operating Value is not defined.

Reference Designator = R38
Info:
	Smoke test RV will not be done.
	The Maximum Operating Value is not defined.

Reference Designator = Q31
Info:
	Smoke test IB will not be done.
	The Maximum Operating Value is not defined.

Reference Designator = Q31
Info:
	Smoke test SB will not be done.
	The Maximum Operating Value is not defined.

Reference Designator = R37
Info:
	Smoke test RV will not be done.
	The Maximum Operating Value is not defined.

Reference Designator = Q43
Info:
	Smoke test IB will not be done.
	The Maximum Operating Value is not defined.

Reference Designator = Q43
Info:
	Smoke test SB will not be done.
	The Maximum Operating Value is not defined.

Reference Designator = Q44
Info:
	Smoke test IB will not be done.
	The Maximum Operating Value is not defined.

Reference Designator = Q44
Info:
	Smoke test SB will not be done.
	The Maximum Operating Value is not defined.

Reference Designator = R39
Info:
	Smoke test RV will not be done.
	The Maximum Operating Value is not defined.

Reference Designator = R40
Info:
	Smoke test RV will not be done.
	The Maximum Operating Value is not defined.

Reference Designator = R41
Info:
	Smoke test RV will not be done.
	The Maximum Operating Value is not defined.

Reference Designator = R42
Info:
	Smoke test RV will not be done.
	The Maximum Operating Value is not defined.

Reference Designator = D2
Warning:
	The default PDM value specified in the
	design property map will be used during smoke check.
	The following information is missing in the design property map:
		RCA
		RJC

Reference Designator = D3
Warning:
	The default PDM value specified in the
	design property map will be used during smoke check.
	The following information is missing in the design property map:
		RCA
		RJC

Reference Designator = D5
Warning:
	The default PDM value specified in the
	design property map will be used during smoke check.
	The following information is missing in the design property map:
		RCA
		RJC

Reference Designator = D4
Warning:
	The default PDM value specified in the
	design property map will be used during smoke check.
	The following information is missing in the design property map:
		RCA
		RJC

Reference Designator = Q29
Warning:
	The default PDM value specified in the
	design property map will be used during smoke check.
	The following information is missing in the design property map:
		RCA
		RJC

Reference Designator = Q30
Warning:
	The default PDM value specified in the
	design property map will be used during smoke check.
	The following information is missing in the design property map:
		RCA
		RJC

Reference Designator = Q44
Warning:
	The default PDM value specified in the
	design property map will be used during smoke check.
	The following information is missing in the design property map:
		RCA
		RJC

Reference Designator = R6
Warning: Deration
INFO(ORPSPAA-7028): TBreak (Tknee)is less than Simulation Temprature. Check the slope[RSMAX] or maximum temperature[RTMAX].

Reference Designator = R6
Info: Deration
	Tbrk Calculated:0.000000

Reference Designator = R6
Warning: Deration
INFO(ORPSPAA-7028): TBreak (Tknee)is less than Simulation Temprature. Check the slope[RSMAX] or maximum temperature[RTMAX].

Reference Designator = R6
Info: Deration
	Tbrk Calculated:0.000000

Reference Designator = R6
Warning: Deration
INFO(ORPSPAA-7028): TBreak (Tknee)is less than Simulation Temprature. Check the slope[RSMAX] or maximum temperature[RTMAX].

Reference Designator = R6
Info: Deration
	Tbrk Calculated:0.000000

Reference Designator = R7
Warning: Deration
INFO(ORPSPAA-7028): TBreak (Tknee)is less than Simulation Temprature. Check the slope[RSMAX] or maximum temperature[RTMAX].

Reference Designator = R7
Info: Deration
	Tbrk Calculated:0.000000

Reference Designator = R7
Warning: Deration
INFO(ORPSPAA-7028): TBreak (Tknee)is less than Simulation Temprature. Check the slope[RSMAX] or maximum temperature[RTMAX].

Reference Designator = R7
Info: Deration
	Tbrk Calculated:0.000000

Reference Designator = R7
Warning: Deration
INFO(ORPSPAA-7028): TBreak (Tknee)is less than Simulation Temprature. Check the slope[RSMAX] or maximum temperature[RTMAX].

Reference Designator = R7
Info: Deration
	Tbrk Calculated:0.000000

Reference Designator = R8
Warning: Deration
INFO(ORPSPAA-7028): TBreak (Tknee)is less than Simulation Temprature. Check the slope[RSMAX] or maximum temperature[RTMAX].

Reference Designator = R8
Info: Deration
	Tbrk Calculated:0.000000

Reference Designator = R8
Warning: Deration
INFO(ORPSPAA-7028): TBreak (Tknee)is less than Simulation Temprature. Check the slope[RSMAX] or maximum temperature[RTMAX].

Reference Designator = R8
Info: Deration
	Tbrk Calculated:0.000000

Reference Designator = R8
Warning: Deration
INFO(ORPSPAA-7028): TBreak (Tknee)is less than Simulation Temprature. Check the slope[RSMAX] or maximum temperature[RTMAX].

Reference Designator = R8
Info: Deration
	Tbrk Calculated:0.000000

Reference Designator = R9
Warning: Deration
INFO(ORPSPAA-7028): TBreak (Tknee)is less than Simulation Temprature. Check the slope[RSMAX] or maximum temperature[RTMAX].

Reference Designator = R9
Info: Deration
	Tbrk Calculated:0.000000

Reference Designator = R9
Warning: Deration
INFO(ORPSPAA-7028): TBreak (Tknee)is less than Simulation Temprature. Check the slope[RSMAX] or maximum temperature[RTMAX].

Reference Designator = R9
Info: Deration
	Tbrk Calculated:0.000000

Reference Designator = R9
Warning: Deration
INFO(ORPSPAA-7028): TBreak (Tknee)is less than Simulation Temprature. Check the slope[RSMAX] or maximum temperature[RTMAX].

Reference Designator = R9
Info: Deration
	Tbrk Calculated:0.000000

Reference Designator = R10
Warning: Deration
INFO(ORPSPAA-7028): TBreak (Tknee)is less than Simulation Temprature. Check the slope[RSMAX] or maximum temperature[RTMAX].

Reference Designator = R10
Info: Deration
	Tbrk Calculated:0.000000

Reference Designator = R10
Warning: Deration
INFO(ORPSPAA-7028): TBreak (Tknee)is less than Simulation Temprature. Check the slope[RSMAX] or maximum temperature[RTMAX].

Reference Designator = R10
Info: Deration
	Tbrk Calculated:0.000000

Reference Designator = R10
Warning: Deration
INFO(ORPSPAA-7028): TBreak (Tknee)is less than Simulation Temprature. Check the slope[RSMAX] or maximum temperature[RTMAX].

Reference Designator = R10
Info: Deration
	Tbrk Calculated:0.000000

Reference Designator = R16
Warning: Deration
INFO(ORPSPAA-7028): TBreak (Tknee)is less than Simulation Temprature. Check the slope[RSMAX] or maximum temperature[RTMAX].

Reference Designator = R16
Info: Deration
	Tbrk Calculated:0.000000

Reference Designator = R16
Warning: Deration
INFO(ORPSPAA-7028): TBreak (Tknee)is less than Simulation Temprature. Check the slope[RSMAX] or maximum temperature[RTMAX].

Reference Designator = R16
Info: Deration
	Tbrk Calculated:0.000000

Reference Designator = R16
Warning: Deration
INFO(ORPSPAA-7028): TBreak (Tknee)is less than Simulation Temprature. Check the slope[RSMAX] or maximum temperature[RTMAX].

Reference Designator = R16
Info: Deration
	Tbrk Calculated:0.000000

Reference Designator = R21
Warning: Deration
INFO(ORPSPAA-7028): TBreak (Tknee)is less than Simulation Temprature. Check the slope[RSMAX] or maximum temperature[RTMAX].

Reference Designator = R21
Info: Deration
	Tbrk Calculated:0.000000

Reference Designator = R21
Warning: Deration
INFO(ORPSPAA-7028): TBreak (Tknee)is less than Simulation Temprature. Check the slope[RSMAX] or maximum temperature[RTMAX].

Reference Designator = R21
Info: Deration
	Tbrk Calculated:0.000000

Reference Designator = R21
Warning: Deration
INFO(ORPSPAA-7028): TBreak (Tknee)is less than Simulation Temprature. Check the slope[RSMAX] or maximum temperature[RTMAX].

Reference Designator = R21
Info: Deration
	Tbrk Calculated:0.000000

Reference Designator = R23
Warning: Deration
INFO(ORPSPAA-7028): TBreak (Tknee)is less than Simulation Temprature. Check the slope[RSMAX] or maximum temperature[RTMAX].

Reference Designator = R23
Info: Deration
	Tbrk Calculated:0.000000

Reference Designator = R23
Warning: Deration
INFO(ORPSPAA-7028): TBreak (Tknee)is less than Simulation Temprature. Check the slope[RSMAX] or maximum temperature[RTMAX].

Reference Designator = R23
Info: Deration
	Tbrk Calculated:0.000000

Reference Designator = R23
Warning: Deration
INFO(ORPSPAA-7028): TBreak (Tknee)is less than Simulation Temprature. Check the slope[RSMAX] or maximum temperature[RTMAX].

Reference Designator = R23
Info: Deration
	Tbrk Calculated:0.000000

Reference Designator = R24
Warning: Deration
INFO(ORPSPAA-7028): TBreak (Tknee)is less than Simulation Temprature. Check the slope[RSMAX] or maximum temperature[RTMAX].

Reference Designator = R24
Info: Deration
	Tbrk Calculated:0.000000

Reference Designator = R24
Warning: Deration
INFO(ORPSPAA-7028): TBreak (Tknee)is less than Simulation Temprature. Check the slope[RSMAX] or maximum temperature[RTMAX].

Reference Designator = R24
Info: Deration
	Tbrk Calculated:0.000000

Reference Designator = R24
Warning: Deration
INFO(ORPSPAA-7028): TBreak (Tknee)is less than Simulation Temprature. Check the slope[RSMAX] or maximum temperature[RTMAX].

Reference Designator = R24
Info: Deration
	Tbrk Calculated:0.000000

Reference Designator = R25
Warning: Deration
INFO(ORPSPAA-7028): TBreak (Tknee)is less than Simulation Temprature. Check the slope[RSMAX] or maximum temperature[RTMAX].

Reference Designator = R25
Info: Deration
	Tbrk Calculated:0.000000

Reference Designator = R25
Warning: Deration
INFO(ORPSPAA-7028): TBreak (Tknee)is less than Simulation Temprature. Check the slope[RSMAX] or maximum temperature[RTMAX].

Reference Designator = R25
Info: Deration
	Tbrk Calculated:0.000000

Reference Designator = R25
Warning: Deration
INFO(ORPSPAA-7028): TBreak (Tknee)is less than Simulation Temprature. Check the slope[RSMAX] or maximum temperature[RTMAX].

Reference Designator = R25
Info: Deration
	Tbrk Calculated:0.000000

Reference Designator = R26
Warning: Deration
INFO(ORPSPAA-7028): TBreak (Tknee)is less than Simulation Temprature. Check the slope[RSMAX] or maximum temperature[RTMAX].

Reference Designator = R26
Info: Deration
	Tbrk Calculated:0.000000

Reference Designator = R26
Warning: Deration
INFO(ORPSPAA-7028): TBreak (Tknee)is less than Simulation Temprature. Check the slope[RSMAX] or maximum temperature[RTMAX].

Reference Designator = R26
Info: Deration
	Tbrk Calculated:0.000000

Reference Designator = R26
Warning: Deration
INFO(ORPSPAA-7028): TBreak (Tknee)is less than Simulation Temprature. Check the slope[RSMAX] or maximum temperature[RTMAX].

Reference Designator = R26
Info: Deration
	Tbrk Calculated:0.000000

Reference Designator = R5
Warning: Deration
INFO(ORPSPAA-7028): TBreak (Tknee)is less than Simulation Temprature. Check the slope[RSMAX] or maximum temperature[RTMAX].

Reference Designator = R5
Info: Deration
	Tbrk Calculated:0.000000

Reference Designator = R5
Warning: Deration
INFO(ORPSPAA-7028): TBreak (Tknee)is less than Simulation Temprature. Check the slope[RSMAX] or maximum temperature[RTMAX].

Reference Designator = R5
Info: Deration
	Tbrk Calculated:0.000000

Reference Designator = R5
Warning: Deration
INFO(ORPSPAA-7028): TBreak (Tknee)is less than Simulation Temprature. Check the slope[RSMAX] or maximum temperature[RTMAX].

Reference Designator = R5
Info: Deration
	Tbrk Calculated:0.000000

Reference Designator = R29
Warning: Deration
INFO(ORPSPAA-7028): TBreak (Tknee)is less than Simulation Temprature. Check the slope[RSMAX] or maximum temperature[RTMAX].

Reference Designator = R29
Info: Deration
	Tbrk Calculated:0.000000

Reference Designator = R29
Warning: Deration
INFO(ORPSPAA-7028): TBreak (Tknee)is less than Simulation Temprature. Check the slope[RSMAX] or maximum temperature[RTMAX].

Reference Designator = R29
Info: Deration
	Tbrk Calculated:0.000000

Reference Designator = R29
Warning: Deration
INFO(ORPSPAA-7028): TBreak (Tknee)is less than Simulation Temprature. Check the slope[RSMAX] or maximum temperature[RTMAX].

Reference Designator = R29
Info: Deration
	Tbrk Calculated:0.000000

Reference Designator = R4
Warning: Deration
INFO(ORPSPAA-7028): TBreak (Tknee)is less than Simulation Temprature. Check the slope[RSMAX] or maximum temperature[RTMAX].

Reference Designator = R4
Info: Deration
	Tbrk Calculated:0.000000

Reference Designator = R4
Warning: Deration
INFO(ORPSPAA-7028): TBreak (Tknee)is less than Simulation Temprature. Check the slope[RSMAX] or maximum temperature[RTMAX].

Reference Designator = R4
Info: Deration
	Tbrk Calculated:0.000000

Reference Designator = R4
Warning: Deration
INFO(ORPSPAA-7028): TBreak (Tknee)is less than Simulation Temprature. Check the slope[RSMAX] or maximum temperature[RTMAX].

Reference Designator = R4
Info: Deration
	Tbrk Calculated:0.000000

Reference Designator = R3
Warning: Deration
INFO(ORPSPAA-7028): TBreak (Tknee)is less than Simulation Temprature. Check the slope[RSMAX] or maximum temperature[RTMAX].

Reference Designator = R3
Info: Deration
	Tbrk Calculated:0.000000

Reference Designator = R3
Warning: Deration
INFO(ORPSPAA-7028): TBreak (Tknee)is less than Simulation Temprature. Check the slope[RSMAX] or maximum temperature[RTMAX].

Reference Designator = R3
Info: Deration
	Tbrk Calculated:0.000000

Reference Designator = R3
Warning: Deration
INFO(ORPSPAA-7028): TBreak (Tknee)is less than Simulation Temprature. Check the slope[RSMAX] or maximum temperature[RTMAX].

Reference Designator = R3
Info: Deration
	Tbrk Calculated:0.000000

Reference Designator = R35
Warning: Deration
INFO(ORPSPAA-7028): TBreak (Tknee)is less than Simulation Temprature. Check the slope[RSMAX] or maximum temperature[RTMAX].

Reference Designator = R35
Info: Deration
	Tbrk Calculated:0.000000

Reference Designator = R35
Warning: Deration
INFO(ORPSPAA-7028): TBreak (Tknee)is less than Simulation Temprature. Check the slope[RSMAX] or maximum temperature[RTMAX].

Reference Designator = R35
Info: Deration
	Tbrk Calculated:0.000000

Reference Designator = R35
Warning: Deration
INFO(ORPSPAA-7028): TBreak (Tknee)is less than Simulation Temprature. Check the slope[RSMAX] or maximum temperature[RTMAX].

Reference Designator = R35
Info: Deration
	Tbrk Calculated:0.000000

Reference Designator = R36
Warning: Deration
INFO(ORPSPAA-7028): TBreak (Tknee)is less than Simulation Temprature. Check the slope[RSMAX] or maximum temperature[RTMAX].

Reference Designator = R36
Info: Deration
	Tbrk Calculated:0.000000

Reference Designator = R36
Warning: Deration
INFO(ORPSPAA-7028): TBreak (Tknee)is less than Simulation Temprature. Check the slope[RSMAX] or maximum temperature[RTMAX].

Reference Designator = R36
Info: Deration
	Tbrk Calculated:0.000000

Reference Designator = R36
Warning: Deration
INFO(ORPSPAA-7028): TBreak (Tknee)is less than Simulation Temprature. Check the slope[RSMAX] or maximum temperature[RTMAX].

Reference Designator = R36
Info: Deration
	Tbrk Calculated:0.000000

Reference Designator = R38
Warning: Deration
INFO(ORPSPAA-7028): TBreak (Tknee)is less than Simulation Temprature. Check the slope[RSMAX] or maximum temperature[RTMAX].

Reference Designator = R38
Info: Deration
	Tbrk Calculated:0.000000

Reference Designator = R38
Warning: Deration
INFO(ORPSPAA-7028): TBreak (Tknee)is less than Simulation Temprature. Check the slope[RSMAX] or maximum temperature[RTMAX].

Reference Designator = R38
Info: Deration
	Tbrk Calculated:0.000000

Reference Designator = R38
Warning: Deration
INFO(ORPSPAA-7028): TBreak (Tknee)is less than Simulation Temprature. Check the slope[RSMAX] or maximum temperature[RTMAX].

Reference Designator = R38
Info: Deration
	Tbrk Calculated:0.000000

Reference Designator = R37
Warning: Deration
INFO(ORPSPAA-7028): TBreak (Tknee)is less than Simulation Temprature. Check the slope[RSMAX] or maximum temperature[RTMAX].

Reference Designator = R37
Info: Deration
	Tbrk Calculated:0.000000

Reference Designator = R37
Warning: Deration
INFO(ORPSPAA-7028): TBreak (Tknee)is less than Simulation Temprature. Check the slope[RSMAX] or maximum temperature[RTMAX].

Reference Designator = R37
Info: Deration
	Tbrk Calculated:0.000000

Reference Designator = R37
Warning: Deration
INFO(ORPSPAA-7028): TBreak (Tknee)is less than Simulation Temprature. Check the slope[RSMAX] or maximum temperature[RTMAX].

Reference Designator = R37
Info: Deration
	Tbrk Calculated:0.000000

Reference Designator = R39
Warning: Deration
INFO(ORPSPAA-7028): TBreak (Tknee)is less than Simulation Temprature. Check the slope[RSMAX] or maximum temperature[RTMAX].

Reference Designator = R39
Info: Deration
	Tbrk Calculated:0.000000

Reference Designator = R39
Warning: Deration
INFO(ORPSPAA-7028): TBreak (Tknee)is less than Simulation Temprature. Check the slope[RSMAX] or maximum temperature[RTMAX].

Reference Designator = R39
Info: Deration
	Tbrk Calculated:0.000000

Reference Designator = R39
Warning: Deration
INFO(ORPSPAA-7028): TBreak (Tknee)is less than Simulation Temprature. Check the slope[RSMAX] or maximum temperature[RTMAX].

Reference Designator = R39
Info: Deration
	Tbrk Calculated:0.000000

Reference Designator = R40
Warning: Deration
INFO(ORPSPAA-7028): TBreak (Tknee)is less than Simulation Temprature. Check the slope[RSMAX] or maximum temperature[RTMAX].

Reference Designator = R40
Info: Deration
	Tbrk Calculated:0.000000

Reference Designator = R40
Warning: Deration
INFO(ORPSPAA-7028): TBreak (Tknee)is less than Simulation Temprature. Check the slope[RSMAX] or maximum temperature[RTMAX].

Reference Designator = R40
Info: Deration
	Tbrk Calculated:0.000000

Reference Designator = R40
Warning: Deration
INFO(ORPSPAA-7028): TBreak (Tknee)is less than Simulation Temprature. Check the slope[RSMAX] or maximum temperature[RTMAX].

Reference Designator = R40
Info: Deration
	Tbrk Calculated:0.000000

Reference Designator = R41
Warning: Deration
INFO(ORPSPAA-7028): TBreak (Tknee)is less than Simulation Temprature. Check the slope[RSMAX] or maximum temperature[RTMAX].

Reference Designator = R41
Info: Deration
	Tbrk Calculated:0.000000

Reference Designator = R41
Warning: Deration
INFO(ORPSPAA-7028): TBreak (Tknee)is less than Simulation Temprature. Check the slope[RSMAX] or maximum temperature[RTMAX].

Reference Designator = R41
Info: Deration
	Tbrk Calculated:0.000000

Reference Designator = R41
Warning: Deration
INFO(ORPSPAA-7028): TBreak (Tknee)is less than Simulation Temprature. Check the slope[RSMAX] or maximum temperature[RTMAX].

Reference Designator = R41
Info: Deration
	Tbrk Calculated:0.000000

Reference Designator = R42
Warning: Deration
INFO(ORPSPAA-7028): TBreak (Tknee)is less than Simulation Temprature. Check the slope[RSMAX] or maximum temperature[RTMAX].

Reference Designator = R42
Info: Deration
	Tbrk Calculated:0.000000

Reference Designator = R42
Warning: Deration
INFO(ORPSPAA-7028): TBreak (Tknee)is less than Simulation Temprature. Check the slope[RSMAX] or maximum temperature[RTMAX].

Reference Designator = R42
Info: Deration
	Tbrk Calculated:0.000000

Reference Designator = R42
Warning: Deration
INFO(ORPSPAA-7028): TBreak (Tknee)is less than Simulation Temprature. Check the slope[RSMAX] or maximum temperature[RTMAX].

Reference Designator = R42
Info: Deration
	Tbrk Calculated:0.000000


***** Analysis Summary *****

Reference Designator = R6
	The following parameter(s) had undefined
	Maximum Operating Value(s)
		RV


Reference Designator = R7
	The following parameter(s) had undefined
	Maximum Operating Value(s)
		RV


Reference Designator = C3


Reference Designator = Q6
	The following parameter(s) had undefined
	Maximum Operating Value(s)
		IB
		SB


Reference Designator = Q7
	The following parameter(s) had undefined
	Maximum Operating Value(s)
		IB
		SB


Reference Designator = R8
	The following parameter(s) had undefined
	Maximum Operating Value(s)
		RV


Reference Designator = R9
	The following parameter(s) had undefined
	Maximum Operating Value(s)
		RV


Reference Designator = D1


Reference Designator = R10
	The following parameter(s) had undefined
	Maximum Operating Value(s)
		RV


Reference Designator = C4


Reference Designator = R16
	The following parameter(s) had undefined
	Maximum Operating Value(s)
		RV


Reference Designator = R21
	The following parameter(s) had undefined
	Maximum Operating Value(s)
		RV


Reference Designator = D2
	The following parameter(s) had undefined
	Maximum Operating Value(s)
		IF


Reference Designator = D3


Reference Designator = D5
	The following parameter(s) had undefined
	Maximum Operating Value(s)
		IF


Reference Designator = D4


Reference Designator = R23
	The following parameter(s) had undefined
	Maximum Operating Value(s)
		RV


Reference Designator = R24
	The following parameter(s) had undefined
	Maximum Operating Value(s)
		RV


Reference Designator = C10


Reference Designator = R25
	The following parameter(s) had undefined
	Maximum Operating Value(s)
		RV


Reference Designator = C11


Reference Designator = D6


Reference Designator = R26
	The following parameter(s) had undefined
	Maximum Operating Value(s)
		RV


Reference Designator = C12


Reference Designator = R28
	The following parameter(s) exceeded the
	Maximum Operating Value(s) specified
		PDM ( PEAK  AVG  RMS )
	The following parameter(s) had undefined
	Maximum Operating Value(s)
		RV


Reference Designator = R5
	The following parameter(s) had undefined
	Maximum Operating Value(s)
		RV


Reference Designator = R29
	The following parameter(s) had undefined
	Maximum Operating Value(s)
		RV


Reference Designator = C2


Reference Designator = C1


Reference Designator = R4
	The following parameter(s) had undefined
	Maximum Operating Value(s)
		RV


Reference Designator = R3
	The following parameter(s) had undefined
	Maximum Operating Value(s)
		RV


Reference Designator = R35
	The following parameter(s) had undefined
	Maximum Operating Value(s)
		RV


Reference Designator = R36
	The following parameter(s) had undefined
	Maximum Operating Value(s)
		RV


Reference Designator = Q29
	The following parameter(s) had undefined
	Maximum Operating Value(s)
		IB
		SB


Reference Designator = Q30
	The following parameter(s) had undefined
	Maximum Operating Value(s)
		IB
		SB


Reference Designator = R38
	The following parameter(s) had undefined
	Maximum Operating Value(s)
		RV


Reference Designator = Q31
	The following parameter(s) had undefined
	Maximum Operating Value(s)
		IB
		SB


Reference Designator = R37
	The following parameter(s) had undefined
	Maximum Operating Value(s)
		RV


Reference Designator = Q43
	The following parameter(s) had undefined
	Maximum Operating Value(s)
		IB
		SB


Reference Designator = C26
	The following parameter(s) exceeded the
	Maximum Operating Value(s) specified
		CV ( PEAK )


Reference Designator = Q44
	The following parameter(s) had undefined
	Maximum Operating Value(s)
		IB
		SB


Reference Designator = R39
	The following parameter(s) had undefined
	Maximum Operating Value(s)
		RV


Reference Designator = C27


Reference Designator = R40
	The following parameter(s) had undefined
	Maximum Operating Value(s)
		RV


Reference Designator = R41
	The following parameter(s) had undefined
	Maximum Operating Value(s)
		RV


Reference Designator = C28


Reference Designator = R42
	The following parameter(s) had undefined
	Maximum Operating Value(s)
		RV


Reference Designator = C29


