Smoke Analysis Run : Fri Jul 30 16:58:48 2021


Reference Designator = R1
Info:
	Smoke test RV will not be done.
	The Maximum Operating Value is not defined.

Reference Designator = R1
Warning: Deration
INFO(ORPSPAA-7028): TBreak (Tknee)is less than Simulation Temprature. Check the slope[RSMAX] or maximum temperature[RTMAX].

Reference Designator = R1
Info: Deration
	Tbrk Calculated:0.000000

Reference Designator = R1
Warning: Deration
INFO(ORPSPAA-7028): TBreak (Tknee)is less than Simulation Temprature. Check the slope[RSMAX] or maximum temperature[RTMAX].

Reference Designator = R1
Info: Deration
	Tbrk Calculated:0.000000

Reference Designator = R1
Warning: Deration
INFO(ORPSPAA-7028): TBreak (Tknee)is less than Simulation Temprature. Check the slope[RSMAX] or maximum temperature[RTMAX].

Reference Designator = R1
Info: Deration
	Tbrk Calculated:0.000000


***** Analysis Summary *****

Reference Designator = C1
	The following parameter(s) exceeded the
	Maximum Operating Value(s) specified
		CV ( PEAK  RMS )


Reference Designator = C2
	The following parameter(s) exceeded the
	Maximum Operating Value(s) specified
		CV ( PEAK  RMS )


Reference Designator = R1
	The following parameter(s) exceeded the
	Maximum Operating Value(s) specified
		PDM ( PEAK )
	The following parameter(s) had undefined
	Maximum Operating Value(s)
		RV


