Data Structures for Stress Analysis Run : Sun Mar  5 11:32:30 2023


CMaxStruct --->
devName = R
devType = RES
topLevelRefDes = R1
refDes = R1
spiceDesig = R
scaldPath = R1
simTemp = 27
simTime = 5
        CMaxParam ------>
        keyword = PDM
        description = Maximum power dissipation
        maxOpStatus = 100
        maxOpValue = 0.25
        maxOpMask = 6
        errorLevel = 0
        peakDeratedMax = 0.16594
        averageDeratedMax = 0.206469
        rmsDeratedMax = 0.197035
        peak = 0.0503098
        average = 0.00978135
        rms = 0.0192153
        peakPercent = 30.318
        averagePercent = 4.73745
        rmsPercent = 9.75226
        node1Index = -1
        node2Index = -1
        currentIndex = -1
        lastValue = 0
        CMaxParam ------>
        keyword = RV
        description = Maximum voltage
        maxOpStatus = 101
        maxOpValue = 1e+35
        maxOpMask = 7
        errorLevel = 1
        peakDeratedMax = 1e+35
        averageDeratedMax = 1e+35
        rmsDeratedMax = 1e+35
        peak = -1e+100
        average = 0
        rms = 0
        peakPercent = 0
        averagePercent = 0
        rmsPercent = 0
        node1Index = -1
        node1 = 1
        node2Index = -1
        node2 = 2
        currentIndex = -1
        lastValue = 0
        CMaxParam ------>
        keyword = TB
        description = Maximum breakdown temperature
        maxOpStatus = 100
        maxOpValue = 200
        maxOpMask = 3
        errorLevel = 0
        peakDeratedMax = 200
        averageDeratedMax = 200
        rmsDeratedMax = 200
        peak = 67.2478
        average = 34.8251
        rms = 42.3723
        peakPercent = 33.6239
        averagePercent = 17.4125
        rmsPercent = 21.1861
        node1Index = -1
        node2Index = -1
        currentIndex = -1
        lastValue = 0
CMaxStruct --->
devName = R
devType = RES
topLevelRefDes = R2
refDes = R2
spiceDesig = R
scaldPath = R2
simTemp = 27
simTime = 5
        CMaxParam ------>
        keyword = PDM
        description = Maximum power dissipation
        maxOpStatus = 100
        maxOpValue = 0.25
        maxOpMask = 6
        errorLevel = 0
        peakDeratedMax = 0.16594
        averageDeratedMax = 0.206469
        rmsDeratedMax = 0.197035
        peak = 0.0503098
        average = 0.00978134
        rms = 0.0192153
        peakPercent = 30.318
        averagePercent = 4.73745
        rmsPercent = 9.75226
        node1Index = -1
        node2Index = -1
        currentIndex = -1
        lastValue = 0
        CMaxParam ------>
        keyword = RV
        description = Maximum voltage
        maxOpStatus = 101
        maxOpValue = 1e+35
        maxOpMask = 7
        errorLevel = 1
        peakDeratedMax = 1e+35
        averageDeratedMax = 1e+35
        rmsDeratedMax = 1e+35
        peak = -1e+100
        average = 0
        rms = 0
        peakPercent = 0
        averagePercent = 0
        rmsPercent = 0
        node1Index = -1
        node1 = 1
        node2Index = -1
        node2 = 2
        currentIndex = -1
        lastValue = 0
        CMaxParam ------>
        keyword = TB
        description = Maximum breakdown temperature
        maxOpStatus = 100
        maxOpValue = 200
        maxOpMask = 3
        errorLevel = 0
        peakDeratedMax = 200
        averageDeratedMax = 200
        rmsDeratedMax = 200
        peak = 67.2478
        average = 34.8251
        rms = 42.3723
        peakPercent = 33.6239
        averagePercent = 17.4125
        rmsPercent = 21.1861
        node1Index = -1
        node2Index = -1
        currentIndex = -1
        lastValue = 0
CMaxStruct --->
devName = R
devType = RES
topLevelRefDes = R3
refDes = R3
spiceDesig = R
scaldPath = R3
simTemp = 27
simTime = 5
        CMaxParam ------>
        keyword = PDM
        description = Maximum power dissipation
        maxOpStatus = 100
        maxOpValue = 0.25
        maxOpMask = 6
        errorLevel = 0
        peakDeratedMax = 0.216178
        averageDeratedMax = 0.216202
        rmsDeratedMax = 0.216196
        peak = 7.23544e-05
        average = 4.75049e-05
        rms = 5.37997e-05
        peakPercent = 0.0334699
        averagePercent = 0.0219724
        rmsPercent = 0.0248847
        node1Index = -1
        node2Index = -1
        currentIndex = -1
        lastValue = 0
        CMaxParam ------>
        keyword = RV
        description = Maximum voltage
        maxOpStatus = 101
        maxOpValue = 1e+35
        maxOpMask = 7
        errorLevel = 1
        peakDeratedMax = 1e+35
        averageDeratedMax = 1e+35
        rmsDeratedMax = 1e+35
        peak = -1e+100
        average = 0
        rms = 0
        peakPercent = 0
        averagePercent = 0
        rmsPercent = 0
        node1Index = -1
        node1 = 1
        node2Index = -1
        node2 = 2
        currentIndex = -1
        lastValue = 0
        CMaxParam ------>
        keyword = TB
        description = Maximum breakdown temperature
        maxOpStatus = 100
        maxOpValue = 200
        maxOpMask = 3
        errorLevel = 0
        peakDeratedMax = 200
        averageDeratedMax = 200
        rmsDeratedMax = 200
        peak = 27.0579
        average = 27.038
        rms = 27.043
        peakPercent = 13.5289
        averagePercent = 13.519
        rmsPercent = 13.5215
        node1Index = -1
        node2Index = -1
        currentIndex = -1
        lastValue = 0
CMaxStruct --->
devName = MPSA42
devType = NPN
topLevelRefDes = Q1
refDes = Q1
spiceDesig = X
scaldPath = Q1
simTemp = 27
simTime = 5
        CMaxParam ------>
        keyword = IC
        description = Max collector current
        maxOpStatus = 100
        maxOpValue = 0.5
        maxOpMask = 3
        errorLevel = 0
        peakDeratedMax = 0.5
        averageDeratedMax = 0.5
        rmsDeratedMax = 0.5
        peak = 0.0028592
        average = 0.000397776
        rms = 0.000487689
        peakPercent = 0.57184
        averagePercent = 0.0795553
        rmsPercent = 0.0975378
        node1Index = -1
        node2Index = -1
        currentIndex = -1
        portName = C
        lastValue = 0
        CMaxParam ------>
        keyword = IB
        description = Max base current
        maxOpStatus = 101
        maxOpValue = 1e+35
        maxOpMask = 2
        errorLevel = 1
        peakDeratedMax = 1e+35
        averageDeratedMax = 1e+35
        rmsDeratedMax = 1e+35
        peak = -1e+100
        average = 0
        rms = 0
        peakPercent = 0
        averagePercent = 0
        rmsPercent = 0
        node1Index = -1
        node2Index = -1
        currentIndex = -1
        portName = B
        lastValue = 0
        CMaxParam ------>
        keyword = PDM
        description = Maximum power dissipation
        maxOpStatus = 100
        maxOpValue = 0.615
        maxOpMask = 6
        errorLevel = 0
        peakDeratedMax = 0.615
        averageDeratedMax = 0.615
        rmsDeratedMax = 0.615
        peak = 0.00101445
        average = 0.000488442
        rms = 0.000621084
        peakPercent = 0.164951
        averagePercent = 0.0794215
        rmsPercent = 0.100989
        node1Index = -1
        node2Index = -1
        currentIndex = -1
        lastValue = 0
        CMaxParam ------>
        keyword = SB
        description = Maximum secondary breakdown
        maxOpStatus = 101
        maxOpValue = 1e+35
        maxOpMask = 2
        errorLevel = 1
        peakDeratedMax = 1e+35
        averageDeratedMax = 1e+35
        rmsDeratedMax = 1e+35
        peak = -1e+100
        average = 0
        rms = 0
        peakPercent = 0
        averagePercent = 0
        rmsPercent = 0
        node1Index = -1
        node1 = C
        node2Index = -1
        node2 = E
        currentIndex = -1
        portName = C
        lastValue = 0
        CMaxParam ------>
        keyword = TJ
        description = Maximum junction temperature
        maxOpStatus = 100
        maxOpValue = 150
        maxOpMask = 3
        errorLevel = 0
        peakDeratedMax = 150
        averageDeratedMax = 150
        rmsDeratedMax = 150
        peak = 27.2029
        average = 27.0977
        rms = 27.1242
        peakPercent = 18.1353
        averagePercent = 18.0651
        rmsPercent = 18.0828
        node1Index = -1
        node2Index = -1
        currentIndex = -1
        lastValue = 0
        CMaxParam ------>
        keyword = VCB
        description = Max C-B voltage
        maxOpStatus = 100
        maxOpValue = 300
        maxOpMask = 1
        errorLevel = 0
        peakDeratedMax = 300
        averageDeratedMax = 300
        rmsDeratedMax = 300
        peak = 0.683456
        average = -0.408426
        rms = 0.626133
        peakPercent = 0.227819
        averagePercent = 0
        rmsPercent = 0.208711
        node1Index = -1
        node1 = C
        node2Index = -1
        node2 = B
        currentIndex = -1
        lastValue = 0
        CMaxParam ------>
        keyword = VCE
        description = Max C-E voltage
        maxOpStatus = 100
        maxOpValue = 300
        maxOpMask = 1
        errorLevel = 0
        peakDeratedMax = 300
        averageDeratedMax = 300
        rmsDeratedMax = 300
        peak = 0.684624
        average = 0.162452
        rms = 0.315475
        peakPercent = 0.228208
        averagePercent = 0.0541506
        rmsPercent = 0.105158
        node1Index = -1
        node1 = C
        node2Index = -1
        node2 = E
        currentIndex = -1
        lastValue = 0
        CMaxParam ------>
        keyword = VEB
        description = Max E-B voltage
        maxOpStatus = 100
        maxOpValue = 6
        maxOpMask = 1
        errorLevel = 0
        peakDeratedMax = 6
        averageDeratedMax = 6
        rmsDeratedMax = 6
        peak = 0.000588515
        average = -0.570878
        rms = 0.609347
        peakPercent = 0.00980858
        averagePercent = 0
        rmsPercent = 10.1558
        node1Index = -1
        node1 = E
        node2Index = -1
        node2 = B
        currentIndex = -1
        lastValue = 0
CMaxStruct --->
devName = R
devType = RES
topLevelRefDes = R4
refDes = R4
spiceDesig = R
scaldPath = R4
simTemp = 27
simTime = 5
        CMaxParam ------>
        keyword = PDM
        description = Maximum power dissipation
        maxOpStatus = 100
        maxOpValue = 0.25
        maxOpMask = 6
        errorLevel = 0
        peakDeratedMax = 0.215433
        averageDeratedMax = 0.216226
        rmsDeratedMax = 0.216197
        peak = 0.000817493
        average = 2.37857e-05
        rms = 5.34014e-05
        peakPercent = 0.379466
        averagePercent = 0.0110004
        rmsPercent = 0.0247004
        node1Index = -1
        node2Index = -1
        currentIndex = -1
        lastValue = 0
        CMaxParam ------>
        keyword = RV
        description = Maximum voltage
        maxOpStatus = 101
        maxOpValue = 1e+35
        maxOpMask = 7
        errorLevel = 1
        peakDeratedMax = 1e+35
        averageDeratedMax = 1e+35
        rmsDeratedMax = 1e+35
        peak = -1e+100
        average = 0
        rms = 0
        peakPercent = 0
        averagePercent = 0
        rmsPercent = 0
        node1Index = -1
        node1 = 1
        node2Index = -1
        node2 = 2
        currentIndex = -1
        lastValue = 0
        CMaxParam ------>
        keyword = TB
        description = Maximum breakdown temperature
        maxOpStatus = 100
        maxOpValue = 200
        maxOpMask = 3
        errorLevel = 0
        peakDeratedMax = 200
        averageDeratedMax = 200
        rmsDeratedMax = 200
        peak = 27.654
        average = 27.019
        rms = 27.0427
        peakPercent = 13.827
        averagePercent = 13.5095
        rmsPercent = 13.5214
        node1Index = -1
        node2Index = -1
        currentIndex = -1
        lastValue = 0
CMaxStruct --->
devName = R
devType = RES
topLevelRefDes = R5
refDes = R5
spiceDesig = R
scaldPath = R5
simTemp = 27
simTime = 5
        CMaxParam ------>
        keyword = PDM
        description = Maximum power dissipation
        maxOpStatus = 100
        maxOpValue = 0.25
        maxOpMask = 6
        errorLevel = 0
        peakDeratedMax = 0.191308
        averageDeratedMax = 0.191451
        rmsDeratedMax = 0.19145
        peak = 0.0249417
        average = 0.0247988
        rms = 0.0248
        peakPercent = 13.0375
        averagePercent = 12.9531
        rmsPercent = 12.9538
        node1Index = -1
        node2Index = -1
        currentIndex = -1
        lastValue = 0
        CMaxParam ------>
        keyword = RV
        description = Maximum voltage
        maxOpStatus = 101
        maxOpValue = 1e+35
        maxOpMask = 7
        errorLevel = 1
        peakDeratedMax = 1e+35
        averageDeratedMax = 1e+35
        rmsDeratedMax = 1e+35
        peak = -1e+100
        average = 0
        rms = 0
        peakPercent = 0
        averagePercent = 0
        rmsPercent = 0
        node1Index = -1
        node1 = 1
        node2Index = -1
        node2 = 2
        currentIndex = -1
        lastValue = 0
        CMaxParam ------>
        keyword = TB
        description = Maximum breakdown temperature
        maxOpStatus = 100
        maxOpValue = 200
        maxOpMask = 3
        errorLevel = 0
        peakDeratedMax = 200
        averageDeratedMax = 200
        rmsDeratedMax = 200
        peak = 46.9534
        average = 46.839
        rms = 46.84
        peakPercent = 23.4767
        averagePercent = 23.4195
        rmsPercent = 23.42
        node1Index = -1
        node2Index = -1
        currentIndex = -1
        lastValue = 0
CMaxStruct --->
devName = C
devType = CAP
topLevelRefDes = C1
refDes = C1
spiceDesig = C
scaldPath = C1
simTemp = 27
simTime = 5
        CMaxParam ------>
        keyword = CV
        description = Maximum voltage
        maxOpStatus = 100
        maxOpValue = 50
        maxOpMask = 7
        errorLevel = 0
        peakDeratedMax = 50
        averageDeratedMax = 50
        rmsDeratedMax = 50
        peak = 0.684624
        average = 0.202231
        rms = 0.321823
        peakPercent = 1.36925
        averagePercent = 0.404463
        rmsPercent = 0.643647
        node1Index = -1
        node1 = 1
        node2Index = -1
        node2 = 2
        currentIndex = -1
        lastValue = 0
        CMaxParam ------>
        keyword = CI
        description = Maximum current
        maxOpStatus = 100
        maxOpValue = 1
        maxOpMask = 7
        errorLevel = 0
        peakDeratedMax = 1
        averageDeratedMax = 1
        rmsDeratedMax = 1
        peak = 0.00236358
        average = 5.64896e-07
        rms = 0.000197503
        peakPercent = 0.236358
        averagePercent = 5.64896e-05
        rmsPercent = 0.0197503
        node1Index = -1
        node2Index = -1
        currentIndex = 0
        portName = 1
        lastValue = 0
CMaxStruct --->
devName = MPSA42
devType = NPN
topLevelRefDes = Q2
refDes = Q2
spiceDesig = X
scaldPath = Q2
simTemp = 27
simTime = 5
        CMaxParam ------>
        keyword = IC
        description = Max collector current
        maxOpStatus = 100
        maxOpValue = 0.5
        maxOpMask = 3
        errorLevel = 0
        peakDeratedMax = 0.5
        averageDeratedMax = 0.5
        rmsDeratedMax = 0.5
        peak = 0.00344112
        average = 0.000114683
        rms = 0.00038491
        peakPercent = 0.688224
        averagePercent = 0.0229366
        rmsPercent = 0.0769821
        node1Index = -1
        node2Index = -1
        currentIndex = -1
        portName = C
        lastValue = 0
        CMaxParam ------>
        keyword = IB
        description = Max base current
        maxOpStatus = 101
        maxOpValue = 1e+35
        maxOpMask = 2
        errorLevel = 1
        peakDeratedMax = 1e+35
        averageDeratedMax = 1e+35
        rmsDeratedMax = 1e+35
        peak = -1e+100
        average = 0
        rms = 0
        peakPercent = 0
        averagePercent = 0
        rmsPercent = 0
        node1Index = -1
        node2Index = -1
        currentIndex = -1
        portName = B
        lastValue = 0
        CMaxParam ------>
        keyword = PDM
        description = Maximum power dissipation
        maxOpStatus = 100
        maxOpValue = 0.615
        maxOpMask = 6
        errorLevel = 0
        peakDeratedMax = 0.615
        averageDeratedMax = 0.615
        rmsDeratedMax = 0.615
        peak = 0.0107607
        average = 9.83443e-05
        rms = 0.000372286
        peakPercent = 1.74971
        averagePercent = 0.0159909
        rmsPercent = 0.0605342
        node1Index = -1
        node2Index = -1
        currentIndex = -1
        lastValue = 0
        CMaxParam ------>
        keyword = SB
        description = Maximum secondary breakdown
        maxOpStatus = 101
        maxOpValue = 1e+35
        maxOpMask = 2
        errorLevel = 1
        peakDeratedMax = 1e+35
        averageDeratedMax = 1e+35
        rmsDeratedMax = 1e+35
        peak = -1e+100
        average = 0
        rms = 0
        peakPercent = 0
        averagePercent = 0
        rmsPercent = 0
        node1Index = -1
        node1 = C
        node2Index = -1
        node2 = E
        currentIndex = -1
        portName = C
        lastValue = 0
        CMaxParam ------>
        keyword = TJ
        description = Maximum junction temperature
        maxOpStatus = 100
        maxOpValue = 150
        maxOpMask = 3
        errorLevel = 0
        peakDeratedMax = 150
        averageDeratedMax = 150
        rmsDeratedMax = 150
        peak = 29.1521
        average = 27.0197
        rms = 27.0745
        peakPercent = 19.4348
        averagePercent = 18.0131
        rmsPercent = 18.0496
        node1Index = -1
        node2Index = -1
        currentIndex = -1
        lastValue = 0
        CMaxParam ------>
        keyword = VCB
        description = Max C-B voltage
        maxOpStatus = 100
        maxOpValue = 300
        maxOpMask = 1
        errorLevel = 0
        peakDeratedMax = 300
        averageDeratedMax = 300
        rmsDeratedMax = 300
        peak = 16.1778
        average = 10.3497
        rms = 12.3675
        peakPercent = 5.39261
        averagePercent = 3.44988
        rmsPercent = 4.12251
        node1Index = -1
        node1 = C
        node2Index = -1
        node2 = B
        currentIndex = -1
        lastValue = 0
        CMaxParam ------>
        keyword = VCE
        description = Max C-E voltage
        maxOpStatus = 100
        maxOpValue = 300
        maxOpMask = 1
        errorLevel = 0
        peakDeratedMax = 300
        averageDeratedMax = 300
        rmsDeratedMax = 300
        peak = 16.2362
        average = 10.5519
        rms = 12.4327
        peakPercent = 5.41206
        averagePercent = 3.51729
        rmsPercent = 4.14423
        node1Index = -1
        node1 = C
        node2Index = -1
        node2 = E
        currentIndex = -1
        lastValue = 0
        CMaxParam ------>
        keyword = VEB
        description = Max E-B voltage
        maxOpStatus = 100
        maxOpValue = 6
        maxOpMask = 1
        errorLevel = 0
        peakDeratedMax = 6
        averageDeratedMax = 6
        rmsDeratedMax = 6
        peak = -0.0582852
        average = -0.202231
        rms = 0.321823
        peakPercent = 0
        averagePercent = 0
        rmsPercent = 5.36372
        node1Index = -1
        node1 = E
        node2Index = -1
        node2 = B
        currentIndex = -1
        lastValue = 0
CMaxStruct --->
devName = C
devType = CAP
topLevelRefDes = C2
refDes = C2
spiceDesig = C
scaldPath = C2
simTemp = 27
simTime = 5
        CMaxParam ------>
        keyword = CV
        description = Maximum voltage
        maxOpStatus = 100
        maxOpValue = 50
        maxOpMask = 7
        errorLevel = 0
        peakDeratedMax = 50
        averageDeratedMax = 50
        rmsDeratedMax = 50
        peak = 16.2362
        average = 11.0908
        rms = 12.5751
        peakPercent = 32.4723
        averagePercent = 22.1817
        rmsPercent = 25.1502
        node1Index = -1
        node1 = 1
        node2Index = -1
        node2 = 2
        currentIndex = -1
        lastValue = 0
        CMaxParam ------>
        keyword = CI
        description = Maximum current
        maxOpStatus = 100
        maxOpValue = 1
        maxOpMask = 7
        errorLevel = 0
        peakDeratedMax = 1
        averageDeratedMax = 1
        rmsDeratedMax = 1
        peak = 0.00336233
        average = 4.50332e-06
        rms = 0.000353031
        peakPercent = 0.336233
        averagePercent = 0.000450332
        rmsPercent = 0.0353031
        node1Index = -1
        node2Index = -1
        currentIndex = 0
        portName = 1
        lastValue = 0
CMaxStruct --->
devName = R
devType = RES
topLevelRefDes = R6
refDes = R6
spiceDesig = R
scaldPath = R6
simTemp = 27
simTime = 5
        CMaxParam ------>
        keyword = PDM
        description = Maximum power dissipation
        maxOpStatus = 100
        maxOpValue = 0.25
        maxOpMask = 6
        errorLevel = 0
        peakDeratedMax = 0.20536
        averageDeratedMax = 0.209209
        rmsDeratedMax = 0.208874
        peak = 0.0108903
        average = 0.00704114
        rms = 0.00737638
        peakPercent = 5.30302
        averagePercent = 3.3656
        rmsPercent = 3.53151
        node1Index = -1
        node2Index = -1
        currentIndex = -1
        lastValue = 0
        CMaxParam ------>
        keyword = RV
        description = Maximum voltage
        maxOpStatus = 101
        maxOpValue = 1e+35
        maxOpMask = 7
        errorLevel = 1
        peakDeratedMax = 1e+35
        averageDeratedMax = 1e+35
        rmsDeratedMax = 1e+35
        peak = -1e+100
        average = 0
        rms = 0
        peakPercent = 0
        averagePercent = 0
        rmsPercent = 0
        node1Index = -1
        node1 = 1
        node2Index = -1
        node2 = 2
        currentIndex = -1
        lastValue = 0
        CMaxParam ------>
        keyword = TB
        description = Maximum breakdown temperature
        maxOpStatus = 100
        maxOpValue = 200
        maxOpMask = 3
        errorLevel = 0
        peakDeratedMax = 200
        averageDeratedMax = 200
        rmsDeratedMax = 200
        peak = 35.7122
        average = 32.6329
        rms = 32.9011
        peakPercent = 17.8561
        averagePercent = 16.3165
        rmsPercent = 16.4506
        node1Index = -1
        node2Index = -1
        currentIndex = -1
        lastValue = 0
CMaxStruct --->
devName = R
devType = RES
topLevelRefDes = R7
refDes = R7
spiceDesig = R
scaldPath = R7
simTemp = 27
simTime = 5
        CMaxParam ------>
        keyword = PDM
        description = Maximum power dissipation
        maxOpStatus = 100
        maxOpValue = 0.25
        maxOpMask = 6
        errorLevel = 0
        peakDeratedMax = 0.160596
        averageDeratedMax = 0.215554
        rmsDeratedMax = 0.212051
        peak = 0.0556543
        average = 0.000696295
        rms = 0.00419946
        peakPercent = 34.6549
        averagePercent = 0.323026
        rmsPercent = 1.98041
        node1Index = -1
        node2Index = -1
        currentIndex = -1
        lastValue = 0
        CMaxParam ------>
        keyword = RV
        description = Maximum voltage
        maxOpStatus = 101
        maxOpValue = 1e+35
        maxOpMask = 7
        errorLevel = 1
        peakDeratedMax = 1e+35
        averageDeratedMax = 1e+35
        rmsDeratedMax = 1e+35
        peak = -1e+100
        average = 0
        rms = 0
        peakPercent = 0
        averagePercent = 0
        rmsPercent = 0
        node1Index = -1
        node1 = 1
        node2Index = -1
        node2 = 2
        currentIndex = -1
        lastValue = 0
        CMaxParam ------>
        keyword = TB
        description = Maximum breakdown temperature
        maxOpStatus = 100
        maxOpValue = 200
        maxOpMask = 3
        errorLevel = 0
        peakDeratedMax = 200
        averageDeratedMax = 200
        rmsDeratedMax = 200
        peak = 71.5234
        average = 27.557
        rms = 30.3596
        peakPercent = 35.7617
        averagePercent = 13.7785
        rmsPercent = 15.1798
        node1Index = -1
        node2Index = -1
        currentIndex = -1
        lastValue = 0
CMaxStruct --->
devName = MPSA42
devType = NPN
topLevelRefDes = Q3
refDes = Q3
spiceDesig = X
scaldPath = Q3
simTemp = 27
simTime = 5
        CMaxParam ------>
        keyword = IC
        description = Max collector current
        maxOpStatus = 100
        maxOpValue = 0.5
        maxOpMask = 3
        errorLevel = 0
        peakDeratedMax = 0.5
        averageDeratedMax = 0.5
        rmsDeratedMax = 0.5
        peak = 0.00153288
        average = 0.000682884
        rms = 0.00102088
        peakPercent = 0.306576
        averagePercent = 0.136577
        rmsPercent = 0.204176
        node1Index = -1
        node2Index = -1
        currentIndex = -1
        portName = C
        lastValue = 0
        CMaxParam ------>
        keyword = IB
        description = Max base current
        maxOpStatus = 101
        maxOpValue = 1e+35
        maxOpMask = 2
        errorLevel = 1
        peakDeratedMax = 1e+35
        averageDeratedMax = 1e+35
        rmsDeratedMax = 1e+35
        peak = -1e+100
        average = 0
        rms = 0
        peakPercent = 0
        averagePercent = 0
        rmsPercent = 0
        node1Index = -1
        node2Index = -1
        currentIndex = -1
        portName = B
        lastValue = 0
        CMaxParam ------>
        keyword = PDM
        description = Maximum power dissipation
        maxOpStatus = 100
        maxOpValue = 0.615
        maxOpMask = 6
        errorLevel = 0
        peakDeratedMax = 0.615
        averageDeratedMax = 0.615
        rmsDeratedMax = 0.615
        peak = 0.0130025
        average = 0.000147324
        rms = 0.000851355
        peakPercent = 2.11422
        averagePercent = 0.0239552
        rmsPercent = 0.138432
        node1Index = -1
        node2Index = -1
        currentIndex = -1
        lastValue = 0
        CMaxParam ------>
        keyword = SB
        description = Maximum secondary breakdown
        maxOpStatus = 101
        maxOpValue = 1e+35
        maxOpMask = 2
        errorLevel = 1
        peakDeratedMax = 1e+35
        averageDeratedMax = 1e+35
        rmsDeratedMax = 1e+35
        peak = -1e+100
        average = 0
        rms = 0
        peakPercent = 0
        averagePercent = 0
        rmsPercent = 0
        node1Index = -1
        node1 = C
        node2Index = -1
        node2 = E
        currentIndex = -1
        portName = C
        lastValue = 0
        CMaxParam ------>
        keyword = TJ
        description = Maximum junction temperature
        maxOpStatus = 100
        maxOpValue = 150
        maxOpMask = 3
        errorLevel = 0
        peakDeratedMax = 150
        averageDeratedMax = 150
        rmsDeratedMax = 150
        peak = 29.6005
        average = 27.0295
        rms = 27.1703
        peakPercent = 19.7337
        averagePercent = 18.0196
        rmsPercent = 18.1135
        node1Index = -1
        node2Index = -1
        currentIndex = -1
        lastValue = 0
        CMaxParam ------>
        keyword = VCB
        description = Max C-B voltage
        maxOpStatus = 100
        maxOpValue = 300
        maxOpMask = 1
        errorLevel = 0
        peakDeratedMax = 300
        averageDeratedMax = 300
        rmsDeratedMax = 300
        peak = 48.9475
        average = 23.5738
        rms = 32.2301
        peakPercent = 16.3158
        averagePercent = 7.85793
        rmsPercent = 10.7434
        node1Index = -1
        node1 = C
        node2Index = -1
        node2 = B
        currentIndex = -1
        lastValue = 0
        CMaxParam ------>
        keyword = VCE
        description = Max C-E voltage
        maxOpStatus = 100
        maxOpValue = 300
        maxOpMask = 1
        errorLevel = 0
        peakDeratedMax = 300
        averageDeratedMax = 300
        rmsDeratedMax = 300
        peak = 48.9385
        average = 23.8726
        rms = 32.2349
        peakPercent = 16.3128
        averagePercent = 7.95752
        rmsPercent = 10.745
        node1Index = -1
        node1 = C
        node2Index = -1
        node2 = E
        currentIndex = -1
        lastValue = 0
        CMaxParam ------>
        keyword = VEB
        description = Max E-B voltage
        maxOpStatus = 100
        maxOpValue = 6
        maxOpMask = 1
        errorLevel = 0
        peakDeratedMax = 6
        averageDeratedMax = 6
        rmsDeratedMax = 6
        peak = 0.0104198
        average = -0.298788
        rms = 0.44179
        peakPercent = 0.173664
        averagePercent = 0
        rmsPercent = 7.36317
        node1Index = -1
        node1 = E
        node2Index = -1
        node2 = B
        currentIndex = -1
        lastValue = 0
CMaxStruct --->
devName = D1N4004
devType = DIODE
topLevelRefDes = D3
refDes = D3
spiceDesig = X
scaldPath = D3
simTemp = 27
simTime = 5
        CMaxParam ------>
        keyword = IF
        description = Max forward current
        maxOpStatus = 100
        maxOpValue = 1
        maxOpMask = 3
        errorLevel = 0
        peakDeratedMax = 1
        averageDeratedMax = 1
        rmsDeratedMax = 1
        peak = 0.00168615
        average = 0.000749335
        rms = 0.00112047
        peakPercent = 0.168615
        averagePercent = 0.0749335
        rmsPercent = 0.112047
        node1Index = -1
        node2Index = -1
        currentIndex = -1
        portName = 1
        lastValue = 0
        CMaxParam ------>
        keyword = PDM
        description = Maximum power dissipation
        maxOpStatus = 100
        maxOpValue = 1.48
        maxOpMask = 6
        errorLevel = 0
        peakDeratedMax = 1.48
        averageDeratedMax = 1.48
        rmsDeratedMax = 1.48
        peak = 0.00101158
        average = 0.0004493
        rms = 0.000672011
        peakPercent = 0.06835
        averagePercent = 0.0303581
        rmsPercent = 0.0454061
        node1Index = -1
        node2Index = -1
        currentIndex = -1
        lastValue = 0
        CMaxParam ------>
        keyword = TJ
        description = Maximum junction temperature
        maxOpStatus = 100
        maxOpValue = 175
        maxOpMask = 3
        errorLevel = 0
        peakDeratedMax = 175
        averageDeratedMax = 175
        rmsDeratedMax = 175
        peak = 27.1012
        average = 27.0449
        rms = 27.0672
        peakPercent = 15.4864
        averagePercent = 15.4542
        rmsPercent = 15.467
        node1Index = -1
        node2Index = -1
        currentIndex = -1
        lastValue = 0
        CMaxParam ------>
        keyword = VR
        description = Peak reverse voltage
        maxOpStatus = 100
        maxOpValue = 400
        maxOpMask = 4
        errorLevel = 0
        peakDeratedMax = 400
        averageDeratedMax = 400
        rmsDeratedMax = 400
        peak = 13.892
        average = 4.17508
        rms = 7.02713
        peakPercent = 3.47299
        averagePercent = 1.04377
        rmsPercent = 1.75678
        node1Index = -1
        node1 = 2
        node2Index = -1
        node2 = 1
        currentIndex = -1
        lastValue = 0
CMaxStruct --->
devName = BZX84C15/ZTX
devType = DIODE
topLevelRefDes = D4
refDes = D4
spiceDesig = X
scaldPath = D4
simTemp = 27
simTime = 5
        CMaxParam ------>
        keyword = IF
        description = Max Forward Current
        maxOpStatus = 100
        maxOpValue = 0.25
        maxOpMask = 3
        errorLevel = 0
        peakDeratedMax = 0.25
        averageDeratedMax = 0.25
        rmsDeratedMax = 0.25
        peak = -0.000745658
        average = -0.00149457
        rms = 0.0017108
        peakPercent = 0
        averagePercent = 0
        rmsPercent = 0.684319
        node1Index = -1
        node2Index = -1
        currentIndex = -1
        portName = 1
        lastValue = 0
        CMaxParam ------>
        keyword = IRMX
        description = Max Reverse Current
        maxOpStatus = 100
        maxOpValue = 0.02096
        maxOpMask = 1
        errorLevel = 0
        peakDeratedMax = 0.02096
        averageDeratedMax = 0.02096
        rmsDeratedMax = 0.02096
        peak = 0.00243215
        average = 0.00149457
        rms = 0.0017108
        peakPercent = 11.6038
        averagePercent = 7.1306
        rmsPercent = 8.1622
        node1Index = -1
        node2Index = -1
        currentIndex = -1
        portName = 1
        lastValue = 0
        CMaxParam ------>
        keyword = PDM
        description = Maximum power dissipation
        maxOpStatus = 100
        maxOpValue = 0.33
        maxOpMask = 6
        errorLevel = 2
        peakDeratedMax = 0.33
        averageDeratedMax = 0.33
        rmsDeratedMax = 0.33
        peak = 0.0364437
        average = 0.0223821
        rms = 0.0256292
        peakPercent = 11.0435
        averagePercent = 6.78246
        rmsPercent = 7.76642
        node1Index = -1
        node2Index = -1
        currentIndex = -1
        lastValue = 0
        CMaxParam ------>
        keyword = TJ
        description = Maximum junction temperature
        maxOpStatus = 100
        maxOpValue = 150
        maxOpMask = 3
        errorLevel = 0
        peakDeratedMax = 150
        averageDeratedMax = 150
        rmsDeratedMax = 150
        peak = 27
        average = 27
        rms = 27
        peakPercent = 18
        averagePercent = 18
        rmsPercent = 18
        node1Index = -1
        node2Index = -1
        currentIndex = -1
        lastValue = 0
CMaxStruct --->
devName = R
devType = RES
topLevelRefDes = R8
refDes = R8
spiceDesig = R
scaldPath = R8
simTemp = 27
simTime = 5
        CMaxParam ------>
        keyword = PDM
        description = Maximum power dissipation
        maxOpStatus = 100
        maxOpValue = 0.25
        maxOpMask = 6
        errorLevel = 0
        peakDeratedMax = 0.21618
        averageDeratedMax = 0.216219
        rmsDeratedMax = 0.216203
        peak = 6.97551e-05
        average = 3.14747e-05
        rms = 4.67855e-05
        peakPercent = 0.0322671
        averagePercent = 0.0145569
        rmsPercent = 0.0216396
        node1Index = -1
        node2Index = -1
        currentIndex = -1
        lastValue = 0
        CMaxParam ------>
        keyword = RV
        description = Maximum voltage
        maxOpStatus = 101
        maxOpValue = 1e+35
        maxOpMask = 7
        errorLevel = 1
        peakDeratedMax = 1e+35
        averageDeratedMax = 1e+35
        rmsDeratedMax = 1e+35
        peak = -1e+100
        average = 0
        rms = 0
        peakPercent = 0
        averagePercent = 0
        rmsPercent = 0
        node1Index = -1
        node1 = 1
        node2Index = -1
        node2 = 2
        currentIndex = -1
        lastValue = 0
        CMaxParam ------>
        keyword = TB
        description = Maximum breakdown temperature
        maxOpStatus = 100
        maxOpValue = 200
        maxOpMask = 3
        errorLevel = 0
        peakDeratedMax = 200
        averageDeratedMax = 200
        rmsDeratedMax = 200
        peak = 27.0558
        average = 27.0252
        rms = 27.0374
        peakPercent = 13.5279
        averagePercent = 13.5126
        rmsPercent = 13.5187
        node1Index = -1
        node2Index = -1
        currentIndex = -1
        lastValue = 0
CMaxStruct --->
devName = R
devType = RES
topLevelRefDes = R9
refDes = R9
spiceDesig = R
scaldPath = R9
simTemp = 27
simTime = 5
        CMaxParam ------>
        keyword = PDM
        description = Maximum power dissipation
        maxOpStatus = 100
        maxOpValue = 0.25
        maxOpMask = 6
        errorLevel = 0
        peakDeratedMax = 0.190117
        averageDeratedMax = 0.190137
        rmsDeratedMax = 0.190137
        peak = 0.0261333
        average = 0.0261128
        rms = 0.0261128
        peakPercent = 13.7459
        averagePercent = 13.7337
        rmsPercent = 13.7337
        node1Index = -1
        node2Index = -1
        currentIndex = -1
        lastValue = 0
        CMaxParam ------>
        keyword = RV
        description = Maximum voltage
        maxOpStatus = 101
        maxOpValue = 1e+35
        maxOpMask = 7
        errorLevel = 1
        peakDeratedMax = 1e+35
        averageDeratedMax = 1e+35
        rmsDeratedMax = 1e+35
        peak = -1e+100
        average = 0
        rms = 0
        peakPercent = 0
        averagePercent = 0
        rmsPercent = 0
        node1Index = -1
        node1 = 1
        node2Index = -1
        node2 = 2
        currentIndex = -1
        lastValue = 0
        CMaxParam ------>
        keyword = TB
        description = Maximum breakdown temperature
        maxOpStatus = 100
        maxOpValue = 200
        maxOpMask = 3
        errorLevel = 0
        peakDeratedMax = 200
        averageDeratedMax = 200
        rmsDeratedMax = 200
        peak = 47.9066
        average = 47.8903
        rms = 47.8903
        peakPercent = 23.9533
        averagePercent = 23.9451
        rmsPercent = 23.9451
        node1Index = -1
        node2Index = -1
        currentIndex = -1
        lastValue = 0
CMaxStruct --->
devName = R
devType = RES
topLevelRefDes = R10
refDes = R10
spiceDesig = R
scaldPath = R10
simTemp = 27
simTime = 5
        CMaxParam ------>
        keyword = PDM
        description = Maximum power dissipation
        maxOpStatus = 100
        maxOpValue = 0.25
        maxOpMask = 6
        errorLevel = 0
        peakDeratedMax = 0
        averageDeratedMax = 0
        rmsDeratedMax = 0
        peak = 0.962921
        average = 0.431896
        rms = 0.644548
        peakPercent = 1e+35
        averagePercent = 1e+35
        rmsPercent = 1e+35
        node1Index = -1
        node2Index = -1
        currentIndex = -1
        lastValue = 0
        CMaxParam ------>
        keyword = RV
        description = Maximum voltage
        maxOpStatus = 101
        maxOpValue = 1e+35
        maxOpMask = 7
        errorLevel = 1
        peakDeratedMax = 1e+35
        averageDeratedMax = 1e+35
        rmsDeratedMax = 1e+35
        peak = -1e+100
        average = 0
        rms = 0
        peakPercent = 0
        averagePercent = 0
        rmsPercent = 0
        node1Index = -1
        node1 = 1
        node2Index = -1
        node2 = 2
        currentIndex = -1
        lastValue = 0
        CMaxParam ------>
        keyword = TB
        description = Maximum breakdown temperature
        maxOpStatus = 100
        maxOpValue = 200
        maxOpMask = 3
        errorLevel = 0
        peakDeratedMax = 200
        averageDeratedMax = 200
        rmsDeratedMax = 200
        peak = 797.337
        average = 372.517
        rms = 542.638
        peakPercent = 398.668
        averagePercent = 186.258
        rmsPercent = 271.319
        node1Index = -1
        node2Index = -1
        currentIndex = -1
        lastValue = 0
CMaxStruct --->
devName = C
devType = CAP
topLevelRefDes = C3
refDes = C3
spiceDesig = C
scaldPath = C3
simTemp = 27
simTime = 5
        CMaxParam ------>
        keyword = CV
        description = Maximum voltage
        maxOpStatus = 100
        maxOpValue = 50
        maxOpMask = 7
        errorLevel = 0
        peakDeratedMax = 50
        averageDeratedMax = 50
        rmsDeratedMax = 50
        peak = 0.0411599
        average = 0.0411596
        rms = 0.0411596
        peakPercent = 0.0823199
        averagePercent = 0.0823192
        rmsPercent = 0.0823192
        node1Index = -1
        node1 = 1
        node2Index = -1
        node2 = 2
        currentIndex = -1
        lastValue = 0
        CMaxParam ------>
        keyword = CI
        description = Maximum current
        maxOpStatus = 100
        maxOpValue = 1
        maxOpMask = 7
        errorLevel = 0
        peakDeratedMax = 1
        averageDeratedMax = 1
        rmsDeratedMax = 1
        peak = 3.94648e-10
        average = 4.94823e-12
        rms = 5.08635e-11
        peakPercent = 3.94648e-08
        averagePercent = 4.94826e-10
        rmsPercent = 5.08635e-09
        node1Index = -1
        node2Index = -1
        currentIndex = 0
        portName = 1
        lastValue = 0
CMaxStruct --->
devName = R
devType = RES
topLevelRefDes = R15
refDes = R15
spiceDesig = R
scaldPath = R15
simTemp = 27
simTime = 5
        CMaxParam ------>
        keyword = PDM
        description = Maximum power dissipation
        maxOpStatus = 100
        maxOpValue = 0.25
        maxOpMask = 6
        errorLevel = 0
        peakDeratedMax = 0.21625
        averageDeratedMax = 0.21625
        rmsDeratedMax = 0.21625
        peak = 1.64514e-07
        average = 1.64514e-07
        rms = 1.64514e-07
        peakPercent = 7.60759e-05
        averagePercent = 7.60759e-05
        rmsPercent = 7.60759e-05
        node1Index = -1
        node2Index = -1
        currentIndex = -1
        lastValue = 0
        CMaxParam ------>
        keyword = RV
        description = Maximum voltage
        maxOpStatus = 101
        maxOpValue = 1e+35
        maxOpMask = 7
        errorLevel = 1
        peakDeratedMax = 1e+35
        averageDeratedMax = 1e+35
        rmsDeratedMax = 1e+35
        peak = -1e+100
        average = 0
        rms = 0
        peakPercent = 0
        averagePercent = 0
        rmsPercent = 0
        node1Index = -1
        node1 = 1
        node2Index = -1
        node2 = 2
        currentIndex = -1
        lastValue = 0
        CMaxParam ------>
        keyword = TB
        description = Maximum breakdown temperature
        maxOpStatus = 100
        maxOpValue = 200
        maxOpMask = 3
        errorLevel = 0
        peakDeratedMax = 200
        averageDeratedMax = 200
        rmsDeratedMax = 200
        peak = 27.0001
        average = 27.0001
        rms = 27.0001
        peakPercent = 13.5001
        averagePercent = 13.5001
        rmsPercent = 13.5001
        node1Index = -1
        node2Index = -1
        currentIndex = -1
        lastValue = 0
CMaxStruct --->
devName = MPSA42
devType = NPN
topLevelRefDes = Q9
refDes = Q9
spiceDesig = X
scaldPath = Q9
simTemp = 27
simTime = 5
        CMaxParam ------>
        keyword = IC
        description = Max collector current
        maxOpStatus = 100
        maxOpValue = 0.5
        maxOpMask = 3
        errorLevel = 0
        peakDeratedMax = 0.5
        averageDeratedMax = 0.5
        rmsDeratedMax = 0.5
        peak = 9.40615e-11
        average = 1.51617e-11
        rms = 5.0941e-11
        peakPercent = 1.88123e-08
        averagePercent = 3.03234e-09
        rmsPercent = 1.01882e-08
        node1Index = -1
        node2Index = -1
        currentIndex = -1
        portName = C
        lastValue = 0
        CMaxParam ------>
        keyword = IB
        description = Max base current
        maxOpStatus = 101
        maxOpValue = 1e+35
        maxOpMask = 2
        errorLevel = 1
        peakDeratedMax = 1e+35
        averageDeratedMax = 1e+35
        rmsDeratedMax = 1e+35
        peak = -1e+100
        average = 0
        rms = 0
        peakPercent = 0
        averagePercent = 0
        rmsPercent = 0
        node1Index = -1
        node2Index = -1
        currentIndex = -1
        portName = B
        lastValue = 0
        CMaxParam ------>
        keyword = PDM
        description = Maximum power dissipation
        maxOpStatus = 100
        maxOpValue = 0.615
        maxOpMask = 6
        errorLevel = 0
        peakDeratedMax = 0.615
        averageDeratedMax = 0.615
        rmsDeratedMax = 0.615
        peak = 1.51238e-09
        average = 1.97191e-10
        rms = 5.62279e-10
        peakPercent = 2.45915e-07
        averagePercent = 3.20635e-08
        rmsPercent = 9.14274e-08
        node1Index = -1
        node2Index = -1
        currentIndex = -1
        lastValue = 0
        CMaxParam ------>
        keyword = SB
        description = Maximum secondary breakdown
        maxOpStatus = 101
        maxOpValue = 1e+35
        maxOpMask = 2
        errorLevel = 1
        peakDeratedMax = 1e+35
        averageDeratedMax = 1e+35
        rmsDeratedMax = 1e+35
        peak = -1e+100
        average = 0
        rms = 0
        peakPercent = 0
        averagePercent = 0
        rmsPercent = 0
        node1Index = -1
        node1 = C
        node2Index = -1
        node2 = E
        currentIndex = -1
        portName = C
        lastValue = 0
        CMaxParam ------>
        keyword = TJ
        description = Maximum junction temperature
        maxOpStatus = 100
        maxOpValue = 150
        maxOpMask = 3
        errorLevel = 0
        peakDeratedMax = 150
        averageDeratedMax = 150
        rmsDeratedMax = 150
        peak = 27
        average = 27
        rms = 27
        peakPercent = 18
        averagePercent = 18
        rmsPercent = 18
        node1Index = -1
        node2Index = -1
        currentIndex = -1
        lastValue = 0
        CMaxParam ------>
        keyword = VCB
        description = Max C-B voltage
        maxOpStatus = 100
        maxOpValue = 300
        maxOpMask = 1
        errorLevel = 0
        peakDeratedMax = 300
        averageDeratedMax = 300
        rmsDeratedMax = 300
        peak = 16.0828
        average = 11.2537
        rms = 12.4942
        peakPercent = 5.36092
        averagePercent = 3.75124
        rmsPercent = 4.16472
        node1Index = -1
        node1 = C
        node2Index = -1
        node2 = B
        currentIndex = -1
        lastValue = 0
        CMaxParam ------>
        keyword = VCE
        description = Max C-E voltage
        maxOpStatus = 100
        maxOpValue = 300
        maxOpMask = 1
        errorLevel = 0
        peakDeratedMax = 300
        averageDeratedMax = 300
        rmsDeratedMax = 300
        peak = 16.0416
        average = 11.2125
        rms = 12.4571
        peakPercent = 5.3472
        averagePercent = 3.73752
        rmsPercent = 4.15236
        node1Index = -1
        node1 = C
        node2Index = -1
        node2 = E
        currentIndex = -1
        lastValue = 0
        CMaxParam ------>
        keyword = VEB
        description = Max E-B voltage
        maxOpStatus = 100
        maxOpValue = 6
        maxOpMask = 1
        errorLevel = 0
        peakDeratedMax = 6
        averageDeratedMax = 6
        rmsDeratedMax = 6
        peak = 0.0411599
        average = 0.0411596
        rms = 0.0411596
        peakPercent = 0.685999
        averagePercent = 0.685993
        rmsPercent = 0.685993
        node1Index = -1
        node1 = E
        node2Index = -1
        node2 = B
        currentIndex = -1
        lastValue = 0
CMaxStruct --->
devName = MPSA92
devType = PNP
topLevelRefDes = Q10
refDes = Q10
spiceDesig = X
scaldPath = Q10
simTemp = 27
simTime = 5
        CMaxParam ------>
        keyword = IC
        description = Max collector current
        maxOpStatus = 100
        maxOpValue = 0.5
        maxOpMask = 3
        errorLevel = 0
        peakDeratedMax = 0.5
        averageDeratedMax = 0.5
        rmsDeratedMax = 0.5
        peak = 1.24902e-09
        average = 2.82248e-10
        rms = 4.39664e-10
        peakPercent = 2.49805e-07
        averagePercent = 5.64496e-08
        rmsPercent = 8.79329e-08
        node1Index = -1
        node2Index = -1
        currentIndex = -1
        portName = C
        lastValue = 0
        CMaxParam ------>
        keyword = IB
        description = Max base current
        maxOpStatus = 101
        maxOpValue = 1e+35
        maxOpMask = 2
        errorLevel = 1
        peakDeratedMax = 1e+35
        averageDeratedMax = 1e+35
        rmsDeratedMax = 1e+35
        peak = -1e+100
        average = 0
        rms = 0
        peakPercent = 0
        averagePercent = 0
        rmsPercent = 0
        node1Index = -1
        node2Index = -1
        currentIndex = -1
        portName = B
        lastValue = 0
        CMaxParam ------>
        keyword = PDM
        description = Maximum power dissipation
        maxOpStatus = 100
        maxOpValue = 0.615
        maxOpMask = 6
        errorLevel = 0
        peakDeratedMax = 0.615
        averageDeratedMax = 0.615
        rmsDeratedMax = 0.615
        peak = 7.78404e-09
        average = 2.82713e-09
        rms = 3.86535e-09
        peakPercent = 1.2657e-06
        averagePercent = 4.59696e-07
        rmsPercent = 6.28513e-07
        node1Index = -1
        node2Index = -1
        currentIndex = -1
        lastValue = 0
        CMaxParam ------>
        keyword = SB
        description = Maximum secondary breakdown
        maxOpStatus = 101
        maxOpValue = 1e+35
        maxOpMask = 2
        errorLevel = 1
        peakDeratedMax = 1e+35
        averageDeratedMax = 1e+35
        rmsDeratedMax = 1e+35
        peak = -1e+100
        average = 0
        rms = 0
        peakPercent = 0
        averagePercent = 0
        rmsPercent = 0
        node1Index = -1
        node1 = C
        node2Index = -1
        node2 = E
        currentIndex = -1
        portName = C
        lastValue = 0
        CMaxParam ------>
        keyword = TJ
        description = Maximum junction temperature
        maxOpStatus = 100
        maxOpValue = 150
        maxOpMask = 3
        errorLevel = 0
        peakDeratedMax = 150
        averageDeratedMax = 150
        rmsDeratedMax = 150
        peak = 27
        average = 27
        rms = 27
        peakPercent = 18
        averagePercent = 18
        rmsPercent = 18
        node1Index = -1
        node2Index = -1
        currentIndex = -1
        lastValue = 0
        CMaxParam ------>
        keyword = VCB
        description = Max C-B voltage
        maxOpStatus = 100
        maxOpValue = 300
        maxOpMask = 1
        errorLevel = 0
        peakDeratedMax = 300
        averageDeratedMax = 300
        rmsDeratedMax = 300
        peak = 16.0828
        average = 11.2537
        rms = 12.4942
        peakPercent = 5.36092
        averagePercent = 3.75124
        rmsPercent = 4.16472
        node1Index = -1
        node1 = B
        node2Index = -1
        node2 = C
        currentIndex = -1
        lastValue = 0
        CMaxParam ------>
        keyword = VCE
        description = Max C-E voltage
        maxOpStatus = 100
        maxOpValue = 300
        maxOpMask = 1
        errorLevel = 0
        peakDeratedMax = 300
        averageDeratedMax = 300
        rmsDeratedMax = 300
        peak = 16.2362
        average = 11.0908
        rms = 12.5751
        peakPercent = 5.41205
        averagePercent = 3.69694
        rmsPercent = 4.19171
        node1Index = -1
        node1 = E
        node2Index = -1
        node2 = C
        currentIndex = -1
        lastValue = 0
        CMaxParam ------>
        keyword = VEB
        description = Max E-B voltage
        maxOpStatus = 100
        maxOpValue = 5
        maxOpMask = 1
        errorLevel = 0
        peakDeratedMax = 5
        averageDeratedMax = 5
        rmsDeratedMax = 5
        peak = 1.72572
        average = 0.162878
        rms = 0.717307
        peakPercent = 34.5143
        averagePercent = 3.25756
        rmsPercent = 14.3461
        node1Index = -1
        node1 = B
        node2Index = -1
        node2 = E
        currentIndex = -1
        lastValue = 0
CMaxStruct --->
devName = MPSA42
devType = NPN
topLevelRefDes = Q11
refDes = Q11
spiceDesig = X
scaldPath = Q11
simTemp = 27
simTime = 5
        CMaxParam ------>
        keyword = IC
        description = Max collector current
        maxOpStatus = 100
        maxOpValue = 0.5
        maxOpMask = 3
        errorLevel = 0
        peakDeratedMax = 0.5
        averageDeratedMax = 0.5
        rmsDeratedMax = 0.5
        peak = 7.25881e-11
        average = 1.23816e-11
        rms = 5.78019e-11
        peakPercent = 1.45176e-08
        averagePercent = 2.47631e-09
        rmsPercent = 1.15604e-08
        node1Index = -1
        node2Index = -1
        currentIndex = -1
        portName = C
        lastValue = 0
        CMaxParam ------>
        keyword = IB
        description = Max base current
        maxOpStatus = 101
        maxOpValue = 1e+35
        maxOpMask = 2
        errorLevel = 1
        peakDeratedMax = 1e+35
        averageDeratedMax = 1e+35
        rmsDeratedMax = 1e+35
        peak = -1e+100
        average = 0
        rms = 0
        peakPercent = 0
        averagePercent = 0
        rmsPercent = 0
        node1Index = -1
        node2Index = -1
        currentIndex = -1
        portName = B
        lastValue = 0
        CMaxParam ------>
        keyword = PDM
        description = Maximum power dissipation
        maxOpStatus = 100
        maxOpValue = 0.615
        maxOpMask = 6
        errorLevel = 0
        peakDeratedMax = 0.615
        averageDeratedMax = 0.615
        rmsDeratedMax = 0.615
        peak = 6.41257e-10
        average = 1.98505e-10
        rms = 6.03547e-10
        peakPercent = 1.04269e-07
        averagePercent = 3.22772e-08
        rmsPercent = 9.81377e-08
        node1Index = -1
        node2Index = -1
        currentIndex = -1
        lastValue = 0
        CMaxParam ------>
        keyword = SB
        description = Maximum secondary breakdown
        maxOpStatus = 101
        maxOpValue = 1e+35
        maxOpMask = 2
        errorLevel = 1
        peakDeratedMax = 1e+35
        averageDeratedMax = 1e+35
        rmsDeratedMax = 1e+35
        peak = -1e+100
        average = 0
        rms = 0
        peakPercent = 0
        averagePercent = 0
        rmsPercent = 0
        node1Index = -1
        node1 = C
        node2Index = -1
        node2 = E
        currentIndex = -1
        portName = C
        lastValue = 0
        CMaxParam ------>
        keyword = TJ
        description = Maximum junction temperature
        maxOpStatus = 100
        maxOpValue = 150
        maxOpMask = 3
        errorLevel = 0
        peakDeratedMax = 150
        averageDeratedMax = 150
        rmsDeratedMax = 150
        peak = 27
        average = 27
        rms = 27
        peakPercent = 18
        averagePercent = 18
        rmsPercent = 18
        node1Index = -1
        node2Index = -1
        currentIndex = -1
        lastValue = 0
        CMaxParam ------>
        keyword = VCB
        description = Max C-B voltage
        maxOpStatus = 100
        maxOpValue = 300
        maxOpMask = 1
        errorLevel = 0
        peakDeratedMax = 300
        averageDeratedMax = 300
        rmsDeratedMax = 300
        peak = 16.195
        average = 11.0497
        rms = 12.5388
        peakPercent = 5.39833
        averagePercent = 3.68322
        rmsPercent = 4.17961
        node1Index = -1
        node1 = C
        node2Index = -1
        node2 = B
        currentIndex = -1
        lastValue = 0
        CMaxParam ------>
        keyword = VCE
        description = Max C-E voltage
        maxOpStatus = 100
        maxOpValue = 300
        maxOpMask = 1
        errorLevel = 0
        peakDeratedMax = 300
        averageDeratedMax = 300
        rmsDeratedMax = 300
        peak = 16.2362
        average = 11.0908
        rms = 12.5751
        peakPercent = 5.41205
        averagePercent = 3.69694
        rmsPercent = 4.19171
        node1Index = -1
        node1 = C
        node2Index = -1
        node2 = E
        currentIndex = -1
        lastValue = 0
        CMaxParam ------>
        keyword = VEB
        description = Max E-B voltage
        maxOpStatus = 100
        maxOpValue = 6
        maxOpMask = 1
        errorLevel = 0
        peakDeratedMax = 6
        averageDeratedMax = 6
        rmsDeratedMax = 6
        peak = -0.0411586
        average = -0.0411596
        rms = 0.0411596
        peakPercent = 0
        averagePercent = 0
        rmsPercent = 0.685993
        node1Index = -1
        node1 = E
        node2Index = -1
        node2 = B
        currentIndex = -1
        lastValue = 0
CMaxStruct --->
devName = R
devType = RES
topLevelRefDes = R20
refDes = R20
spiceDesig = R
scaldPath = R20
simTemp = 27
simTime = 5
        CMaxParam ------>
        keyword = PDM
        description = Maximum power dissipation
        maxOpStatus = 100
        maxOpValue = 0.25
        maxOpMask = 6
        errorLevel = 0
        peakDeratedMax = 0.21625
        averageDeratedMax = 0.21625
        rmsDeratedMax = 0.21625
        peak = 7.70064e-08
        average = 7.7005e-08
        rms = 7.7005e-08
        peakPercent = 3.56099e-05
        averagePercent = 3.56093e-05
        rmsPercent = 3.56093e-05
        node1Index = -1
        node2Index = -1
        currentIndex = -1
        lastValue = 0
        CMaxParam ------>
        keyword = RV
        description = Maximum voltage
        maxOpStatus = 101
        maxOpValue = 1e+35
        maxOpMask = 7
        errorLevel = 1
        peakDeratedMax = 1e+35
        averageDeratedMax = 1e+35
        rmsDeratedMax = 1e+35
        peak = -1e+100
        average = 0
        rms = 0
        peakPercent = 0
        averagePercent = 0
        rmsPercent = 0
        node1Index = -1
        node1 = 1
        node2Index = -1
        node2 = 2
        currentIndex = -1
        lastValue = 0
        CMaxParam ------>
        keyword = TB
        description = Maximum breakdown temperature
        maxOpStatus = 100
        maxOpValue = 200
        maxOpMask = 3
        errorLevel = 0
        peakDeratedMax = 200
        averageDeratedMax = 200
        rmsDeratedMax = 200
        peak = 27.0001
        average = 27.0001
        rms = 27.0001
        peakPercent = 13.5
        averagePercent = 13.5
        rmsPercent = 13.5
        node1Index = -1
        node2Index = -1
        currentIndex = -1
        lastValue = 0
CMaxStruct --->
devName = R
devType = RES
topLevelRefDes = R21
refDes = R21
spiceDesig = R
scaldPath = R21
simTemp = 27
simTime = 5
        CMaxParam ------>
        keyword = PDM
        description = Maximum power dissipation
        maxOpStatus = 100
        maxOpValue = 0.25
        maxOpMask = 6
        errorLevel = 0
        peakDeratedMax = 0.21625
        averageDeratedMax = 0.21625
        rmsDeratedMax = 0.21625
        peak = 1.90746e-17
        average = 2.66027e-18
        rms = 4.77031e-18
        peakPercent = 1.11022e-14
        averagePercent = 0
        rmsPercent = 0
        node1Index = -1
        node2Index = -1
        currentIndex = -1
        lastValue = 0
        CMaxParam ------>
        keyword = RV
        description = Maximum voltage
        maxOpStatus = 101
        maxOpValue = 1e+35
        maxOpMask = 7
        errorLevel = 1
        peakDeratedMax = 1e+35
        averageDeratedMax = 1e+35
        rmsDeratedMax = 1e+35
        peak = -1e+100
        average = 0
        rms = 0
        peakPercent = 0
        averagePercent = 0
        rmsPercent = 0
        node1Index = -1
        node1 = 1
        node2Index = -1
        node2 = 2
        currentIndex = -1
        lastValue = 0
        CMaxParam ------>
        keyword = TB
        description = Maximum breakdown temperature
        maxOpStatus = 100
        maxOpValue = 200
        maxOpMask = 3
        errorLevel = 0
        peakDeratedMax = 200
        averageDeratedMax = 200
        rmsDeratedMax = 200
        peak = 27
        average = 27
        rms = 27
        peakPercent = 13.5
        averagePercent = 13.5
        rmsPercent = 13.5
        node1Index = -1
        node2Index = -1
        currentIndex = -1
        lastValue = 0
CMaxStruct --->
devName = R
devType = RES
topLevelRefDes = R22
refDes = R22
spiceDesig = R
scaldPath = R22
simTemp = 27
simTime = 5
        CMaxParam ------>
        keyword = PDM
        description = Maximum power dissipation
        maxOpStatus = 100
        maxOpValue = 0.25
        maxOpMask = 6
        errorLevel = 0
        peakDeratedMax = 0.216046
        averageDeratedMax = 0.216173
        rmsDeratedMax = 0.216141
        peak = 0.000203678
        average = 7.72988e-05
        rms = 0.00010873
        peakPercent = 0.0942751
        averagePercent = 0.0357579
        rmsPercent = 0.0503048
        node1Index = -1
        node2Index = -1
        currentIndex = -1
        lastValue = 0
        CMaxParam ------>
        keyword = RV
        description = Maximum voltage
        maxOpStatus = 101
        maxOpValue = 1e+35
        maxOpMask = 7
        errorLevel = 1
        peakDeratedMax = 1e+35
        averageDeratedMax = 1e+35
        rmsDeratedMax = 1e+35
        peak = -1e+100
        average = 0
        rms = 0
        peakPercent = 0
        averagePercent = 0
        rmsPercent = 0
        node1Index = -1
        node1 = 1
        node2Index = -1
        node2 = 2
        currentIndex = -1
        lastValue = 0
        CMaxParam ------>
        keyword = TB
        description = Maximum breakdown temperature
        maxOpStatus = 100
        maxOpValue = 200
        maxOpMask = 3
        errorLevel = 0
        peakDeratedMax = 200
        averageDeratedMax = 200
        rmsDeratedMax = 200
        peak = 27.1629
        average = 27.0618
        rms = 27.087
        peakPercent = 13.5815
        averagePercent = 13.5309
        rmsPercent = 13.5435
        node1Index = -1
        node2Index = -1
        currentIndex = -1
        lastValue = 0
CMaxStruct --->
devName = R
devType = RES
topLevelRefDes = R24
refDes = R24
spiceDesig = R
scaldPath = R24
simTemp = 27
simTime = 5
        CMaxParam ------>
        keyword = PDM
        description = Maximum power dissipation
        maxOpStatus = 100
        maxOpValue = 0.25
        maxOpMask = 6
        errorLevel = 0
        peakDeratedMax = 0.21615
        averageDeratedMax = 0.21615
        rmsDeratedMax = 0.21615
        peak = 0.0001
        average = 0.0001
        rms = 0.0001
        peakPercent = 0.0462642
        averagePercent = 0.0462642
        rmsPercent = 0.0462642
        node1Index = -1
        node2Index = -1
        currentIndex = -1
        lastValue = 0
        CMaxParam ------>
        keyword = RV
        description = Maximum voltage
        maxOpStatus = 101
        maxOpValue = 1e+35
        maxOpMask = 7
        errorLevel = 1
        peakDeratedMax = 1e+35
        averageDeratedMax = 1e+35
        rmsDeratedMax = 1e+35
        peak = -1e+100
        average = 0
        rms = 0
        peakPercent = 0
        averagePercent = 0
        rmsPercent = 0
        node1Index = -1
        node1 = 1
        node2Index = -1
        node2 = 2
        currentIndex = -1
        lastValue = 0
        CMaxParam ------>
        keyword = TB
        description = Maximum breakdown temperature
        maxOpStatus = 100
        maxOpValue = 200
        maxOpMask = 3
        errorLevel = 0
        peakDeratedMax = 200
        averageDeratedMax = 200
        rmsDeratedMax = 200
        peak = 27.08
        average = 27.08
        rms = 27.08
        peakPercent = 13.54
        averagePercent = 13.54
        rmsPercent = 13.54
        node1Index = -1
        node2Index = -1
        currentIndex = -1
        lastValue = 0
CMaxStruct --->
devName = R
devType = RES
topLevelRefDes = R25
refDes = R25
spiceDesig = R
scaldPath = R25
simTemp = 27
simTime = 5
        CMaxParam ------>
        keyword = PDM
        description = Maximum power dissipation
        maxOpStatus = 100
        maxOpValue = 0.25
        maxOpMask = 6
        errorLevel = 0
        peakDeratedMax = 0.164655
        averageDeratedMax = 0.193321
        rmsDeratedMax = 0.181889
        peak = 0.0515947
        average = 0.0229285
        rms = 0.0343614
        peakPercent = 31.335
        averagePercent = 11.8603
        rmsPercent = 18.8915
        node1Index = -1
        node2Index = -1
        currentIndex = -1
        lastValue = 0
        CMaxParam ------>
        keyword = RV
        description = Maximum voltage
        maxOpStatus = 101
        maxOpValue = 1e+35
        maxOpMask = 7
        errorLevel = 1
        peakDeratedMax = 1e+35
        averageDeratedMax = 1e+35
        rmsDeratedMax = 1e+35
        peak = -1e+100
        average = 0
        rms = 0
        peakPercent = 0
        averagePercent = 0
        rmsPercent = 0
        node1Index = -1
        node1 = 1
        node2Index = -1
        node2 = 2
        currentIndex = -1
        lastValue = 0
        CMaxParam ------>
        keyword = TB
        description = Maximum breakdown temperature
        maxOpStatus = 100
        maxOpValue = 200
        maxOpMask = 3
        errorLevel = 0
        peakDeratedMax = 200
        averageDeratedMax = 200
        rmsDeratedMax = 200
        peak = 68.2758
        average = 45.3428
        rms = 54.4892
        peakPercent = 34.1379
        averagePercent = 22.6714
        rmsPercent = 27.2446
        node1Index = -1
        node2Index = -1
        currentIndex = -1
        lastValue = 0
CMaxStruct --->
devName = BZT55C5V6
devType = DIODE
topLevelRefDes = D5
refDes = D5
spiceDesig = X
scaldPath = D5
simTemp = 27
simTime = 5
        CMaxParam ------>
        keyword = IF
        description = Max Forward Current
        maxOpStatus = 101
        maxOpValue = 1e+35
        maxOpMask = 3
        errorLevel = 1
        peakDeratedMax = 1e+35
        averageDeratedMax = 1e+35
        rmsDeratedMax = 1e+35
        peak = -1e+100
        average = 0
        rms = 0
        peakPercent = 0
        averagePercent = 0
        rmsPercent = 0
        node1Index = -1
        node2Index = -1
        currentIndex = -1
        portName = A
        lastValue = 0
        CMaxParam ------>
        keyword = IRMX
        description = Max Reverse Current
        maxOpStatus = 100
        maxOpValue = 0.096153
        maxOpMask = 1
        errorLevel = 0
        peakDeratedMax = 0.096153
        averageDeratedMax = 0.096153
        rmsDeratedMax = 0.096153
        peak = 9.41524e-08
        average = 3.69286e-08
        rms = 6.4712e-08
        peakPercent = 9.79194e-05
        averagePercent = 3.84061e-05
        rmsPercent = 6.7301e-05
        node1Index = -1
        node2Index = -1
        currentIndex = -1
        portName = A
        lastValue = 0
        CMaxParam ------>
        keyword = PDM
        description = Maximum power dissipation
        maxOpStatus = 100
        maxOpValue = 0.296
        maxOpMask = 6
        errorLevel = 0
        peakDeratedMax = 0.296
        averageDeratedMax = 0.296
        rmsDeratedMax = 0.296
        peak = 6.13973e-08
        average = 2.81719e-08
        rms = 4.09727e-08
        peakPercent = 2.07423e-05
        averagePercent = 9.51753e-06
        rmsPercent = 1.38421e-05
        node1Index = -1
        node2Index = -1
        currentIndex = -1
        lastValue = 0
        CMaxParam ------>
        keyword = TJ
        description = Maximum junction temperature
        maxOpStatus = 100
        maxOpValue = 175
        maxOpMask = 3
        errorLevel = 0
        peakDeratedMax = 175
        averageDeratedMax = 175
        rmsDeratedMax = 175
        peak = 27
        average = 27
        rms = 27
        peakPercent = 15.4286
        averagePercent = 15.4286
        rmsPercent = 15.4286
        node1Index = -1
        node2Index = -1
        currentIndex = -1
        lastValue = 0
CMaxStruct --->
devName = D1N914
devType = DIODE
topLevelRefDes = D6
refDes = D6
spiceDesig = X
scaldPath = D6
simTemp = 27
simTime = 5
        CMaxParam ------>
        keyword = IF
        description = Max forward current
        maxOpStatus = 100
        maxOpValue = 0.2
        maxOpMask = 3
        errorLevel = 0
        peakDeratedMax = 0.2
        averageDeratedMax = 0.2
        rmsDeratedMax = 0.2
        peak = 0.00151222
        average = 0.000376417
        rms = 0.000666847
        peakPercent = 0.75611
        averagePercent = 0.188209
        rmsPercent = 0.333423
        node1Index = -1
        node2Index = -1
        currentIndex = -1
        portName = 1
        lastValue = 0
        CMaxParam ------>
        keyword = PDM
        description = Maximum power dissipation
        maxOpStatus = 100
        maxOpValue = 0.5
        maxOpMask = 6
        errorLevel = 2
        peakDeratedMax = 0.5
        averageDeratedMax = 0.5
        rmsDeratedMax = 0.5
        peak = 0.00133157
        average = 0.00032592
        rms = 0.000581534
        peakPercent = 0.266314
        averagePercent = 0.0651839
        rmsPercent = 0.116307
        node1Index = -1
        node2Index = -1
        currentIndex = -1
        lastValue = 0
        CMaxParam ------>
        keyword = TJ
        description = Maximum junction temperature
        maxOpStatus = 100
        maxOpValue = 175
        maxOpMask = 3
        errorLevel = 0
        peakDeratedMax = 175
        averageDeratedMax = 175
        rmsDeratedMax = 175
        peak = 27
        average = 27
        rms = 27
        peakPercent = 15.4286
        averagePercent = 15.4286
        rmsPercent = 15.4286
        node1Index = -1
        node2Index = -1
        currentIndex = -1
        lastValue = 0
        CMaxParam ------>
        keyword = VR
        description = Peak reverse voltage
        maxOpStatus = 100
        maxOpValue = 75
        maxOpMask = 4
        errorLevel = 0
        peakDeratedMax = 75
        averageDeratedMax = 75
        rmsDeratedMax = 75
        peak = 35.8506
        average = 11.0588
        rms = 17.9512
        peakPercent = 47.8008
        averagePercent = 14.7451
        rmsPercent = 23.935
        node1Index = -1
        node1 = 2
        node2Index = -1
        node2 = 1
        currentIndex = -1
        lastValue = 0
CMaxStruct --->
devName = D1N914
devType = DIODE
topLevelRefDes = D7
refDes = D7
spiceDesig = X
scaldPath = D7
simTemp = 27
simTime = 5
        CMaxParam ------>
        keyword = IF
        description = Max forward current
        maxOpStatus = 100
        maxOpValue = 0.2
        maxOpMask = 3
        errorLevel = 0
        peakDeratedMax = 0.2
        averageDeratedMax = 0.2
        rmsDeratedMax = 0.2
        peak = 0.00151222
        average = 0.000376417
        rms = 0.000666846
        peakPercent = 0.75611
        averagePercent = 0.188209
        rmsPercent = 0.333423
        node1Index = -1
        node2Index = -1
        currentIndex = -1
        portName = 1
        lastValue = 0
        CMaxParam ------>
        keyword = PDM
        description = Maximum power dissipation
        maxOpStatus = 100
        maxOpValue = 0.5
        maxOpMask = 6
        errorLevel = 2
        peakDeratedMax = 0.5
        averageDeratedMax = 0.5
        rmsDeratedMax = 0.5
        peak = 0.00133157
        average = 0.000325919
        rms = 0.000581534
        peakPercent = 0.266314
        averagePercent = 0.0651839
        rmsPercent = 0.116307
        node1Index = -1
        node2Index = -1
        currentIndex = -1
        lastValue = 0
        CMaxParam ------>
        keyword = TJ
        description = Maximum junction temperature
        maxOpStatus = 100
        maxOpValue = 175
        maxOpMask = 3
        errorLevel = 0
        peakDeratedMax = 175
        averageDeratedMax = 175
        rmsDeratedMax = 175
        peak = 27
        average = 27
        rms = 27
        peakPercent = 15.4286
        averagePercent = 15.4286
        rmsPercent = 15.4286
        node1Index = -1
        node2Index = -1
        currentIndex = -1
        lastValue = 0
        CMaxParam ------>
        keyword = VR
        description = Peak reverse voltage
        maxOpStatus = 100
        maxOpValue = 75
        maxOpMask = 4
        errorLevel = 0
        peakDeratedMax = 75
        averageDeratedMax = 75
        rmsDeratedMax = 75
        peak = 35.8506
        average = 11.0588
        rms = 17.9512
        peakPercent = 47.8008
        averagePercent = 14.7451
        rmsPercent = 23.935
        node1Index = -1
        node1 = 2
        node2Index = -1
        node2 = 1
        currentIndex = -1
        lastValue = 0
CMaxStruct --->
devName = MPSA92
devType = PNP
topLevelRefDes = Q12
refDes = Q12
spiceDesig = X
scaldPath = Q12
simTemp = 27
simTime = 5
        CMaxParam ------>
        keyword = IC
        description = Max collector current
        maxOpStatus = 100
        maxOpValue = 0.5
        maxOpMask = 3
        errorLevel = 0
        peakDeratedMax = 0.5
        averageDeratedMax = 0.5
        rmsDeratedMax = 0.5
        peak = 0.0199248
        average = 0.00894105
        rms = 0.0133313
        peakPercent = 3.98497
        averagePercent = 1.78821
        rmsPercent = 2.66627
        node1Index = -1
        node2Index = -1
        currentIndex = -1
        portName = C
        lastValue = 0
        CMaxParam ------>
        keyword = IB
        description = Max base current
        maxOpStatus = 101
        maxOpValue = 1e+35
        maxOpMask = 2
        errorLevel = 1
        peakDeratedMax = 1e+35
        averageDeratedMax = 1e+35
        rmsDeratedMax = 1e+35
        peak = -1e+100
        average = 0
        rms = 0
        peakPercent = 0
        averagePercent = 0
        rmsPercent = 0
        node1Index = -1
        node2Index = -1
        currentIndex = -1
        portName = B
        lastValue = 0
        CMaxParam ------>
        keyword = PDM
        description = Maximum power dissipation
        maxOpStatus = 100
        maxOpValue = 0.615
        maxOpMask = 6
        errorLevel = 0
        peakDeratedMax = 0.615
        averageDeratedMax = 0.615
        rmsDeratedMax = 0.615
        peak = 0.242938
        average = 0.00248308
        rms = 0.0111939
        peakPercent = 39.5021
        averagePercent = 0.403753
        rmsPercent = 1.82014
        node1Index = -1
        node2Index = -1
        currentIndex = -1
        lastValue = 0
        CMaxParam ------>
        keyword = SB
        description = Maximum secondary breakdown
        maxOpStatus = 101
        maxOpValue = 1e+35
        maxOpMask = 2
        errorLevel = 1
        peakDeratedMax = 1e+35
        averageDeratedMax = 1e+35
        rmsDeratedMax = 1e+35
        peak = -1e+100
        average = 0
        rms = 0
        peakPercent = 0
        averagePercent = 0
        rmsPercent = 0
        node1Index = -1
        node1 = C
        node2Index = -1
        node2 = E
        currentIndex = -1
        portName = C
        lastValue = 0
        CMaxParam ------>
        keyword = TJ
        description = Maximum junction temperature
        maxOpStatus = 100
        maxOpValue = 150
        maxOpMask = 3
        errorLevel = 0
        peakDeratedMax = 150
        averageDeratedMax = 150
        rmsDeratedMax = 150
        peak = 75.5876
        average = 27.4966
        rms = 29.2388
        peakPercent = 50.3917
        averagePercent = 18.3311
        rmsPercent = 19.4925
        node1Index = -1
        node2Index = -1
        currentIndex = -1
        lastValue = 0
        CMaxParam ------>
        keyword = VCB
        description = Max C-B voltage
        maxOpStatus = 100
        maxOpValue = 300
        maxOpMask = 1
        errorLevel = 0
        peakDeratedMax = 300
        averageDeratedMax = 300
        rmsDeratedMax = 300
        peak = 49.9999
        average = 27.2971
        rms = 37.0812
        peakPercent = 16.6666
        averagePercent = 9.09902
        rmsPercent = 12.3604
        node1Index = -1
        node1 = B
        node2Index = -1
        node2 = C
        currentIndex = -1
        lastValue = 0
        CMaxParam ------>
        keyword = VCE
        description = Max C-E voltage
        maxOpStatus = 100
        maxOpValue = 300
        maxOpMask = 1
        errorLevel = 0
        peakDeratedMax = 300
        averageDeratedMax = 300
        rmsDeratedMax = 300
        peak = 49.9999
        average = 27.6089
        rms = 37.0832
        peakPercent = 16.6666
        averagePercent = 9.20298
        rmsPercent = 12.3611
        node1Index = -1
        node1 = E
        node2Index = -1
        node2 = C
        currentIndex = -1
        lastValue = 0
        CMaxParam ------>
        keyword = VEB
        description = Max E-B voltage
        maxOpStatus = 100
        maxOpValue = 5
        maxOpMask = 1
        errorLevel = 0
        peakDeratedMax = 5
        averageDeratedMax = 5
        rmsDeratedMax = 5
        peak = -2.49923e-07
        average = -0.311887
        rms = 0.462632
        peakPercent = 0
        averagePercent = 0
        rmsPercent = 9.25263
        node1Index = -1
        node1 = B
        node2Index = -1
        node2 = E
        currentIndex = -1
        lastValue = 0
CMaxStruct --->
devName = LED
devType = DIODE
topLevelRefDes = D8
refDes = D8
spiceDesig = X
scaldPath = D8
simTemp = 27
simTime = 5
        CMaxParam ------>
        keyword = IF
        description = Max forward current
        maxOpStatus = 100
        maxOpValue = 0.03
        maxOpMask = 3
        errorLevel = 0
        peakDeratedMax = 0.03
        averageDeratedMax = 0.03
        rmsDeratedMax = 0.03
        peak = 0.0198998
        average = 0.00893835
        rms = 0.0133273
        peakPercent = 66.3326
        averagePercent = 29.7945
        rmsPercent = 44.4244
        node1Index = -1
        node2Index = -1
        currentIndex = -1
        portName = 1
        lastValue = 0
        CMaxParam ------>
        keyword = PDM
        description = Maximum power dissipation
        maxOpStatus = 100
        maxOpValue = 0.1
        maxOpMask = 6
        errorLevel = 0
        peakDeratedMax = 0.1
        averageDeratedMax = 0.1
        rmsDeratedMax = 0.1
        peak = 0.029215
        average = 0.0131209
        rms = 0.019565
        peakPercent = 29.215
        averagePercent = 13.1209
        rmsPercent = 19.565
        node1Index = -1
        node2Index = -1
        currentIndex = -1
        lastValue = 0
        CMaxParam ------>
        keyword = TJ
        description = Maximum junction temperature
        maxOpStatus = 100
        maxOpValue = 150
        maxOpMask = 3
        errorLevel = 0
        peakDeratedMax = 150
        averageDeratedMax = 150
        rmsDeratedMax = 150
        peak = 27.0584
        average = 27.0262
        rms = 27.0391
        peakPercent = 18.039
        averagePercent = 18.0175
        rmsPercent = 18.0261
        node1Index = -1
        node2Index = -1
        currentIndex = -1
        lastValue = 0
        CMaxParam ------>
        keyword = VR
        description = Peak reverse voltage
        maxOpStatus = 100
        maxOpValue = 5
        maxOpMask = 4
        errorLevel = 0
        peakDeratedMax = 5
        averageDeratedMax = 5
        rmsDeratedMax = 5
        peak = -8.34798e-05
        average = -0.663652
        rms = 0.986498
        peakPercent = 0
        averagePercent = 0
        rmsPercent = 19.73
        node1Index = -1
        node1 = 2
        node2Index = -1
        node2 = 1
        currentIndex = -1
        lastValue = 0
CMaxStruct --->
devName = zener
devType = DIODE
topLevelRefDes = D9
refDes = D9
spiceDesig = X
scaldPath = D9
simTemp = 27
simTime = 5
        CMaxParam ------>
        keyword = IF
        description = Max Forward Current
        maxOpStatus = 100
        maxOpValue = 1
        maxOpMask = 3
        errorLevel = 0
        peakDeratedMax = 1
        averageDeratedMax = 1
        rmsDeratedMax = 1
        peak = -6.01418e-11
        average = -5.26712e-07
        rms = 7.8295e-07
        peakPercent = 0
        averagePercent = 0
        rmsPercent = 7.8295e-05
        node1Index = -1
        node2Index = -1
        currentIndex = -1
        portName = AN
        lastValue = 0
        CMaxParam ------>
        keyword = IRMX
        description = Max Reverse Current
        maxOpStatus = 100
        maxOpValue = 0.128
        maxOpMask = 1
        errorLevel = 0
        peakDeratedMax = 0.128
        averageDeratedMax = 0.128
        rmsDeratedMax = 0.128
        peak = 1.16531e-06
        average = 5.26712e-07
        rms = 7.8295e-07
        peakPercent = 0.000910401
        averagePercent = 0.000411494
        rmsPercent = 0.000611679
        node1Index = -1
        node2Index = -1
        currentIndex = -1
        portName = AN
        lastValue = 0
        CMaxParam ------>
        keyword = PDM
        description = Maximum power dissipation
        maxOpStatus = 100
        maxOpValue = 0.5
        maxOpMask = 6
        errorLevel = 0
        peakDeratedMax = 0.5
        averageDeratedMax = 0.5
        rmsDeratedMax = 0.5
        peak = 1.71062e-06
        average = 7.72371e-07
        rms = 1.14865e-06
        peakPercent = 0.000342123
        averagePercent = 0.000154474
        rmsPercent = 0.00022973
        node1Index = -1
        node2Index = -1
        currentIndex = -1
        lastValue = 0
        CMaxParam ------>
        keyword = TJ
        description = Maximum junction temperature
        maxOpStatus = 100
        maxOpValue = 175
        maxOpMask = 3
        errorLevel = 0
        peakDeratedMax = 175
        averageDeratedMax = 175
        rmsDeratedMax = 175
        peak = 27.0001
        average = 27
        rms = 27.0001
        peakPercent = 15.4286
        averagePercent = 15.4286
        rmsPercent = 15.4286
        node1Index = -1
        node2Index = -1
        currentIndex = -1
        lastValue = 0
