 
cpldfit:  version P.20131013                        Xilinx Inc.
                                  Fitter Report
Design Name: i2s_nos                             Date:  4-18-2021, 11:31AM
Device Used: XC2C64A-5-VQ44
Fitting Status: Successful

*************************  Mapped Resource Summary  **************************

Macrocells     Product Terms    Function Block   Registers      Pins           
Used/Tot       Used/Tot         Inps Used/Tot    Used/Tot       Used/Tot       
26 /64  ( 41%) 25  /224  ( 11%) 25  /160  ( 16%) 24 /64  ( 37%) 7  /33  ( 21%)

** Function Block Resources **

Function Mcells   FB Inps  Pterms   IO       CTC      CTR      CTS      CTE     
Block    Used/Tot Used/Tot Used/Tot Used/Tot Used/Tot Used/Tot Used/Tot Used/Tot
FB1      16/16*    15/40    15/56     2/ 8    0/1      0/1      0/1      0/1
FB2      10/16     10/40    10/56     2/ 9    0/1      0/1      0/1      0/1
FB3       0/16      0/40     0/56     0/ 9    0/1      0/1      0/1      0/1
FB4       0/16      0/40     0/56     0/ 7    0/1      0/1      0/1      0/1
         -----    -------  -------   -----    ---      ---      ---      ---
Total    26/64     25/160   25/224    4/33    0/4      0/4      0/4      0/4 

CTC - Control Term Clock
CTR - Control Term Reset
CTS - Control Term Set
CTE - Control Term Output Enable

* - Resource is exhausted

** Global Control Resources **

GCK         GSR         GTS         DGE         
Used/Tot    Used/Tot    Used/Tot    Used/Tot    
1/3         0/1         0/4         0/0

Signal 'BCK' mapped onto global clock net GCK0.

** Pin Resources **

Signal Type    Required     Mapped  |  Pin Type            Used    Total 
------------------------------------|------------------------------------
Input         :    2           2    |  I/O              :     6     25
Output        :    4           4    |  GCK/IO           :     1      3
Bidirectional :    0           0    |  GTS/IO           :     0      4
GCK           :    1           1    |  GSR/IO           :     0      1
GTS           :    0           0    |  
GSR           :    0           0    |  
                 ----        ----
        Total      7           7

End of Mapped Resource Summary
**************************  Errors and Warnings  ***************************

WARNING:Cpld - Unable to retrieve the path to the iSE Project Repository. Will
   use the default filename of 'i2s_nos.ise'.
*************************  Summary of Mapped Logic  ************************

** 4 Outputs **

Signal              Total Total Bank Loc     Pin   Pin       Pin     I/O      I/O       Slew Reg     Reg Init
Name                Pts   Inps               No.   Type      Use     STD      Style     Rate Use     State
DATAOUTL            1     1     2    FB1_2   37    I/O       O       LVCMOS18           FAST DFF     RESET
DATAOUTR            1     1     2    FB1_3   36    I/O       O       LVCMOS18           FAST DFF     RESET
CLKOUT              1     1     1    FB2_1   39    I/O       O       LVCMOS18           FAST         
LEOUT               1     1     1    FB2_2   40    I/O       O       LVCMOS18           FAST         

** 22 Buried Nodes **

Signal              Total Total Loc     Reg     Reg Init
Name                Pts   Inps          Use     State
D0                  0     0     FB1_1   DFF     RESET
D7                  1     1     FB1_4   DFF     RESET
D6                  1     1     FB1_5   DFF     RESET
D5                  1     1     FB1_6   DFF     RESET
D4                  1     1     FB1_7   DFF     RESET
D3                  1     1     FB1_8   DFF     RESET
DA10                1     1     FB1_9   DFF     RESET
DA1                 1     1     FB1_10  DFF     RESET
DA0                 1     1     FB1_11  DFF     RESET
D9                  1     1     FB1_12  DFF     RESET
D8                  1     1     FB1_13  DFF     RESET
D2                  1     1     FB1_14  DFF     RESET
D10                 1     1     FB1_15  DFF     RESET
D1                  1     1     FB1_16  DFF     RESET
DA8                 1     1     FB2_3   DFF     RESET
DA7                 1     1     FB2_4   DFF     RESET
DA6                 1     1     FB2_9   DFF     RESET
DA5                 1     1     FB2_11  DFF     RESET
DA9                 1     1     FB2_13  DFF     RESET
DA4                 1     1     FB2_14  DFF     RESET
DA3                 1     1     FB2_15  DFF     RESET
DA2                 1     1     FB2_16  DFF     RESET

** 3 Inputs **

Signal              Bank Loc     Pin   Pin       Pin     I/O      I/O
Name                             No.   Type      Use     STD      Style
DATAIN              2    FB1_1   38    I/O       I       LVCMOS18 KPR
LRCK                1    FB2_5   41    I/O       I       LVCMOS18 KPR
BCK                 1    FB2_7   43    GCK/I/O   GCK/I   LVCMOS18 KPR

Legend:
Pin No.   - ~     - User Assigned
I/O Style - OD    - OpenDrain
          - PU    - Pullup
          - KPR   - Keeper
          - S     - SchmittTrigger
          - DG    - DataGate
Reg Use   - LATCH - Transparent latch
          - DFF   - D-flip-flop
          - DEFF  - D-flip-flop with clock enable
          - TFF   - T-flip-flop
          - TDFF  - Dual-edge-triggered T-flip-flop
          - DDFF  - Dual-edge-triggered flip-flop
          - DDEFF - Dual-edge-triggered flip-flop with clock enable
          /S (after any above flop/latch type) indicates initial state is Set
**************************  Function Block Details  ************************
Legend:
Total Pt     - Total product terms used by the macrocell signal
Loc          - Location where logic was mapped in device
Pin Type/Use - I  - Input             GCK - Global clock
               O  - Output            GTS - Global Output Enable
              (b) - Buried macrocell  GSR - Global Set/Reset
              VRF - Vref
Pin No.      - ~  - User Assigned
*********************************** FB1  ***********************************
This function block is part of I/O Bank number:               2
Number of function block inputs used/remaining:               15/25
Number of function block control terms used/remaining:        0/4
Number of PLA product terms used/remaining:                   15/41
Signal                        Total Loc     Pin  Pin     Pin   CTC CTR CTS CTE
Name                          Pt            No.  Type    Use   
D0                            0     FB1_1   38   I/O     I                 
DATAOUTL                      1     FB1_2   37   I/O     O                 
DATAOUTR                      1     FB1_3   36   I/O     O                 
D7                            1     FB1_4        (b)     (b)               
D6                            1     FB1_5        (b)     (b)               
D5                            1     FB1_6        (b)     (b)               
D4                            1     FB1_7        (b)     (b)               
D3                            1     FB1_8        (b)     (b)               
DA10                          1     FB1_9   34   GTS/I/O (b)               
DA1                           1     FB1_10  33   GTS/I/O (b)               
DA0                           1     FB1_11  32   GTS/I/O (b)               
D9                            1     FB1_12  31   GTS/I/O (b)               
D8                            1     FB1_13  30   GSR/I/O (b)               
D2                            1     FB1_14       (b)     (b)               
D10                           1     FB1_15       (b)     (b)               
D1                            1     FB1_16       (b)     (b)               

Signals Used by Logic in Function Block
  1: D0                 6: D4                11: D9 
  2: D1                 7: D5                12: DA0 
  3: D10                8: D6                13: DA10 
  4: D2                 9: D7                14: DA9 
  5: D3                10: D8                15: DATAOUTL 

Signal                     1         2         3         4 FB      
Name             0----+----0----+----0----+----0----+----0 Inputs  
DATAOUTL          ..X..................................... 1       
DATAOUTR          ............X........................... 1       
D7                .......X................................ 1       
D6                ......X................................. 1       
D5                .....X.................................. 1       
D4                ....X................................... 1       
D3                ...X.................................... 1       
DA10              .............X.......................... 1       
DA1               ...........X............................ 1       
DA0               ..............X......................... 1       
D9                .........X.............................. 1       
D8                ........X............................... 1       
D2                .X...................................... 1       
D10               ..........X............................. 1       
D1                X....................................... 1       
                 0----+----1----+----2----+----3----+----4
                           0         0         0         0
*********************************** FB2  ***********************************
This function block is part of I/O Bank number:               1
Number of function block inputs used/remaining:               10/30
Number of function block control terms used/remaining:        0/4
Number of PLA product terms used/remaining:                   10/46
Signal                        Total Loc     Pin  Pin     Pin   CTC CTR CTS CTE
Name                          Pt            No.  Type    Use   
CLKOUT                        1     FB2_1   39   I/O     O                 
LEOUT                         1     FB2_2   40   I/O     O                 
DA8                           1     FB2_3        (b)     (b)               
DA7                           1     FB2_4        (b)     (b)               
(unused)                      0     FB2_5   41   I/O     I     
(unused)                      0     FB2_6   42   I/O           
(unused)                      0     FB2_7   43   GCK/I/O GCK/I 
(unused)                      0     FB2_8   44   GCK/I/O       
DA6                           1     FB2_9        (b)     (b)               
(unused)                      0     FB2_10  1    GCK/I/O       
DA5                           1     FB2_11       (b)     (b)               
(unused)                      0     FB2_12  2    I/O           
DA9                           1     FB2_13  3    I/O     (b)               
DA4                           1     FB2_14       (b)     (b)               
DA3                           1     FB2_15       (b)     (b)               
DA2                           1     FB2_16       (b)     (b)               

Signals Used by Logic in Function Block
  1: BCK                5: DA4                8: DA7 
  2: DA1                6: DA5                9: DA8 
  3: DA2                7: DA6               10: LRCK 
  4: DA3              

Signal                     1         2         3         4 FB      
Name             0----+----0----+----0----+----0----+----0 Inputs  
CLKOUT            X....................................... 1       
LEOUT             .........X.............................. 1       
DA8               .......X................................ 1       
DA7               ......X................................. 1       
DA6               .....X.................................. 1       
DA5               ....X................................... 1       
DA9               ........X............................... 1       
DA4               ...X.................................... 1       
DA3               ..X..................................... 1       
DA2               .X...................................... 1       
                 0----+----1----+----2----+----3----+----4
                           0         0         0         0
*********************************** FB3  ***********************************
This function block is part of I/O Bank number:               2
Number of function block inputs used/remaining:               0/40
Number of function block control terms used/remaining:        0/4
Number of PLA product terms used/remaining:                   0/56
Signal                        Total Loc     Pin  Pin     Pin   CTC CTR CTS CTE
Name                          Pt            No.  Type    Use   
(unused)                      0     FB3_1   29   I/O           
(unused)                      0     FB3_2   28   I/O           
(unused)                      0     FB3_3   27   I/O           
(unused)                      0     FB3_4        (b)           
(unused)                      0     FB3_5        (b)           
(unused)                      0     FB3_6   23   I/O           
(unused)                      0     FB3_7        (b)           
(unused)                      0     FB3_8        (b)           
(unused)                      0     FB3_9        (b)           
(unused)                      0     FB3_10  22   I/O           
(unused)                      0     FB3_11  21   I/O           
(unused)                      0     FB3_12  20   I/O           
(unused)                      0     FB3_13       (b)           
(unused)                      0     FB3_14  19   I/O           
(unused)                      0     FB3_15  18   I/O           
(unused)                      0     FB3_16       (b)           
*********************************** FB4  ***********************************
This function block is part of I/O Bank number:               1
Number of function block inputs used/remaining:               0/40
Number of function block control terms used/remaining:        0/4
Number of PLA product terms used/remaining:                   0/56
Signal                        Total Loc     Pin  Pin     Pin   CTC CTR CTS CTE
Name                          Pt            No.  Type    Use   
(unused)                      0     FB4_1   5    I/O           
(unused)                      0     FB4_2   6    I/O           
(unused)                      0     FB4_3        (b)           
(unused)                      0     FB4_4        (b)           
(unused)                      0     FB4_5        (b)           
(unused)                      0     FB4_6        (b)           
(unused)                      0     FB4_7   8    I/O           
(unused)                      0     FB4_8        (b)           
(unused)                      0     FB4_9        (b)           
(unused)                      0     FB4_10       (b)           
(unused)                      0     FB4_11  12   I/O           
(unused)                      0     FB4_12       (b)           
(unused)                      0     FB4_13  13   I/O           
(unused)                      0     FB4_14  14   I/O           
(unused)                      0     FB4_15  16   I/O           
(unused)                      0     FB4_16       (b)           
*******************************  Equations  ********************************

********** Mapped Logic **********


CLKOUT <= BCK;

FDCPE_D0: FDCPE port map (D0,DATAIN,BCK,'0','0','1');

FDCPE_D10: FDCPE port map (D10,D9,BCK,'0','0','1');

FDCPE_D1: FDCPE port map (D1,D0,BCK,'0','0','1');

FDCPE_D2: FDCPE port map (D2,D1,BCK,'0','0','1');

FDCPE_D3: FDCPE port map (D3,D2,BCK,'0','0','1');

FDCPE_D4: FDCPE port map (D4,D3,BCK,'0','0','1');

FDCPE_D5: FDCPE port map (D5,D4,BCK,'0','0','1');

FDCPE_D6: FDCPE port map (D6,D5,BCK,'0','0','1');

FDCPE_D7: FDCPE port map (D7,D6,BCK,'0','0','1');

FDCPE_D8: FDCPE port map (D8,D7,BCK,'0','0','1');

FDCPE_D9: FDCPE port map (D9,D8,BCK,'0','0','1');

FDCPE_DA0: FDCPE port map (DA0,DATAOUTL,BCK,'0','0','1');

FDCPE_DA10: FDCPE port map (DA10,DA9,BCK,'0','0','1');

FDCPE_DA1: FDCPE port map (DA1,DA0,BCK,'0','0','1');

FDCPE_DA2: FDCPE port map (DA2,DA1,BCK,'0','0','1');

FDCPE_DA3: FDCPE port map (DA3,DA2,BCK,'0','0','1');

FDCPE_DA4: FDCPE port map (DA4,DA3,BCK,'0','0','1');

FDCPE_DA5: FDCPE port map (DA5,DA4,BCK,'0','0','1');

FDCPE_DA6: FDCPE port map (DA6,DA5,BCK,'0','0','1');

FDCPE_DA7: FDCPE port map (DA7,DA6,BCK,'0','0','1');

FDCPE_DA8: FDCPE port map (DA8,DA7,BCK,'0','0','1');

FDCPE_DA9: FDCPE port map (DA9,DA8,BCK,'0','0','1');

FDCPE_DATAOUTL: FDCPE port map (DATAOUTL,D10,BCK,'0','0','1');

FDCPE_DATAOUTR: FDCPE port map (DATAOUTR,DA10,BCK,'0','0','1');


LEOUT <= LRCK;


Register Legend:
 FDCPE (Q,D,C,CLR,PRE,CE); 
 FDDCPE (Q,D,C,CLR,PRE,CE); 
 FTCPE (Q,D,C,CLR,PRE,CE); 
 FTDCPE (Q,D,C,CLR,PRE,CE); 
 LDCP  (Q,D,G,CLR,PRE); 

******************************  Device Pin Out *****************************

Device : XC2C64A-5-VQ44


   --------------------------------  
  /44 43 42 41 40 39 38 37 36 35 34 \
 | 1                             33 | 
 | 2                             32 | 
 | 3                             31 | 
 | 4                             30 | 
 | 5         XC2C64A-5-VQ44      29 | 
 | 6                             28 | 
 | 7                             27 | 
 | 8                             26 | 
 | 9                             25 | 
 | 10                            24 | 
 | 11                            23 | 
 \ 12 13 14 15 16 17 18 19 20 21 22 /
   --------------------------------  


Pin Signal                         Pin Signal                        
No. Name                           No. Name                          
  1 KPR                              23 KPR                           
  2 KPR                              24 TDO                           
  3 KPR                              25 GND                           
  4 GND                              26 VCCIO-1.8                     
  5 KPR                              27 KPR                           
  6 KPR                              28 KPR                           
  7 VCCIO-1.8                        29 KPR                           
  8 KPR                              30 KPR                           
  9 TDI                              31 KPR                           
 10 TMS                              32 KPR                           
 11 TCK                              33 KPR                           
 12 KPR                              34 KPR                           
 13 KPR                              35 VCCAUX                        
 14 KPR                              36 DATAOUTR                      
 15 VCC                              37 DATAOUTL                      
 16 KPR                              38 DATAIN                        
 17 GND                              39 CLKOUT                        
 18 KPR                              40 LEOUT                         
 19 KPR                              41 LRCK                          
 20 KPR                              42 KPR                           
 21 KPR                              43 BCK                           
 22 KPR                              44 KPR                           


Legend :  NC  = Not Connected, unbonded pin
        PGND  = Unused I/O configured as additional Ground pin
         KPR  = Unused I/O with weak keeper (leave unconnected)
         WPU  = Unused I/O with weak pull up (leave unconnected)
         TIE  = Unused I/O floating -- must tie to VCC, GND or other signal
         VCC  = Dedicated Power Pin
      VCCAUX  = Power supply for JTAG pins
   VCCIO-3.3  = I/O supply voltage for LVTTL, LVCMOS33, SSTL3_I
   VCCIO-2.5  = I/O supply voltage for LVCMOS25, SSTL2_I
   VCCIO-1.8  = I/O supply voltage for LVCMOS18
   VCCIO-1.5  = I/O supply voltage for LVCMOS15, HSTL_I
        VREF  = Reference voltage for indicated input standard
       *VREF  = Reference voltage pin selected by software
         GND  = Dedicated Ground Pin
         TDI  = Test Data In, JTAG pin
         TDO  = Test Data Out, JTAG pin
         TCK  = Test Clock, JTAG pin
         TMS  = Test Mode Select, JTAG pin
  PROHIBITED  = User reserved pin
****************************  Compiler Options  ****************************

Following is a list of all global compiler options used by the fitter run.

Device(s) Specified                         : xc2c64a-5-VQ44
Optimization Method                         : DENSITY
Multi-Level Logic Optimization              : ON
Ignore Timing Specifications                : OFF
Default Register Power Up Value             : LOW
Keep User Location Constraints              : ON
What-You-See-Is-What-You-Get                : OFF
Exhaustive Fitting                          : OFF
Keep Unused Inputs                          : OFF
Slew Rate                                   : FAST
Set Unused I/O Pin Termination              : KEEPER
Global Clock Optimization                   : ON
Global Set/Reset Optimization               : ON
Global Ouput Enable Optimization            : ON
Enable Input Registers                      : ON
Function Block Fan-in Limit                 : 38
Use DATA_GATE Attribute                     : ON
Set Tristate Outputs to Termination Mode    : KEEPER
Default Voltage Standard for All Outputs    : LVCMOS18
Input Limit                                 : 32
Pterm Limit                                 : 28
